Stack trace:
#0 /Applications/MAMP/htdocs/yii-1.1.14.f0fee9/framework/web/CBaseController.php(172): PageController->createWidget()
#1 /Applications/MAMP/htdocs/protected/views/page/_intermodal.php(244): PageController->widget()
#2 /Applications/MAMP/htdocs/yii-1.1.14.f0fee9/framework/web/CBaseController.php(126): require()
#3 /Applications/MAMP/htdocs/yii-1.1.14.f0fee9/framework/web/CBaseController.php(95): PageController->renderInternal()
#4 /Applications/MAMP/htdocs/yii-1.1.14.f0fee9/framework/web/CController.php(869): PageController->renderFile()
#5 /Applications/MAMP/htdocs/protected/views/page/_form.php(131): PageController->renderPartial()
#6 /Applications/MAMP/htdocs/yii-1.1.14.f0fee9/framework/web/CBaseController.php(126): require()
#7 /Applications/MAMP/htdocs/yii-1.1.14.f0fee9/framework/web/CBaseController.php(95): PageController->renderInternal()
#8 /Applications/MAMP/htdocs/yii-1.1.14.f0fee9/framework/web/CController.php(869): PageController->renderFile()
#9 /Applications/MAMP/htdocs/yii-1.1.14.f0fee9/framework/web/CController.php(782): PageController->renderPartial()
#10 /Applications/MAMP/htdocs/protected/controllers/PageController.php(353): PageController->render()
#11 /Applications/MAMP/htdocs/yii-1.1.14.f0fee9/framework/web/actions/CInlineAction.php(49): PageController->actionUpdate()
#12 /Applications/MAMP/htdocs/yii-1.1.14.f0fee9/framework/web/CController.php(308): CInlineAction->runWithParams()
#13 /Applications/MAMP/htdocs/yii-1.1.14.f0fee9/framework/web/filters/CFilterChain.php(133): PageController->runAction()
#14 /Applications/MAMP/htdocs/yii-1.1.14.f0fee9/framework/web/filters/CFilter.php(40): CFilterChain->run()
#15 /Applications/MAMP/htdocs/yii-1.1.14.f0fee9/framework/web/CController.php(1145): CAccessControlFilter->filter()
#16 /Applications/MAMP/htdocs/yii-1.1.14.f0fee9/framework/web/filters/CInlineFilter.php(58): PageController->filterAccessControl()
#17 /Applications/MAMP/htdocs/yii-1.1.14.f0fee9/framework/web/filters/CFilterChain.php(130): CInlineFilter->filter()
#18 /Applications/MAMP/htdocs/yii-1.1.14.f0fee9/framework/web/CController.php(291): CFilterChain->run()
#19 /Applications/MAMP/htdocs/yii-1.1.14.f0fee9/framework/web/CController.php(265): PageController->runActionWithFilters()
#20 /Applications/MAMP/htdocs/yii-1.1.14.f0fee9/framework/web/CWebApplication.php(282): PageController->run()
#21 /Applications/MAMP/htdocs/yii-1.1.14.f0fee9/framework/web/CWebApplication.php(141): CWebApplication->runController()
#22 /Applications/MAMP/htdocs/yii-1.1.14.f0fee9/framework/base/CApplication.php(180): CWebApplication->processRequest()
#23 /Applications/MAMP/htdocs/index.php(18): CWebApplication->run()
REQUEST_URI=/page/update?id=1153
2019/06/18 06:08:21 [error] [exception.CException] CException: Property "MRecentStudent.region_graphic" is not defined. in /Applications/MAMP/htdocs/yii-1.1.14.f0fee9/framework/base/CComponent.php:173
Stack trace:
#0 /Applications/MAMP/htdocs/yii-1.1.14.f0fee9/framework/db/ar/CActiveRecord.php(161): CComponent->__set('region_graphic', NULL)
#1 /Applications/MAMP/htdocs/protected/controllers/PageController.php(139): CActiveRecord->__set('region_graphic', NULL)
#2 /Applications/MAMP/htdocs/yii-1.1.14.f0fee9/framework/web/actions/CInlineAction.php(49): PageController->actionUpdate()
#3 /Applications/MAMP/htdocs/yii-1.1.14.f0fee9/framework/web/CController.php(308): CInlineAction->runWithParams(Array)
#4 /Applications/MAMP/htdocs/yii-1.1.14.f0fee9/framework/web/filters/CFilterChain.php(133): CController->runAction(Object(CInlineAction))
#5 /Applications/MAMP/htdocs/yii-1.1.14.f0fee9/framework/web/filters/CFilter.php(40): CFilterChain->run()
#6 /Applications/MAMP/htdocs/yii-1.1.14.f0fee9/framework/web/CController.php(1145): CFilter->filter(Object(CFilterChain))
#7 /Applications/MAMP/htdocs/yii-1.1.14.f0fee9/framework/web/filters/CInlineFilter.php(58): CController->filterAccessControl(Object(CFilterChain))
#8 /Applications/MAMP/htdocs/yii-1.1.14.f0fee9/framework/web/filters/CFilterChain.php(130): CInlineFilter->filter(Object(CFilterChain))
#9 /Applications/MAMP/htdocs/yii-1.1.14.f0fee9/framework/web/CController.php(291): CFilterChain->run()
#10 /Applications/MAMP/htdocs/yii-1.1.14.f0fee9/framework/web/CController.php(265): CController->runActionWithFilters(Object(CInlineAction), Array)
#11 /Applications/MAMP/htdocs/yii-1.1.14.f0fee9/framework/web/CWebApplication.php(282): CController->run('update')
#12 /Applications/MAMP/htdocs/yii-1.1.14.f0fee9/framework/web/CWebApplication.php(141): CWebApplication->runController('page/update')
#13 /Applications/MAMP/htdocs/yii-1.1.14.f0fee9/framework/base/CApplication.php(180): CWebApplication->processRequest()
#14 /Applications/MAMP/htdocs/index.php(18): CApplication->run()
#15 {main}
REQUEST_URI=/page/update?id=1155
HTTP_REFERER=http://localhost:8888/page/update?id=1155
---
2019/06/18 06:23:07 [error] [php] Undefined variable: directory (/Applications/MAMP/htdocs/protected/views/landingpages/intermodal.php:68)
Stack trace:
#0 /Applications/MAMP/htdocs/yii-1.1.14.f0fee9/framework/web/CController.php(869): LandingpagesController->renderFile()
#1 /Applications/MAMP/htdocs/yii-1.1.14.f0fee9/framework/web/CController.php(782): LandingpagesController->renderPartial()
#2 /Applications/MAMP/htdocs/protected/controllers/LandingpagesController.php(432): LandingpagesController->render()
#3 unknown(0): LandingpagesController->actionIndex()
#4 /Applications/MAMP/htdocs/yii-1.1.14.f0fee9/framework/web/actions/CAction.php(108): ReflectionMethod->invokeArgs()
#5 /Applications/MAMP/htdocs/yii-1.1.14.f0fee9/framework/web/actions/CInlineAction.php(47): CInlineAction->runWithParamsInternal()
#6 /Applications/MAMP/htdocs/yii-1.1.14.f0fee9/framework/web/CController.php(308): CInlineAction->runWithParams()
#7 /Applications/MAMP/htdocs/yii-1.1.14.f0fee9/framework/web/CController.php(286): LandingpagesController->runAction()
#8 /Applications/MAMP/htdocs/yii-1.1.14.f0fee9/framework/web/CController.php(265): LandingpagesController->runActionWithFilters()
#9 /Applications/MAMP/htdocs/yii-1.1.14.f0fee9/framework/web/CWebApplication.php(282): LandingpagesController->run()
#10 /Applications/MAMP/htdocs/yii-1.1.14.f0fee9/framework/web/CWebApplication.php(141): CWebApplication->runController()
#11 /Applications/MAMP/htdocs/yii-1.1.14.f0fee9/framework/base/CApplication.php(180): CWebApplication->processRequest()
#12 /Applications/MAMP/htdocs/index.php(18): CWebApplication->run()
REQUEST_URI=/landing-pages/systemtrans/drive-like-you-mean-it?no-track
2019/06/18 06:28:40 [error] [exception.ParseError] ParseError: syntax error, unexpected 'if' (T_IF) in /Applications/MAMP/htdocs/protected/views/landingpages/intermodal.php:48
Stack trace:
#0 /Applications/MAMP/htdocs/yii-1.1.14.f0fee9/framework/web/CBaseController.php(95): CBaseController->renderInternal('/Applications/M...', Array, true)
#1 /Applications/MAMP/htdocs/yii-1.1.14.f0fee9/framework/web/CController.php(869): CBaseController->renderFile('/Applications/M...', Array, true)
#2 /Applications/MAMP/htdocs/yii-1.1.14.f0fee9/framework/web/CController.php(782): CController->renderPartial('intermodal', Array, true)
#3 /Applications/MAMP/htdocs/protected/controllers/LandingpagesController.php(432): CController->render('intermodal', Array)
#4 [internal function]: LandingpagesController->actionIndex('systemtrans/dri...')
#5 /Applications/MAMP/htdocs/yii-1.1.14.f0fee9/framework/web/actions/CAction.php(108): ReflectionMethod->invokeArgs(Object(LandingpagesController), Array)
#6 /Applications/MAMP/htdocs/yii-1.1.14.f0fee9/framework/web/actions/CInlineAction.php(47): CAction->runWithParamsInternal(Object(LandingpagesController), Object(ReflectionMethod), Array)
#7 /Applications/MAMP/htdocs/yii-1.1.14.f0fee9/framework/web/CController.php(308): CInlineAction->runWithParams(Array)
#8 /Applications/MAMP/htdocs/yii-1.1.14.f0fee9/framework/web/CController.php(286): CController->runAction(Object(CInlineAction))
#9 /Applications/MAMP/htdocs/yii-1.1.14.f0fee9/framework/web/CController.php(265): CController->runActionWithFilters(Object(CInlineAction), Array)
#10 /Applications/MAMP/htdocs/yii-1.1.14.f0fee9/framework/web/CWebApplication.php(282): CController->run('index')
#11 /Applications/MAMP/htdocs/yii-1.1.14.f0fee9/framework/web/CWebApplication.php(141): CWebApplication->runController('landingpages/in...')
#12 /Applications/MAMP/htdocs/yii-1.1.14.f0fee9/framework/base/CApplication.php(180): CWebApplication->processRequest()
#13 /Applications/MAMP/htdocs/index.php(18): CApplication->run()
#14 {main}
REQUEST_URI=/landing-pages/systemtrans/drive-like-you-mean-it?no-track
---
2019/06/18 06:34:11 [error] [php] Undefined index: h_b_9 (/Applications/MAMP/htdocs/protected/controllers/PageController.php:494)
Stack trace:
#0 /Applications/MAMP/htdocs/yii-1.1.14.f0fee9/framework/web/filters/CFilterChain.php(133): PageController->runAction()
#1 /Applications/MAMP/htdocs/yii-1.1.14.f0fee9/framework/web/filters/CFilter.php(40): CFilterChain->run()
#2 /Applications/MAMP/htdocs/yii-1.1.14.f0fee9/framework/web/CController.php(1145): CAccessControlFilter->filter()
#3 /Applications/MAMP/htdocs/yii-1.1.14.f0fee9/framework/web/filters/CInlineFilter.php(58): PageController->filterAccessControl()
#4 /Applications/MAMP/htdocs/yii-1.1.14.f0fee9/framework/web/filters/CFilterChain.php(130): CInlineFilter->filter()
#5 /Applications/MAMP/htdocs/yii-1.1.14.f0fee9/framework/web/CController.php(291): CFilterChain->run()
#6 /Applications/MAMP/htdocs/yii-1.1.14.f0fee9/framework/web/CController.php(265): PageController->runActionWithFilters()
#7 /Applications/MAMP/htdocs/yii-1.1.14.f0fee9/framework/web/CWebApplication.php(282): PageController->run()
#8 /Applications/MAMP/htdocs/yii-1.1.14.f0fee9/framework/web/CWebApplication.php(141): CWebApplication->runController()
#9 /Applications/MAMP/htdocs/yii-1.1.14.f0fee9/framework/base/CApplication.php(180): CWebApplication->processRequest()
#10 /Applications/MAMP/htdocs/index.php(18): CWebApplication->run()
REQUEST_URI=/page/duplicate?id=1153
2019/06/18 06:44:39 [error] [php] Trying to get property 'template_type' of non-object (/Applications/MAMP/htdocs/protected/controllers/PageController.php:311)
Stack trace:
#0 /Applications/MAMP/htdocs/yii-1.1.14.f0fee9/framework/web/filters/CFilterChain.php(133): PageController->runAction()
#1 /Applications/MAMP/htdocs/yii-1.1.14.f0fee9/framework/web/filters/CFilter.php(40): CFilterChain->run()
#2 /Applications/MAMP/htdocs/yii-1.1.14.f0fee9/framework/web/CController.php(1145): CAccessControlFilter->filter()
#3 /Applications/MAMP/htdocs/yii-1.1.14.f0fee9/framework/web/filters/CInlineFilter.php(58): PageController->filterAccessControl()
#4 /Applications/MAMP/htdocs/yii-1.1.14.f0fee9/framework/web/filters/CFilterChain.php(130): CInlineFilter->filter()
#5 /Applications/MAMP/htdocs/yii-1.1.14.f0fee9/framework/web/CController.php(291): CFilterChain->run()
#6 /Applications/MAMP/htdocs/yii-1.1.14.f0fee9/framework/web/CController.php(265): PageController->runActionWithFilters()
#7 /Applications/MAMP/htdocs/yii-1.1.14.f0fee9/framework/web/CWebApplication.php(282): PageController->run()
#8 /Applications/MAMP/htdocs/yii-1.1.14.f0fee9/framework/web/CWebApplication.php(141): CWebApplication->runController()
#9 /Applications/MAMP/htdocs/yii-1.1.14.f0fee9/framework/base/CApplication.php(180): CWebApplication->processRequest()
#10 /Applications/MAMP/htdocs/index.php(18): CWebApplication->run()
REQUEST_URI=/page/update?id=1155
2019/06/18 06:51:00 [error] [php] Undefined index: lat (/Applications/MAMP/htdocs/protected/controllers/PageController.php:263)
Stack trace:
#0 /Applications/MAMP/htdocs/yii-1.1.14.f0fee9/framework/web/filters/CFilterChain.php(133): PageController->runAction()
#1 /Applications/MAMP/htdocs/yii-1.1.14.f0fee9/framework/web/filters/CFilter.php(40): CFilterChain->run()
#2 /Applications/MAMP/htdocs/yii-1.1.14.f0fee9/framework/web/CController.php(1145): CAccessControlFilter->filter()
#3 /Applications/MAMP/htdocs/yii-1.1.14.f0fee9/framework/web/filters/CInlineFilter.php(58): PageController->filterAccessControl()
#4 /Applications/MAMP/htdocs/yii-1.1.14.f0fee9/framework/web/filters/CFilterChain.php(130): CInlineFilter->filter()
#5 /Applications/MAMP/htdocs/yii-1.1.14.f0fee9/framework/web/CController.php(291): CFilterChain->run()
#6 /Applications/MAMP/htdocs/yii-1.1.14.f0fee9/framework/web/CController.php(265): PageController->runActionWithFilters()
#7 /Applications/MAMP/htdocs/yii-1.1.14.f0fee9/framework/web/CWebApplication.php(282): PageController->run()
#8 /Applications/MAMP/htdocs/yii-1.1.14.f0fee9/framework/web/CWebApplication.php(141): CWebApplication->runController()
#9 /Applications/MAMP/htdocs/yii-1.1.14.f0fee9/framework/base/CApplication.php(180): CWebApplication->processRequest()
#10 /Applications/MAMP/htdocs/index.php(18): CWebApplication->run()
REQUEST_URI=/page/update?id=1153
2019/06/18 06:54:51 [error] [php] Undefined index: lat (/Applications/MAMP/htdocs/protected/controllers/PageController.php:263)
Stack trace:
#0 /Applications/MAMP/htdocs/yii-1.1.14.f0fee9/framework/web/filters/CFilterChain.php(133): PageController->runAction()
#1 /Applications/MAMP/htdocs/yii-1.1.14.f0fee9/framework/web/filters/CFilter.php(40): CFilterChain->run()
#2 /Applications/MAMP/htdocs/yii-1.1.14.f0fee9/framework/web/CController.php(1145): CAccessControlFilter->filter()
#3 /Applications/MAMP/htdocs/yii-1.1.14.f0fee9/framework/web/filters/CInlineFilter.php(58): PageController->filterAccessControl()
#4 /Applications/MAMP/htdocs/yii-1.1.14.f0fee9/framework/web/filters/CFilterChain.php(130): CInlineFilter->filter()
#5 /Applications/MAMP/htdocs/yii-1.1.14.f0fee9/framework/web/CController.php(291): CFilterChain->run()
#6 /Applications/MAMP/htdocs/yii-1.1.14.f0fee9/framework/web/CController.php(265): PageController->runActionWithFilters()
#7 /Applications/MAMP/htdocs/yii-1.1.14.f0fee9/framework/web/CWebApplication.php(282): PageController->run()
#8 /Applications/MAMP/htdocs/yii-1.1.14.f0fee9/framework/web/CWebApplication.php(141): CWebApplication->runController()
#9 /Applications/MAMP/htdocs/yii-1.1.14.f0fee9/framework/base/CApplication.php(180): CWebApplication->processRequest()
#10 /Applications/MAMP/htdocs/index.php(18): CWebApplication->run()
REQUEST_URI=/page/update?id=1153
2019/06/18 06:55:57 [error] [php] Undefined index: lat (/Applications/MAMP/htdocs/protected/controllers/PageController.php:263)
Stack trace:
#0 /Applications/MAMP/htdocs/yii-1.1.14.f0fee9/framework/web/filters/CFilterChain.php(133): PageController->runAction()
#1 /Applications/MAMP/htdocs/yii-1.1.14.f0fee9/framework/web/filters/CFilter.php(40): CFilterChain->run()
#2 /Applications/MAMP/htdocs/yii-1.1.14.f0fee9/framework/web/CController.php(1145): CAccessControlFilter->filter()
#3 /Applications/MAMP/htdocs/yii-1.1.14.f0fee9/framework/web/filters/CInlineFilter.php(58): PageController->filterAccessControl()
#4 /Applications/MAMP/htdocs/yii-1.1.14.f0fee9/framework/web/filters/CFilterChain.php(130): CInlineFilter->filter()
#5 /Applications/MAMP/htdocs/yii-1.1.14.f0fee9/framework/web/CController.php(291): CFilterChain->run()
#6 /Applications/MAMP/htdocs/yii-1.1.14.f0fee9/framework/web/CController.php(265): PageController->runActionWithFilters()
#7 /Applications/MAMP/htdocs/yii-1.1.14.f0fee9/framework/web/CWebApplication.php(282): PageController->run()
#8 /Applications/MAMP/htdocs/yii-1.1.14.f0fee9/framework/web/CWebApplication.php(141): CWebApplication->runController()
#9 /Applications/MAMP/htdocs/yii-1.1.14.f0fee9/framework/base/CApplication.php(180): CWebApplication->processRequest()
#10 /Applications/MAMP/htdocs/index.php(18): CWebApplication->run()
REQUEST_URI=/page/update?id=1153
2019/06/18 06:56:57 [error] [php] Undefined index: lat (/Applications/MAMP/htdocs/protected/controllers/PageController.php:263)
Stack trace:
#0 /Applications/MAMP/htdocs/yii-1.1.14.f0fee9/framework/web/filters/CFilterChain.php(133): PageController->runAction()
#1 /Applications/MAMP/htdocs/yii-1.1.14.f0fee9/framework/web/filters/CFilter.php(40): CFilterChain->run()
#2 /Applications/MAMP/htdocs/yii-1.1.14.f0fee9/framework/web/CController.php(1145): CAccessControlFilter->filter()
#3 /Applications/MAMP/htdocs/yii-1.1.14.f0fee9/framework/web/filters/CInlineFilter.php(58): PageController->filterAccessControl()
#4 /Applications/MAMP/htdocs/yii-1.1.14.f0fee9/framework/web/filters/CFilterChain.php(130): CInlineFilter->filter()
#5 /Applications/MAMP/htdocs/yii-1.1.14.f0fee9/framework/web/CController.php(291): CFilterChain->run()
#6 /Applications/MAMP/htdocs/yii-1.1.14.f0fee9/framework/web/CController.php(265): PageController->runActionWithFilters()
#7 /Applications/MAMP/htdocs/yii-1.1.14.f0fee9/framework/web/CWebApplication.php(282): PageController->run()
#8 /Applications/MAMP/htdocs/yii-1.1.14.f0fee9/framework/web/CWebApplication.php(141): CWebApplication->runController()
#9 /Applications/MAMP/htdocs/yii-1.1.14.f0fee9/framework/base/CApplication.php(180): CWebApplication->processRequest()
#10 /Applications/MAMP/htdocs/index.php(18): CWebApplication->run()
REQUEST_URI=/page/update?id=1153
2019/06/18 06:58:21 [error] [php] Undefined index: lat (/Applications/MAMP/htdocs/protected/controllers/PageController.php:263)
Stack trace:
#0 /Applications/MAMP/htdocs/yii-1.1.14.f0fee9/framework/web/filters/CFilterChain.php(133): PageController->runAction()
#1 /Applications/MAMP/htdocs/yii-1.1.14.f0fee9/framework/web/filters/CFilter.php(40): CFilterChain->run()
#2 /Applications/MAMP/htdocs/yii-1.1.14.f0fee9/framework/web/CController.php(1145): CAccessControlFilter->filter()
#3 /Applications/MAMP/htdocs/yii-1.1.14.f0fee9/framework/web/filters/CInlineFilter.php(58): PageController->filterAccessControl()
#4 /Applications/MAMP/htdocs/yii-1.1.14.f0fee9/framework/web/filters/CFilterChain.php(130): CInlineFilter->filter()
#5 /Applications/MAMP/htdocs/yii-1.1.14.f0fee9/framework/web/CController.php(291): CFilterChain->run()
#6 /Applications/MAMP/htdocs/yii-1.1.14.f0fee9/framework/web/CController.php(265): PageController->runActionWithFilters()
#7 /Applications/MAMP/htdocs/yii-1.1.14.f0fee9/framework/web/CWebApplication.php(282): PageController->run()
#8 /Applications/MAMP/htdocs/yii-1.1.14.f0fee9/framework/web/CWebApplication.php(141): CWebApplication->runController()
#9 /Applications/MAMP/htdocs/yii-1.1.14.f0fee9/framework/base/CApplication.php(180): CWebApplication->processRequest()
#10 /Applications/MAMP/htdocs/index.php(18): CWebApplication->run()
REQUEST_URI=/page/update?id=1153
2019/06/18 06:59:39 [error] [php] Undefined index: lat (/Applications/MAMP/htdocs/protected/controllers/PageController.php:263)
Stack trace:
#0 /Applications/MAMP/htdocs/yii-1.1.14.f0fee9/framework/web/filters/CFilterChain.php(133): PageController->runAction()
#1 /Applications/MAMP/htdocs/yii-1.1.14.f0fee9/framework/web/filters/CFilter.php(40): CFilterChain->run()
#2 /Applications/MAMP/htdocs/yii-1.1.14.f0fee9/framework/web/CController.php(1145): CAccessControlFilter->filter()
#3 /Applications/MAMP/htdocs/yii-1.1.14.f0fee9/framework/web/filters/CInlineFilter.php(58): PageController->filterAccessControl()
#4 /Applications/MAMP/htdocs/yii-1.1.14.f0fee9/framework/web/filters/CFilterChain.php(130): CInlineFilter->filter()
#5 /Applications/MAMP/htdocs/yii-1.1.14.f0fee9/framework/web/CController.php(291): CFilterChain->run()
#6 /Applications/MAMP/htdocs/yii-1.1.14.f0fee9/framework/web/CController.php(265): PageController->runActionWithFilters()
#7 /Applications/MAMP/htdocs/yii-1.1.14.f0fee9/framework/web/CWebApplication.php(282): PageController->run()
#8 /Applications/MAMP/htdocs/yii-1.1.14.f0fee9/framework/web/CWebApplication.php(141): CWebApplication->runController()
#9 /Applications/MAMP/htdocs/yii-1.1.14.f0fee9/framework/base/CApplication.php(180): CWebApplication->processRequest()
#10 /Applications/MAMP/htdocs/index.php(18): CWebApplication->run()
REQUEST_URI=/page/update?id=1153
2019/06/18 07:00:06 [error] [php] Undefined index: lat (/Applications/MAMP/htdocs/protected/controllers/PageController.php:263)
Stack trace:
#0 /Applications/MAMP/htdocs/yii-1.1.14.f0fee9/framework/web/filters/CFilterChain.php(133): PageController->runAction()
#1 /Applications/MAMP/htdocs/yii-1.1.14.f0fee9/framework/web/filters/CFilter.php(40): CFilterChain->run()
#2 /Applications/MAMP/htdocs/yii-1.1.14.f0fee9/framework/web/CController.php(1145): CAccessControlFilter->filter()
#3 /Applications/MAMP/htdocs/yii-1.1.14.f0fee9/framework/web/filters/CInlineFilter.php(58): PageController->filterAccessControl()
#4 /Applications/MAMP/htdocs/yii-1.1.14.f0fee9/framework/web/filters/CFilterChain.php(130): CInlineFilter->filter()
#5 /Applications/MAMP/htdocs/yii-1.1.14.f0fee9/framework/web/CController.php(291): CFilterChain->run()
#6 /Applications/MAMP/htdocs/yii-1.1.14.f0fee9/framework/web/CController.php(265): PageController->runActionWithFilters()
#7 /Applications/MAMP/htdocs/yii-1.1.14.f0fee9/framework/web/CWebApplication.php(282): PageController->run()
#8 /Applications/MAMP/htdocs/yii-1.1.14.f0fee9/framework/web/CWebApplication.php(141): CWebApplication->runController()
#9 /Applications/MAMP/htdocs/yii-1.1.14.f0fee9/framework/base/CApplication.php(180): CWebApplication->processRequest()
#10 /Applications/MAMP/htdocs/index.php(18): CWebApplication->run()
REQUEST_URI=/page/update?id=1153
2019/06/18 07:02:10 [error] [php] Undefined index: lat (/Applications/MAMP/htdocs/protected/controllers/PageController.php:259)
Stack trace:
#0 /Applications/MAMP/htdocs/yii-1.1.14.f0fee9/framework/web/filters/CFilterChain.php(133): PageController->runAction()
#1 /Applications/MAMP/htdocs/yii-1.1.14.f0fee9/framework/web/filters/CFilter.php(40): CFilterChain->run()
#2 /Applications/MAMP/htdocs/yii-1.1.14.f0fee9/framework/web/CController.php(1145): CAccessControlFilter->filter()
#3 /Applications/MAMP/htdocs/yii-1.1.14.f0fee9/framework/web/filters/CInlineFilter.php(58): PageController->filterAccessControl()
#4 /Applications/MAMP/htdocs/yii-1.1.14.f0fee9/framework/web/filters/CFilterChain.php(130): CInlineFilter->filter()
#5 /Applications/MAMP/htdocs/yii-1.1.14.f0fee9/framework/web/CController.php(291): CFilterChain->run()
#6 /Applications/MAMP/htdocs/yii-1.1.14.f0fee9/framework/web/CController.php(265): PageController->runActionWithFilters()
#7 /Applications/MAMP/htdocs/yii-1.1.14.f0fee9/framework/web/CWebApplication.php(282): PageController->run()
#8 /Applications/MAMP/htdocs/yii-1.1.14.f0fee9/framework/web/CWebApplication.php(141): CWebApplication->runController()
#9 /Applications/MAMP/htdocs/yii-1.1.14.f0fee9/framework/base/CApplication.php(180): CWebApplication->processRequest()
#10 /Applications/MAMP/htdocs/index.php(18): CWebApplication->run()
REQUEST_URI=/page/update?id=1153
2019/06/18 07:03:14 [error] [php] Undefined index: lat (/Applications/MAMP/htdocs/protected/controllers/PageController.php:259)
Stack trace:
#0 /Applications/MAMP/htdocs/yii-1.1.14.f0fee9/framework/web/filters/CFilterChain.php(133): PageController->runAction()
#1 /Applications/MAMP/htdocs/yii-1.1.14.f0fee9/framework/web/filters/CFilter.php(40): CFilterChain->run()
#2 /Applications/MAMP/htdocs/yii-1.1.14.f0fee9/framework/web/CController.php(1145): CAccessControlFilter->filter()
#3 /Applications/MAMP/htdocs/yii-1.1.14.f0fee9/framework/web/filters/CInlineFilter.php(58): PageController->filterAccessControl()
#4 /Applications/MAMP/htdocs/yii-1.1.14.f0fee9/framework/web/filters/CFilterChain.php(130): CInlineFilter->filter()
#5 /Applications/MAMP/htdocs/yii-1.1.14.f0fee9/framework/web/CController.php(291): CFilterChain->run()
#6 /Applications/MAMP/htdocs/yii-1.1.14.f0fee9/framework/web/CController.php(265): PageController->runActionWithFilters()
#7 /Applications/MAMP/htdocs/yii-1.1.14.f0fee9/framework/web/CWebApplication.php(282): PageController->run()
#8 /Applications/MAMP/htdocs/yii-1.1.14.f0fee9/framework/web/CWebApplication.php(141): CWebApplication->runController()
#9 /Applications/MAMP/htdocs/yii-1.1.14.f0fee9/framework/base/CApplication.php(180): CWebApplication->processRequest()
#10 /Applications/MAMP/htdocs/index.php(18): CWebApplication->run()
REQUEST_URI=/page/update?id=1153
2019/06/18 07:04:27 [error] [php] Undefined index: lat (/Applications/MAMP/htdocs/protected/controllers/PageController.php:259)
Stack trace:
#0 /Applications/MAMP/htdocs/yii-1.1.14.f0fee9/framework/web/filters/CFilterChain.php(133): PageController->runAction()
#1 /Applications/MAMP/htdocs/yii-1.1.14.f0fee9/framework/web/filters/CFilter.php(40): CFilterChain->run()
#2 /Applications/MAMP/htdocs/yii-1.1.14.f0fee9/framework/web/CController.php(1145): CAccessControlFilter->filter()
#3 /Applications/MAMP/htdocs/yii-1.1.14.f0fee9/framework/web/filters/CInlineFilter.php(58): PageController->filterAccessControl()
#4 /Applications/MAMP/htdocs/yii-1.1.14.f0fee9/framework/web/filters/CFilterChain.php(130): CInlineFilter->filter()
#5 /Applications/MAMP/htdocs/yii-1.1.14.f0fee9/framework/web/CController.php(291): CFilterChain->run()
#6 /Applications/MAMP/htdocs/yii-1.1.14.f0fee9/framework/web/CController.php(265): PageController->runActionWithFilters()
#7 /Applications/MAMP/htdocs/yii-1.1.14.f0fee9/framework/web/CWebApplication.php(282): PageController->run()
#8 /Applications/MAMP/htdocs/yii-1.1.14.f0fee9/framework/web/CWebApplication.php(141): CWebApplication->runController()
#9 /Applications/MAMP/htdocs/yii-1.1.14.f0fee9/framework/base/CApplication.php(180): CWebApplication->processRequest()
#10 /Applications/MAMP/htdocs/index.php(18): CWebApplication->run()
REQUEST_URI=/page/update?id=1153
2019/06/18 07:05:18 [error] [php] Undefined index: lat (/Applications/MAMP/htdocs/protected/controllers/PageController.php:259)
Stack trace:
#0 /Applications/MAMP/htdocs/yii-1.1.14.f0fee9/framework/web/filters/CFilterChain.php(133): PageController->runAction()
#1 /Applications/MAMP/htdocs/yii-1.1.14.f0fee9/framework/web/filters/CFilter.php(40): CFilterChain->run()
#2 /Applications/MAMP/htdocs/yii-1.1.14.f0fee9/framework/web/CController.php(1145): CAccessControlFilter->filter()
#3 /Applications/MAMP/htdocs/yii-1.1.14.f0fee9/framework/web/filters/CInlineFilter.php(58): PageController->filterAccessControl()
#4 /Applications/MAMP/htdocs/yii-1.1.14.f0fee9/framework/web/filters/CFilterChain.php(130): CInlineFilter->filter()
#5 /Applications/MAMP/htdocs/yii-1.1.14.f0fee9/framework/web/CController.php(291): CFilterChain->run()
#6 /Applications/MAMP/htdocs/yii-1.1.14.f0fee9/framework/web/CController.php(265): PageController->runActionWithFilters()
#7 /Applications/MAMP/htdocs/yii-1.1.14.f0fee9/framework/web/CWebApplication.php(282): PageController->run()
#8 /Applications/MAMP/htdocs/yii-1.1.14.f0fee9/framework/web/CWebApplication.php(141): CWebApplication->runController()
#9 /Applications/MAMP/htdocs/yii-1.1.14.f0fee9/framework/base/CApplication.php(180): CWebApplication->processRequest()
#10 /Applications/MAMP/htdocs/index.php(18): CWebApplication->run()
REQUEST_URI=/page/update?id=1153
2019/06/18 21:13:53 [error] [php] Use of undefined constant assets - assumed 'assets' (this will throw an Error in a future version of PHP) (/Applications/MAMP/htdocs/protected/views/landingpages/intermodal.php:115)
Stack trace:
#0 /Applications/MAMP/htdocs/yii-1.1.14.f0fee9/framework/web/CController.php(869): LandingpagesController->renderFile()
#1 /Applications/MAMP/htdocs/yii-1.1.14.f0fee9/framework/web/CController.php(782): LandingpagesController->renderPartial()
#2 /Applications/MAMP/htdocs/protected/controllers/LandingpagesController.php(432): LandingpagesController->render()
#3 unknown(0): LandingpagesController->actionIndex()
#4 /Applications/MAMP/htdocs/yii-1.1.14.f0fee9/framework/web/actions/CAction.php(108): ReflectionMethod->invokeArgs()
#5 /Applications/MAMP/htdocs/yii-1.1.14.f0fee9/framework/web/actions/CInlineAction.php(47): CInlineAction->runWithParamsInternal()
#6 /Applications/MAMP/htdocs/yii-1.1.14.f0fee9/framework/web/CController.php(308): CInlineAction->runWithParams()
#7 /Applications/MAMP/htdocs/yii-1.1.14.f0fee9/framework/web/CController.php(286): LandingpagesController->runAction()
#8 /Applications/MAMP/htdocs/yii-1.1.14.f0fee9/framework/web/CController.php(265): LandingpagesController->runActionWithFilters()
#9 /Applications/MAMP/htdocs/yii-1.1.14.f0fee9/framework/web/CWebApplication.php(282): LandingpagesController->run()
#10 /Applications/MAMP/htdocs/yii-1.1.14.f0fee9/framework/web/CWebApplication.php(141): CWebApplication->runController()
#11 /Applications/MAMP/htdocs/yii-1.1.14.f0fee9/framework/base/CApplication.php(180): CWebApplication->processRequest()
#12 /Applications/MAMP/htdocs/index.php(18): CWebApplication->run()
REQUEST_URI=/landing-pages/systemtrans/drive-like-you-mean-it-version-b?no-track
2019/06/19 05:34:52 [error] [php] Undefined variable: invest_section_inner (/Applications/MAMP/htdocs/protected/views/landingpages/intermodal.php:54)
Stack trace:
#0 /Applications/MAMP/htdocs/yii-1.1.14.f0fee9/framework/web/CController.php(869): LandingpagesController->renderFile()
#1 /Applications/MAMP/htdocs/yii-1.1.14.f0fee9/framework/web/CController.php(782): LandingpagesController->renderPartial()
#2 /Applications/MAMP/htdocs/protected/controllers/LandingpagesController.php(432): LandingpagesController->render()
#3 unknown(0): LandingpagesController->actionIndex()
#4 /Applications/MAMP/htdocs/yii-1.1.14.f0fee9/framework/web/actions/CAction.php(108): ReflectionMethod->invokeArgs()
#5 /Applications/MAMP/htdocs/yii-1.1.14.f0fee9/framework/web/actions/CInlineAction.php(47): CInlineAction->runWithParamsInternal()
#6 /Applications/MAMP/htdocs/yii-1.1.14.f0fee9/framework/web/CController.php(308): CInlineAction->runWithParams()
#7 /Applications/MAMP/htdocs/yii-1.1.14.f0fee9/framework/web/CController.php(286): LandingpagesController->runAction()
#8 /Applications/MAMP/htdocs/yii-1.1.14.f0fee9/framework/web/CController.php(265): LandingpagesController->runActionWithFilters()
#9 /Applications/MAMP/htdocs/yii-1.1.14.f0fee9/framework/web/CWebApplication.php(282): LandingpagesController->run()
#10 /Applications/MAMP/htdocs/yii-1.1.14.f0fee9/framework/web/CWebApplication.php(141): CWebApplication->runController()
#11 /Applications/MAMP/htdocs/yii-1.1.14.f0fee9/framework/base/CApplication.php(180): CWebApplication->processRequest()
#12 /Applications/MAMP/htdocs/index.php(18): CWebApplication->run()
REQUEST_URI=/landing-pages/jjw/drive-like-you-mean-it?no-track
2019/06/19 05:42:56 [error] [exception.ParseError] ParseError: syntax error, unexpected '$website_url' (T_VARIABLE) in /Applications/MAMP/htdocs/protected/views/landingpages/intermodal.php:20
Stack trace:
#0 /Applications/MAMP/htdocs/yii-1.1.14.f0fee9/framework/web/CBaseController.php(95): CBaseController->renderInternal('/Applications/M...', Array, true)
#1 /Applications/MAMP/htdocs/yii-1.1.14.f0fee9/framework/web/CController.php(869): CBaseController->renderFile('/Applications/M...', Array, true)
#2 /Applications/MAMP/htdocs/yii-1.1.14.f0fee9/framework/web/CController.php(782): CController->renderPartial('intermodal', Array, true)
#3 /Applications/MAMP/htdocs/protected/controllers/LandingpagesController.php(432): CController->render('intermodal', Array)
#4 [internal function]: LandingpagesController->actionIndex('jjw/drive-like-...')
#5 /Applications/MAMP/htdocs/yii-1.1.14.f0fee9/framework/web/actions/CAction.php(108): ReflectionMethod->invokeArgs(Object(LandingpagesController), Array)
#6 /Applications/MAMP/htdocs/yii-1.1.14.f0fee9/framework/web/actions/CInlineAction.php(47): CAction->runWithParamsInternal(Object(LandingpagesController), Object(ReflectionMethod), Array)
#7 /Applications/MAMP/htdocs/yii-1.1.14.f0fee9/framework/web/CController.php(308): CInlineAction->runWithParams(Array)
#8 /Applications/MAMP/htdocs/yii-1.1.14.f0fee9/framework/web/CController.php(286): CController->runAction(Object(CInlineAction))
#9 /Applications/MAMP/htdocs/yii-1.1.14.f0fee9/framework/web/CController.php(265): CController->runActionWithFilters(Object(CInlineAction), Array)
#10 /Applications/MAMP/htdocs/yii-1.1.14.f0fee9/framework/web/CWebApplication.php(282): CController->run('index')
#11 /Applications/MAMP/htdocs/yii-1.1.14.f0fee9/framework/web/CWebApplication.php(141): CWebApplication->runController('landingpages/in...')
#12 /Applications/MAMP/htdocs/yii-1.1.14.f0fee9/framework/base/CApplication.php(180): CWebApplication->processRequest()
#13 /Applications/MAMP/htdocs/index.php(18): CApplication->run()
#14 {main}
REQUEST_URI=/landing-pages/jjw/drive-like-you-mean-it?no-track
HTTP_REFERER=http://localhost:8888/page/index
---
2019/06/19 06:15:53 [error] [exception.CException] CException: MIntermodal has an invalid validation rule. The rule must specify attributes to be validated and the validator name. in /Applications/MAMP/htdocs/yii-1.1.14.f0fee9/framework/base/CModel.php:289
Stack trace:
#0 /Applications/MAMP/htdocs/yii-1.1.14.f0fee9/framework/base/CModel.php(260): CModel->createValidators()
#1 /Applications/MAMP/htdocs/yii-1.1.14.f0fee9/framework/web/helpers/CHtml.php(2236): CModel->getValidators('referral_code')
#2 /Applications/MAMP/htdocs/yii-1.1.14.f0fee9/framework/web/helpers/CHtml.php(1434): CHtml::activeInputField('text', Object(MIntermodal), 'referral_code', Array)
#3 /Applications/MAMP/htdocs/yii-1.1.14.f0fee9/framework/web/widgets/CActiveForm.php(725): CHtml::activeTextField(Object(MIntermodal), 'referral_code', Array)
#4 /Applications/MAMP/htdocs/protected/views/page/_intermodal.php(10): CActiveForm->textField(Object(MIntermodal), 'referral_code', Array)
#5 /Applications/MAMP/htdocs/yii-1.1.14.f0fee9/framework/web/CBaseController.php(126): require('/Applications/M...')
#6 /Applications/MAMP/htdocs/yii-1.1.14.f0fee9/framework/web/CBaseController.php(95): CBaseController->renderInternal('/Applications/M...', Array, true)
#7 /Applications/MAMP/htdocs/yii-1.1.14.f0fee9/framework/web/CController.php(869): CBaseController->renderFile('/Applications/M...', Array, true)
#8 /Applications/MAMP/htdocs/protected/views/page/_form.php(131): CController->renderPartial('_intermodal', Array)
#9 /Applications/MAMP/htdocs/yii-1.1.14.f0fee9/framework/web/CBaseController.php(126): require('/Applications/M...')
#10 /Applications/MAMP/htdocs/yii-1.1.14.f0fee9/framework/web/CBaseController.php(95): CBaseController->renderInternal('/Applications/M...', Array, true)
#11 /Applications/MAMP/htdocs/yii-1.1.14.f0fee9/framework/web/CController.php(869): CBaseController->renderFile('/Applications/M...', Array, true)
#12 /Applications/MAMP/htdocs/yii-1.1.14.f0fee9/framework/web/CController.php(782): CController->renderPartial('_form', Array, true)
#13 /Applications/MAMP/htdocs/protected/controllers/PageController.php(302): CController->render('_form', Array)
#14 /Applications/MAMP/htdocs/yii-1.1.14.f0fee9/framework/web/actions/CInlineAction.php(49): PageController->actionUpdate()
#15 /Applications/MAMP/htdocs/yii-1.1.14.f0fee9/framework/web/CController.php(308): CInlineAction->runWithParams(Array)
#16 /Applications/MAMP/htdocs/yii-1.1.14.f0fee9/framework/web/filters/CFilterChain.php(133): CController->runAction(Object(CInlineAction))
#17 /Applications/MAMP/htdocs/yii-1.1.14.f0fee9/framework/web/filters/CFilter.php(40): CFilterChain->run()
#18 /Applications/MAMP/htdocs/yii-1.1.14.f0fee9/framework/web/CController.php(1145): CFilter->filter(Object(CFilterChain))
#19 /Applications/MAMP/htdocs/yii-1.1.14.f0fee9/framework/web/filters/CInlineFilter.php(58): CController->filterAccessControl(Object(CFilterChain))
#20 /Applications/MAMP/htdocs/yii-1.1.14.f0fee9/framework/web/filters/CFilterChain.php(130): CInlineFilter->filter(Object(CFilterChain))
#21 /Applications/MAMP/htdocs/yii-1.1.14.f0fee9/framework/web/CController.php(291): CFilterChain->run()
#22 /Applications/MAMP/htdocs/yii-1.1.14.f0fee9/framework/web/CController.php(265): CController->runActionWithFilters(Object(CInlineAction), Array)
#23 /Applications/MAMP/htdocs/yii-1.1.14.f0fee9/framework/web/CWebApplication.php(282): CController->run('update')
#24 /Applications/MAMP/htdocs/yii-1.1.14.f0fee9/framework/web/CWebApplication.php(141): CWebApplication->runController('page/update')
#25 /Applications/MAMP/htdocs/yii-1.1.14.f0fee9/framework/base/CApplication.php(180): CWebApplication->processRequest()
#26 /Applications/MAMP/htdocs/index.php(18): CApplication->run()
#27 {main}
REQUEST_URI=/page/update?id=1153
HTTP_REFERER=http://localhost:8888/page/index
---
2019/06/20 01:14:47 [error] [php] Undefined variable: rgba_secondary (/Applications/MAMP/htdocs/protected/views/landingpages/intermodal.php:69)
Stack trace:
#0 /Applications/MAMP/htdocs/yii-1.1.14.f0fee9/framework/web/CController.php(869): LandingpagesController->renderFile()
#1 /Applications/MAMP/htdocs/yii-1.1.14.f0fee9/framework/web/CController.php(782): LandingpagesController->renderPartial()
#2 /Applications/MAMP/htdocs/protected/controllers/LandingpagesController.php(432): LandingpagesController->render()
#3 unknown(0): LandingpagesController->actionIndex()
#4 /Applications/MAMP/htdocs/yii-1.1.14.f0fee9/framework/web/actions/CAction.php(108): ReflectionMethod->invokeArgs()
#5 /Applications/MAMP/htdocs/yii-1.1.14.f0fee9/framework/web/actions/CInlineAction.php(47): CInlineAction->runWithParamsInternal()
#6 /Applications/MAMP/htdocs/yii-1.1.14.f0fee9/framework/web/CController.php(308): CInlineAction->runWithParams()
#7 /Applications/MAMP/htdocs/yii-1.1.14.f0fee9/framework/web/CController.php(286): LandingpagesController->runAction()
#8 /Applications/MAMP/htdocs/yii-1.1.14.f0fee9/framework/web/CController.php(265): LandingpagesController->runActionWithFilters()
#9 /Applications/MAMP/htdocs/yii-1.1.14.f0fee9/framework/web/CWebApplication.php(282): LandingpagesController->run()
#10 /Applications/MAMP/htdocs/yii-1.1.14.f0fee9/framework/web/CWebApplication.php(141): CWebApplication->runController()
#11 /Applications/MAMP/htdocs/yii-1.1.14.f0fee9/framework/base/CApplication.php(180): CWebApplication->processRequest()
#12 /Applications/MAMP/htdocs/index.php(18): CWebApplication->run()
REQUEST_URI=/landing-pages/systemtrans/recent-cdl-a-drivers?no-track
2019/06/20 01:14:56 [error] [php] Undefined variable: rgba_secondary (/Applications/MAMP/htdocs/protected/views/landingpages/intermodal.php:69)
Stack trace:
#0 /Applications/MAMP/htdocs/yii-1.1.14.f0fee9/framework/web/CController.php(869): LandingpagesController->renderFile()
#1 /Applications/MAMP/htdocs/yii-1.1.14.f0fee9/framework/web/CController.php(782): LandingpagesController->renderPartial()
#2 /Applications/MAMP/htdocs/protected/controllers/LandingpagesController.php(432): LandingpagesController->render()
#3 unknown(0): LandingpagesController->actionIndex()
#4 /Applications/MAMP/htdocs/yii-1.1.14.f0fee9/framework/web/actions/CAction.php(108): ReflectionMethod->invokeArgs()
#5 /Applications/MAMP/htdocs/yii-1.1.14.f0fee9/framework/web/actions/CInlineAction.php(47): CInlineAction->runWithParamsInternal()
#6 /Applications/MAMP/htdocs/yii-1.1.14.f0fee9/framework/web/CController.php(308): CInlineAction->runWithParams()
#7 /Applications/MAMP/htdocs/yii-1.1.14.f0fee9/framework/web/CController.php(286): LandingpagesController->runAction()
#8 /Applications/MAMP/htdocs/yii-1.1.14.f0fee9/framework/web/CController.php(265): LandingpagesController->runActionWithFilters()
#9 /Applications/MAMP/htdocs/yii-1.1.14.f0fee9/framework/web/CWebApplication.php(282): LandingpagesController->run()
#10 /Applications/MAMP/htdocs/yii-1.1.14.f0fee9/framework/web/CWebApplication.php(141): CWebApplication->runController()
#11 /Applications/MAMP/htdocs/yii-1.1.14.f0fee9/framework/base/CApplication.php(180): CWebApplication->processRequest()
#12 /Applications/MAMP/htdocs/index.php(18): CWebApplication->run()
REQUEST_URI=/landing-pages/systemtrans/recent-cdl-a-drivers
2019/06/20 01:16:54 [error] [exception.ParseError] ParseError: syntax error, unexpected ':' in /Applications/MAMP/htdocs/protected/views/landingpages/intermodal.php:11
Stack trace:
#0 /Applications/MAMP/htdocs/yii-1.1.14.f0fee9/framework/web/CBaseController.php(95): CBaseController->renderInternal('/Applications/M...', Array, true)
#1 /Applications/MAMP/htdocs/yii-1.1.14.f0fee9/framework/web/CController.php(869): CBaseController->renderFile('/Applications/M...', Array, true)
#2 /Applications/MAMP/htdocs/yii-1.1.14.f0fee9/framework/web/CController.php(782): CController->renderPartial('intermodal', Array, true)
#3 /Applications/MAMP/htdocs/protected/controllers/LandingpagesController.php(432): CController->render('intermodal', Array)
#4 [internal function]: LandingpagesController->actionIndex('systemtrans/rec...')
#5 /Applications/MAMP/htdocs/yii-1.1.14.f0fee9/framework/web/actions/CAction.php(108): ReflectionMethod->invokeArgs(Object(LandingpagesController), Array)
#6 /Applications/MAMP/htdocs/yii-1.1.14.f0fee9/framework/web/actions/CInlineAction.php(47): CAction->runWithParamsInternal(Object(LandingpagesController), Object(ReflectionMethod), Array)
#7 /Applications/MAMP/htdocs/yii-1.1.14.f0fee9/framework/web/CController.php(308): CInlineAction->runWithParams(Array)
#8 /Applications/MAMP/htdocs/yii-1.1.14.f0fee9/framework/web/CController.php(286): CController->runAction(Object(CInlineAction))
#9 /Applications/MAMP/htdocs/yii-1.1.14.f0fee9/framework/web/CController.php(265): CController->runActionWithFilters(Object(CInlineAction), Array)
#10 /Applications/MAMP/htdocs/yii-1.1.14.f0fee9/framework/web/CWebApplication.php(282): CController->run('index')
#11 /Applications/MAMP/htdocs/yii-1.1.14.f0fee9/framework/web/CWebApplication.php(141): CWebApplication->runController('landingpages/in...')
#12 /Applications/MAMP/htdocs/yii-1.1.14.f0fee9/framework/base/CApplication.php(180): CWebApplication->processRequest()
#13 /Applications/MAMP/htdocs/index.php(18): CApplication->run()
#14 {main}
REQUEST_URI=/landing-pages/systemtrans/recent-cdl-a-drivers?no-track
---
2019/06/20 01:24:43 [error] [php] Use of undefined constant assets - assumed 'assets' (this will throw an Error in a future version of PHP) (/Applications/MAMP/htdocs/protected/views/landingpages/intermodal.php:66)
Stack trace:
#0 /Applications/MAMP/htdocs/yii-1.1.14.f0fee9/framework/web/CController.php(869): LandingpagesController->renderFile()
#1 /Applications/MAMP/htdocs/yii-1.1.14.f0fee9/framework/web/CController.php(782): LandingpagesController->renderPartial()
#2 /Applications/MAMP/htdocs/protected/controllers/LandingpagesController.php(432): LandingpagesController->render()
#3 unknown(0): LandingpagesController->actionIndex()
#4 /Applications/MAMP/htdocs/yii-1.1.14.f0fee9/framework/web/actions/CAction.php(108): ReflectionMethod->invokeArgs()
#5 /Applications/MAMP/htdocs/yii-1.1.14.f0fee9/framework/web/actions/CInlineAction.php(47): CInlineAction->runWithParamsInternal()
#6 /Applications/MAMP/htdocs/yii-1.1.14.f0fee9/framework/web/CController.php(308): CInlineAction->runWithParams()
#7 /Applications/MAMP/htdocs/yii-1.1.14.f0fee9/framework/web/CController.php(286): LandingpagesController->runAction()
#8 /Applications/MAMP/htdocs/yii-1.1.14.f0fee9/framework/web/CController.php(265): LandingpagesController->runActionWithFilters()
#9 /Applications/MAMP/htdocs/yii-1.1.14.f0fee9/framework/web/CWebApplication.php(282): LandingpagesController->run()
#10 /Applications/MAMP/htdocs/yii-1.1.14.f0fee9/framework/web/CWebApplication.php(141): CWebApplication->runController()
#11 /Applications/MAMP/htdocs/yii-1.1.14.f0fee9/framework/base/CApplication.php(180): CWebApplication->processRequest()
#12 /Applications/MAMP/htdocs/index.php(18): CWebApplication->run()
REQUEST_URI=/landing-pages/systemtrans/recent-cdl-a-drivers?no-track
2019/06/20 01:36:21 [error] [exception.ParseError] ParseError: syntax error, unexpected end of file in /Applications/MAMP/htdocs/protected/views/landingpages/intermodal.php:453
Stack trace:
#0 /Applications/MAMP/htdocs/yii-1.1.14.f0fee9/framework/web/CBaseController.php(95): CBaseController->renderInternal('/Applications/M...', Array, true)
#1 /Applications/MAMP/htdocs/yii-1.1.14.f0fee9/framework/web/CController.php(869): CBaseController->renderFile('/Applications/M...', Array, true)
#2 /Applications/MAMP/htdocs/yii-1.1.14.f0fee9/framework/web/CController.php(782): CController->renderPartial('intermodal', Array, true)
#3 /Applications/MAMP/htdocs/protected/controllers/LandingpagesController.php(432): CController->render('intermodal', Array)
#4 [internal function]: LandingpagesController->actionIndex('systemtrans/exp...')
#5 /Applications/MAMP/htdocs/yii-1.1.14.f0fee9/framework/web/actions/CAction.php(108): ReflectionMethod->invokeArgs(Object(LandingpagesController), Array)
#6 /Applications/MAMP/htdocs/yii-1.1.14.f0fee9/framework/web/actions/CInlineAction.php(47): CAction->runWithParamsInternal(Object(LandingpagesController), Object(ReflectionMethod), Array)
#7 /Applications/MAMP/htdocs/yii-1.1.14.f0fee9/framework/web/CController.php(308): CInlineAction->runWithParams(Array)
#8 /Applications/MAMP/htdocs/yii-1.1.14.f0fee9/framework/web/CController.php(286): CController->runAction(Object(CInlineAction))
#9 /Applications/MAMP/htdocs/yii-1.1.14.f0fee9/framework/web/CController.php(265): CController->runActionWithFilters(Object(CInlineAction), Array)
#10 /Applications/MAMP/htdocs/yii-1.1.14.f0fee9/framework/web/CWebApplication.php(282): CController->run('index')
#11 /Applications/MAMP/htdocs/yii-1.1.14.f0fee9/framework/web/CWebApplication.php(141): CWebApplication->runController('landingpages/in...')
#12 /Applications/MAMP/htdocs/yii-1.1.14.f0fee9/framework/base/CApplication.php(180): CWebApplication->processRequest()
#13 /Applications/MAMP/htdocs/index.php(18): CApplication->run()
#14 {main}
REQUEST_URI=/landing-pages/systemtrans/experience-cdl-a-drivers?no-track
---
2019/06/20 01:36:58 [error] [exception.ParseError] ParseError: syntax error, unexpected end of file in /Applications/MAMP/htdocs/protected/views/landingpages/intermodal.php:453
Stack trace:
#0 /Applications/MAMP/htdocs/yii-1.1.14.f0fee9/framework/web/CBaseController.php(95): CBaseController->renderInternal('/Applications/M...', Array, true)
#1 /Applications/MAMP/htdocs/yii-1.1.14.f0fee9/framework/web/CController.php(869): CBaseController->renderFile('/Applications/M...', Array, true)
#2 /Applications/MAMP/htdocs/yii-1.1.14.f0fee9/framework/web/CController.php(782): CController->renderPartial('intermodal', Array, true)
#3 /Applications/MAMP/htdocs/protected/controllers/LandingpagesController.php(432): CController->render('intermodal', Array)
#4 [internal function]: LandingpagesController->actionIndex('systemtrans/exp...')
#5 /Applications/MAMP/htdocs/yii-1.1.14.f0fee9/framework/web/actions/CAction.php(108): ReflectionMethod->invokeArgs(Object(LandingpagesController), Array)
#6 /Applications/MAMP/htdocs/yii-1.1.14.f0fee9/framework/web/actions/CInlineAction.php(47): CAction->runWithParamsInternal(Object(LandingpagesController), Object(ReflectionMethod), Array)
#7 /Applications/MAMP/htdocs/yii-1.1.14.f0fee9/framework/web/CController.php(308): CInlineAction->runWithParams(Array)
#8 /Applications/MAMP/htdocs/yii-1.1.14.f0fee9/framework/web/CController.php(286): CController->runAction(Object(CInlineAction))
#9 /Applications/MAMP/htdocs/yii-1.1.14.f0fee9/framework/web/CController.php(265): CController->runActionWithFilters(Object(CInlineAction), Array)
#10 /Applications/MAMP/htdocs/yii-1.1.14.f0fee9/framework/web/CWebApplication.php(282): CController->run('index')
#11 /Applications/MAMP/htdocs/yii-1.1.14.f0fee9/framework/web/CWebApplication.php(141): CWebApplication->runController('landingpages/in...')
#12 /Applications/MAMP/htdocs/yii-1.1.14.f0fee9/framework/base/CApplication.php(180): CWebApplication->processRequest()
#13 /Applications/MAMP/htdocs/index.php(18): CApplication->run()
#14 {main}
REQUEST_URI=/landing-pages/systemtrans/experience-cdl-a-drivers?no-track
---
2019/06/20 01:59:26 [error] [exception.ParseError] ParseError: syntax error, unexpected 's' (T_STRING), expecting ',' or ';' in /Applications/MAMP/htdocs/protected/views/landingpages/intermodal.php:217
Stack trace:
#0 /Applications/MAMP/htdocs/yii-1.1.14.f0fee9/framework/web/CBaseController.php(95): CBaseController->renderInternal('/Applications/M...', Array, true)
#1 /Applications/MAMP/htdocs/yii-1.1.14.f0fee9/framework/web/CController.php(869): CBaseController->renderFile('/Applications/M...', Array, true)
#2 /Applications/MAMP/htdocs/yii-1.1.14.f0fee9/framework/web/CController.php(782): CController->renderPartial('intermodal', Array, true)
#3 /Applications/MAMP/htdocs/protected/controllers/LandingpagesController.php(432): CController->render('intermodal', Array)
#4 [internal function]: LandingpagesController->actionIndex('systemtrans/rec...')
#5 /Applications/MAMP/htdocs/yii-1.1.14.f0fee9/framework/web/actions/CAction.php(108): ReflectionMethod->invokeArgs(Object(LandingpagesController), Array)
#6 /Applications/MAMP/htdocs/yii-1.1.14.f0fee9/framework/web/actions/CInlineAction.php(47): CAction->runWithParamsInternal(Object(LandingpagesController), Object(ReflectionMethod), Array)
#7 /Applications/MAMP/htdocs/yii-1.1.14.f0fee9/framework/web/CController.php(308): CInlineAction->runWithParams(Array)
#8 /Applications/MAMP/htdocs/yii-1.1.14.f0fee9/framework/web/CController.php(286): CController->runAction(Object(CInlineAction))
#9 /Applications/MAMP/htdocs/yii-1.1.14.f0fee9/framework/web/CController.php(265): CController->runActionWithFilters(Object(CInlineAction), Array)
#10 /Applications/MAMP/htdocs/yii-1.1.14.f0fee9/framework/web/CWebApplication.php(282): CController->run('index')
#11 /Applications/MAMP/htdocs/yii-1.1.14.f0fee9/framework/web/CWebApplication.php(141): CWebApplication->runController('landingpages/in...')
#12 /Applications/MAMP/htdocs/yii-1.1.14.f0fee9/framework/base/CApplication.php(180): CWebApplication->processRequest()
#13 /Applications/MAMP/htdocs/index.php(18): CApplication->run()
#14 {main}
REQUEST_URI=/landing-pages/systemtrans/recent-cdl-a-drivers?no-track
---
2019/06/20 01:59:40 [error] [exception.ParseError] ParseError: syntax error, unexpected 's' (T_STRING), expecting ',' or ';' in /Applications/MAMP/htdocs/protected/views/landingpages/intermodal.php:217
Stack trace:
#0 /Applications/MAMP/htdocs/yii-1.1.14.f0fee9/framework/web/CBaseController.php(95): CBaseController->renderInternal('/Applications/M...', Array, true)
#1 /Applications/MAMP/htdocs/yii-1.1.14.f0fee9/framework/web/CController.php(869): CBaseController->renderFile('/Applications/M...', Array, true)
#2 /Applications/MAMP/htdocs/yii-1.1.14.f0fee9/framework/web/CController.php(782): CController->renderPartial('intermodal', Array, true)
#3 /Applications/MAMP/htdocs/protected/controllers/LandingpagesController.php(432): CController->render('intermodal', Array)
#4 [internal function]: LandingpagesController->actionIndex('systemtrans/rec...')
#5 /Applications/MAMP/htdocs/yii-1.1.14.f0fee9/framework/web/actions/CAction.php(108): ReflectionMethod->invokeArgs(Object(LandingpagesController), Array)
#6 /Applications/MAMP/htdocs/yii-1.1.14.f0fee9/framework/web/actions/CInlineAction.php(47): CAction->runWithParamsInternal(Object(LandingpagesController), Object(ReflectionMethod), Array)
#7 /Applications/MAMP/htdocs/yii-1.1.14.f0fee9/framework/web/CController.php(308): CInlineAction->runWithParams(Array)
#8 /Applications/MAMP/htdocs/yii-1.1.14.f0fee9/framework/web/CController.php(286): CController->runAction(Object(CInlineAction))
#9 /Applications/MAMP/htdocs/yii-1.1.14.f0fee9/framework/web/CController.php(265): CController->runActionWithFilters(Object(CInlineAction), Array)
#10 /Applications/MAMP/htdocs/yii-1.1.14.f0fee9/framework/web/CWebApplication.php(282): CController->run('index')
#11 /Applications/MAMP/htdocs/yii-1.1.14.f0fee9/framework/web/CWebApplication.php(141): CWebApplication->runController('landingpages/in...')
#12 /Applications/MAMP/htdocs/yii-1.1.14.f0fee9/framework/base/CApplication.php(180): CWebApplication->processRequest()
#13 /Applications/MAMP/htdocs/index.php(18): CApplication->run()
#14 {main}
REQUEST_URI=/landing-pages/systemtrans/recent-cdl-a-drivers?no-track
---
2019/06/20 01:59:53 [error] [exception.ParseError] ParseError: syntax error, unexpected 's' (T_STRING), expecting ',' or ';' in /Applications/MAMP/htdocs/protected/views/landingpages/intermodal.php:217
Stack trace:
#0 /Applications/MAMP/htdocs/yii-1.1.14.f0fee9/framework/web/CBaseController.php(95): CBaseController->renderInternal('/Applications/M...', Array, true)
#1 /Applications/MAMP/htdocs/yii-1.1.14.f0fee9/framework/web/CController.php(869): CBaseController->renderFile('/Applications/M...', Array, true)
#2 /Applications/MAMP/htdocs/yii-1.1.14.f0fee9/framework/web/CController.php(782): CController->renderPartial('intermodal', Array, true)
#3 /Applications/MAMP/htdocs/protected/controllers/LandingpagesController.php(432): CController->render('intermodal', Array)
#4 [internal function]: LandingpagesController->actionIndex('systemtrans/rec...')
#5 /Applications/MAMP/htdocs/yii-1.1.14.f0fee9/framework/web/actions/CAction.php(108): ReflectionMethod->invokeArgs(Object(LandingpagesController), Array)
#6 /Applications/MAMP/htdocs/yii-1.1.14.f0fee9/framework/web/actions/CInlineAction.php(47): CAction->runWithParamsInternal(Object(LandingpagesController), Object(ReflectionMethod), Array)
#7 /Applications/MAMP/htdocs/yii-1.1.14.f0fee9/framework/web/CController.php(308): CInlineAction->runWithParams(Array)
#8 /Applications/MAMP/htdocs/yii-1.1.14.f0fee9/framework/web/CController.php(286): CController->runAction(Object(CInlineAction))
#9 /Applications/MAMP/htdocs/yii-1.1.14.f0fee9/framework/web/CController.php(265): CController->runActionWithFilters(Object(CInlineAction), Array)
#10 /Applications/MAMP/htdocs/yii-1.1.14.f0fee9/framework/web/CWebApplication.php(282): CController->run('index')
#11 /Applications/MAMP/htdocs/yii-1.1.14.f0fee9/framework/web/CWebApplication.php(141): CWebApplication->runController('landingpages/in...')
#12 /Applications/MAMP/htdocs/yii-1.1.14.f0fee9/framework/base/CApplication.php(180): CWebApplication->processRequest()
#13 /Applications/MAMP/htdocs/index.php(18): CApplication->run()
#14 {main}
REQUEST_URI=/landing-pages/systemtrans/recent-cdl-a-drivers?no-track
---
2019/06/20 02:08:20 [error] [exception.ParseError] ParseError: syntax error, unexpected '$data' (T_VARIABLE) in /Applications/MAMP/htdocs/protected/views/landingpages/intermodal.php:165
Stack trace:
#0 /Applications/MAMP/htdocs/yii-1.1.14.f0fee9/framework/web/CBaseController.php(95): CBaseController->renderInternal('/Applications/M...', Array, true)
#1 /Applications/MAMP/htdocs/yii-1.1.14.f0fee9/framework/web/CController.php(869): CBaseController->renderFile('/Applications/M...', Array, true)
#2 /Applications/MAMP/htdocs/yii-1.1.14.f0fee9/framework/web/CController.php(782): CController->renderPartial('intermodal', Array, true)
#3 /Applications/MAMP/htdocs/protected/controllers/LandingpagesController.php(432): CController->render('intermodal', Array)
#4 [internal function]: LandingpagesController->actionIndex('twt/experience-...')
#5 /Applications/MAMP/htdocs/yii-1.1.14.f0fee9/framework/web/actions/CAction.php(108): ReflectionMethod->invokeArgs(Object(LandingpagesController), Array)
#6 /Applications/MAMP/htdocs/yii-1.1.14.f0fee9/framework/web/actions/CInlineAction.php(47): CAction->runWithParamsInternal(Object(LandingpagesController), Object(ReflectionMethod), Array)
#7 /Applications/MAMP/htdocs/yii-1.1.14.f0fee9/framework/web/CController.php(308): CInlineAction->runWithParams(Array)
#8 /Applications/MAMP/htdocs/yii-1.1.14.f0fee9/framework/web/CController.php(286): CController->runAction(Object(CInlineAction))
#9 /Applications/MAMP/htdocs/yii-1.1.14.f0fee9/framework/web/CController.php(265): CController->runActionWithFilters(Object(CInlineAction), Array)
#10 /Applications/MAMP/htdocs/yii-1.1.14.f0fee9/framework/web/CWebApplication.php(282): CController->run('index')
#11 /Applications/MAMP/htdocs/yii-1.1.14.f0fee9/framework/web/CWebApplication.php(141): CWebApplication->runController('landingpages/in...')
#12 /Applications/MAMP/htdocs/yii-1.1.14.f0fee9/framework/base/CApplication.php(180): CWebApplication->processRequest()
#13 /Applications/MAMP/htdocs/index.php(18): CApplication->run()
#14 {main}
REQUEST_URI=/landing-pages/twt/experience-cdl-a-drivers?no-track
HTTP_REFERER=http://localhost:8888/page/index
---
2019/06/20 02:12:45 [error] [php] Undefined variable: rgba_secondary (/Applications/MAMP/htdocs/protected/views/landingpages/intermodal.php:73)
Stack trace:
#0 /Applications/MAMP/htdocs/yii-1.1.14.f0fee9/framework/web/CController.php(869): LandingpagesController->renderFile()
#1 /Applications/MAMP/htdocs/yii-1.1.14.f0fee9/framework/web/CController.php(782): LandingpagesController->renderPartial()
#2 /Applications/MAMP/htdocs/protected/controllers/LandingpagesController.php(432): LandingpagesController->render()
#3 unknown(0): LandingpagesController->actionIndex()
#4 /Applications/MAMP/htdocs/yii-1.1.14.f0fee9/framework/web/actions/CAction.php(108): ReflectionMethod->invokeArgs()
#5 /Applications/MAMP/htdocs/yii-1.1.14.f0fee9/framework/web/actions/CInlineAction.php(47): CInlineAction->runWithParamsInternal()
#6 /Applications/MAMP/htdocs/yii-1.1.14.f0fee9/framework/web/CController.php(308): CInlineAction->runWithParams()
#7 /Applications/MAMP/htdocs/yii-1.1.14.f0fee9/framework/web/CController.php(286): LandingpagesController->runAction()
#8 /Applications/MAMP/htdocs/yii-1.1.14.f0fee9/framework/web/CController.php(265): LandingpagesController->runActionWithFilters()
#9 /Applications/MAMP/htdocs/yii-1.1.14.f0fee9/framework/web/CWebApplication.php(282): LandingpagesController->run()
#10 /Applications/MAMP/htdocs/yii-1.1.14.f0fee9/framework/web/CWebApplication.php(141): CWebApplication->runController()
#11 /Applications/MAMP/htdocs/yii-1.1.14.f0fee9/framework/base/CApplication.php(180): CWebApplication->processRequest()
#12 /Applications/MAMP/htdocs/index.php(18): CWebApplication->run()
REQUEST_URI=/landing-pages/twt/recent-cdl-a-drivers
2019/06/20 02:13:11 [error] [php] Undefined variable: rgba_secondary (/Applications/MAMP/htdocs/protected/views/landingpages/intermodal.php:74)
Stack trace:
#0 /Applications/MAMP/htdocs/yii-1.1.14.f0fee9/framework/web/CController.php(869): LandingpagesController->renderFile()
#1 /Applications/MAMP/htdocs/yii-1.1.14.f0fee9/framework/web/CController.php(782): LandingpagesController->renderPartial()
#2 /Applications/MAMP/htdocs/protected/controllers/LandingpagesController.php(432): LandingpagesController->render()
#3 unknown(0): LandingpagesController->actionIndex()
#4 /Applications/MAMP/htdocs/yii-1.1.14.f0fee9/framework/web/actions/CAction.php(108): ReflectionMethod->invokeArgs()
#5 /Applications/MAMP/htdocs/yii-1.1.14.f0fee9/framework/web/actions/CInlineAction.php(47): CInlineAction->runWithParamsInternal()
#6 /Applications/MAMP/htdocs/yii-1.1.14.f0fee9/framework/web/CController.php(308): CInlineAction->runWithParams()
#7 /Applications/MAMP/htdocs/yii-1.1.14.f0fee9/framework/web/CController.php(286): LandingpagesController->runAction()
#8 /Applications/MAMP/htdocs/yii-1.1.14.f0fee9/framework/web/CController.php(265): LandingpagesController->runActionWithFilters()
#9 /Applications/MAMP/htdocs/yii-1.1.14.f0fee9/framework/web/CWebApplication.php(282): LandingpagesController->run()
#10 /Applications/MAMP/htdocs/yii-1.1.14.f0fee9/framework/web/CWebApplication.php(141): CWebApplication->runController()
#11 /Applications/MAMP/htdocs/yii-1.1.14.f0fee9/framework/base/CApplication.php(180): CWebApplication->processRequest()
#12 /Applications/MAMP/htdocs/index.php(18): CWebApplication->run()
REQUEST_URI=/landing-pages/twt/recent-cdl-a-drivers
2019/06/20 02:30:32 [error] [php] Undefined variable: rgba_secondary (/Applications/MAMP/htdocs/protected/views/landingpages/intermodal.php:74)
Stack trace:
#0 /Applications/MAMP/htdocs/yii-1.1.14.f0fee9/framework/web/CController.php(869): LandingpagesController->renderFile()
#1 /Applications/MAMP/htdocs/yii-1.1.14.f0fee9/framework/web/CController.php(782): LandingpagesController->renderPartial()
#2 /Applications/MAMP/htdocs/protected/controllers/LandingpagesController.php(432): LandingpagesController->render()
#3 unknown(0): LandingpagesController->actionIndex()
#4 /Applications/MAMP/htdocs/yii-1.1.14.f0fee9/framework/web/actions/CAction.php(108): ReflectionMethod->invokeArgs()
#5 /Applications/MAMP/htdocs/yii-1.1.14.f0fee9/framework/web/actions/CInlineAction.php(47): CInlineAction->runWithParamsInternal()
#6 /Applications/MAMP/htdocs/yii-1.1.14.f0fee9/framework/web/CController.php(308): CInlineAction->runWithParams()
#7 /Applications/MAMP/htdocs/yii-1.1.14.f0fee9/framework/web/CController.php(286): LandingpagesController->runAction()
#8 /Applications/MAMP/htdocs/yii-1.1.14.f0fee9/framework/web/CController.php(265): LandingpagesController->runActionWithFilters()
#9 /Applications/MAMP/htdocs/yii-1.1.14.f0fee9/framework/web/CWebApplication.php(282): LandingpagesController->run()
#10 /Applications/MAMP/htdocs/yii-1.1.14.f0fee9/framework/web/CWebApplication.php(141): CWebApplication->runController()
#11 /Applications/MAMP/htdocs/yii-1.1.14.f0fee9/framework/base/CApplication.php(180): CWebApplication->processRequest()
#12 /Applications/MAMP/htdocs/index.php(18): CWebApplication->run()
REQUEST_URI=/landing-pages/systemtrans/experience-cdl-a-drivers?no-track
2019/06/20 02:30:45 [error] [php] Undefined variable: rgba_secondary (/Applications/MAMP/htdocs/protected/views/landingpages/intermodal.php:74)
Stack trace:
#0 /Applications/MAMP/htdocs/yii-1.1.14.f0fee9/framework/web/CController.php(869): LandingpagesController->renderFile()
#1 /Applications/MAMP/htdocs/yii-1.1.14.f0fee9/framework/web/CController.php(782): LandingpagesController->renderPartial()
#2 /Applications/MAMP/htdocs/protected/controllers/LandingpagesController.php(432): LandingpagesController->render()
#3 unknown(0): LandingpagesController->actionIndex()
#4 /Applications/MAMP/htdocs/yii-1.1.14.f0fee9/framework/web/actions/CAction.php(108): ReflectionMethod->invokeArgs()
#5 /Applications/MAMP/htdocs/yii-1.1.14.f0fee9/framework/web/actions/CInlineAction.php(47): CInlineAction->runWithParamsInternal()
#6 /Applications/MAMP/htdocs/yii-1.1.14.f0fee9/framework/web/CController.php(308): CInlineAction->runWithParams()
#7 /Applications/MAMP/htdocs/yii-1.1.14.f0fee9/framework/web/CController.php(286): LandingpagesController->runAction()
#8 /Applications/MAMP/htdocs/yii-1.1.14.f0fee9/framework/web/CController.php(265): LandingpagesController->runActionWithFilters()
#9 /Applications/MAMP/htdocs/yii-1.1.14.f0fee9/framework/web/CWebApplication.php(282): LandingpagesController->run()
#10 /Applications/MAMP/htdocs/yii-1.1.14.f0fee9/framework/web/CWebApplication.php(141): CWebApplication->runController()
#11 /Applications/MAMP/htdocs/yii-1.1.14.f0fee9/framework/base/CApplication.php(180): CWebApplication->processRequest()
#12 /Applications/MAMP/htdocs/index.php(18): CWebApplication->run()
REQUEST_URI=/landing-pages/systemtrans/experience-cdl-a-drivers?no-track
2019/06/20 02:34:55 [error] [php] Undefined variable: rgba_secondary (/Applications/MAMP/htdocs/protected/views/landingpages/intermodal.php:74)
Stack trace:
#0 /Applications/MAMP/htdocs/yii-1.1.14.f0fee9/framework/web/CController.php(869): LandingpagesController->renderFile()
#1 /Applications/MAMP/htdocs/yii-1.1.14.f0fee9/framework/web/CController.php(782): LandingpagesController->renderPartial()
#2 /Applications/MAMP/htdocs/protected/controllers/LandingpagesController.php(432): LandingpagesController->render()
#3 unknown(0): LandingpagesController->actionIndex()
#4 /Applications/MAMP/htdocs/yii-1.1.14.f0fee9/framework/web/actions/CAction.php(108): ReflectionMethod->invokeArgs()
#5 /Applications/MAMP/htdocs/yii-1.1.14.f0fee9/framework/web/actions/CInlineAction.php(47): CInlineAction->runWithParamsInternal()
#6 /Applications/MAMP/htdocs/yii-1.1.14.f0fee9/framework/web/CController.php(308): CInlineAction->runWithParams()
#7 /Applications/MAMP/htdocs/yii-1.1.14.f0fee9/framework/web/CController.php(286): LandingpagesController->runAction()
#8 /Applications/MAMP/htdocs/yii-1.1.14.f0fee9/framework/web/CController.php(265): LandingpagesController->runActionWithFilters()
#9 /Applications/MAMP/htdocs/yii-1.1.14.f0fee9/framework/web/CWebApplication.php(282): LandingpagesController->run()
#10 /Applications/MAMP/htdocs/yii-1.1.14.f0fee9/framework/web/CWebApplication.php(141): CWebApplication->runController()
#11 /Applications/MAMP/htdocs/yii-1.1.14.f0fee9/framework/base/CApplication.php(180): CWebApplication->processRequest()
#12 /Applications/MAMP/htdocs/index.php(18): CWebApplication->run()
REQUEST_URI=/landing-pages/systemtrans/recent-cdl-a-drivers?no-track
2019/06/20 02:35:47 [error] [php] Undefined variable: rgba_secondary (/Applications/MAMP/htdocs/protected/views/landingpages/intermodal.php:74)
Stack trace:
#0 /Applications/MAMP/htdocs/yii-1.1.14.f0fee9/framework/web/CController.php(869): LandingpagesController->renderFile()
#1 /Applications/MAMP/htdocs/yii-1.1.14.f0fee9/framework/web/CController.php(782): LandingpagesController->renderPartial()
#2 /Applications/MAMP/htdocs/protected/controllers/LandingpagesController.php(432): LandingpagesController->render()
#3 unknown(0): LandingpagesController->actionIndex()
#4 /Applications/MAMP/htdocs/yii-1.1.14.f0fee9/framework/web/actions/CAction.php(108): ReflectionMethod->invokeArgs()
#5 /Applications/MAMP/htdocs/yii-1.1.14.f0fee9/framework/web/actions/CInlineAction.php(47): CInlineAction->runWithParamsInternal()
#6 /Applications/MAMP/htdocs/yii-1.1.14.f0fee9/framework/web/CController.php(308): CInlineAction->runWithParams()
#7 /Applications/MAMP/htdocs/yii-1.1.14.f0fee9/framework/web/CController.php(286): LandingpagesController->runAction()
#8 /Applications/MAMP/htdocs/yii-1.1.14.f0fee9/framework/web/CController.php(265): LandingpagesController->runActionWithFilters()
#9 /Applications/MAMP/htdocs/yii-1.1.14.f0fee9/framework/web/CWebApplication.php(282): LandingpagesController->run()
#10 /Applications/MAMP/htdocs/yii-1.1.14.f0fee9/framework/web/CWebApplication.php(141): CWebApplication->runController()
#11 /Applications/MAMP/htdocs/yii-1.1.14.f0fee9/framework/base/CApplication.php(180): CWebApplication->processRequest()
#12 /Applications/MAMP/htdocs/index.php(18): CWebApplication->run()
REQUEST_URI=/landing-pages/systemtrans/recent-cdl-a-drivers?no-track
2019/06/20 02:37:46 [error] [php] Undefined variable: rgba_secondary (/Applications/MAMP/htdocs/protected/views/landingpages/intermodal.php:74)
Stack trace:
#0 /Applications/MAMP/htdocs/yii-1.1.14.f0fee9/framework/web/CController.php(869): LandingpagesController->renderFile()
#1 /Applications/MAMP/htdocs/yii-1.1.14.f0fee9/framework/web/CController.php(782): LandingpagesController->renderPartial()
#2 /Applications/MAMP/htdocs/protected/controllers/LandingpagesController.php(432): LandingpagesController->render()
#3 unknown(0): LandingpagesController->actionIndex()
#4 /Applications/MAMP/htdocs/yii-1.1.14.f0fee9/framework/web/actions/CAction.php(108): ReflectionMethod->invokeArgs()
#5 /Applications/MAMP/htdocs/yii-1.1.14.f0fee9/framework/web/actions/CInlineAction.php(47): CInlineAction->runWithParamsInternal()
#6 /Applications/MAMP/htdocs/yii-1.1.14.f0fee9/framework/web/CController.php(308): CInlineAction->runWithParams()
#7 /Applications/MAMP/htdocs/yii-1.1.14.f0fee9/framework/web/CController.php(286): LandingpagesController->runAction()
#8 /Applications/MAMP/htdocs/yii-1.1.14.f0fee9/framework/web/CController.php(265): LandingpagesController->runActionWithFilters()
#9 /Applications/MAMP/htdocs/yii-1.1.14.f0fee9/framework/web/CWebApplication.php(282): LandingpagesController->run()
#10 /Applications/MAMP/htdocs/yii-1.1.14.f0fee9/framework/web/CWebApplication.php(141): CWebApplication->runController()
#11 /Applications/MAMP/htdocs/yii-1.1.14.f0fee9/framework/base/CApplication.php(180): CWebApplication->processRequest()
#12 /Applications/MAMP/htdocs/index.php(18): CWebApplication->run()
REQUEST_URI=/landing-pages/jjw/experience-cdl-a-drivers?no-track
2019/06/20 02:38:53 [error] [php] Undefined variable: rgba_secondary (/Applications/MAMP/htdocs/protected/views/landingpages/intermodal.php:74)
Stack trace:
#0 /Applications/MAMP/htdocs/yii-1.1.14.f0fee9/framework/web/CController.php(869): LandingpagesController->renderFile()
#1 /Applications/MAMP/htdocs/yii-1.1.14.f0fee9/framework/web/CController.php(782): LandingpagesController->renderPartial()
#2 /Applications/MAMP/htdocs/protected/controllers/LandingpagesController.php(432): LandingpagesController->render()
#3 unknown(0): LandingpagesController->actionIndex()
#4 /Applications/MAMP/htdocs/yii-1.1.14.f0fee9/framework/web/actions/CAction.php(108): ReflectionMethod->invokeArgs()
#5 /Applications/MAMP/htdocs/yii-1.1.14.f0fee9/framework/web/actions/CInlineAction.php(47): CInlineAction->runWithParamsInternal()
#6 /Applications/MAMP/htdocs/yii-1.1.14.f0fee9/framework/web/CController.php(308): CInlineAction->runWithParams()
#7 /Applications/MAMP/htdocs/yii-1.1.14.f0fee9/framework/web/CController.php(286): LandingpagesController->runAction()
#8 /Applications/MAMP/htdocs/yii-1.1.14.f0fee9/framework/web/CController.php(265): LandingpagesController->runActionWithFilters()
#9 /Applications/MAMP/htdocs/yii-1.1.14.f0fee9/framework/web/CWebApplication.php(282): LandingpagesController->run()
#10 /Applications/MAMP/htdocs/yii-1.1.14.f0fee9/framework/web/CWebApplication.php(141): CWebApplication->runController()
#11 /Applications/MAMP/htdocs/yii-1.1.14.f0fee9/framework/base/CApplication.php(180): CWebApplication->processRequest()
#12 /Applications/MAMP/htdocs/index.php(18): CWebApplication->run()
REQUEST_URI=/landing-pages/twt/experience-cdl-a-drivers?no-track
2019/06/20 02:39:35 [error] [php] Undefined variable: rgba_secondary (/Applications/MAMP/htdocs/protected/views/landingpages/intermodal.php:74)
Stack trace:
#0 /Applications/MAMP/htdocs/yii-1.1.14.f0fee9/framework/web/CController.php(869): LandingpagesController->renderFile()
#1 /Applications/MAMP/htdocs/yii-1.1.14.f0fee9/framework/web/CController.php(782): LandingpagesController->renderPartial()
#2 /Applications/MAMP/htdocs/protected/controllers/LandingpagesController.php(432): LandingpagesController->render()
#3 unknown(0): LandingpagesController->actionIndex()
#4 /Applications/MAMP/htdocs/yii-1.1.14.f0fee9/framework/web/actions/CAction.php(108): ReflectionMethod->invokeArgs()
#5 /Applications/MAMP/htdocs/yii-1.1.14.f0fee9/framework/web/actions/CInlineAction.php(47): CInlineAction->runWithParamsInternal()
#6 /Applications/MAMP/htdocs/yii-1.1.14.f0fee9/framework/web/CController.php(308): CInlineAction->runWithParams()
#7 /Applications/MAMP/htdocs/yii-1.1.14.f0fee9/framework/web/CController.php(286): LandingpagesController->runAction()
#8 /Applications/MAMP/htdocs/yii-1.1.14.f0fee9/framework/web/CController.php(265): LandingpagesController->runActionWithFilters()
#9 /Applications/MAMP/htdocs/yii-1.1.14.f0fee9/framework/web/CWebApplication.php(282): LandingpagesController->run()
#10 /Applications/MAMP/htdocs/yii-1.1.14.f0fee9/framework/web/CWebApplication.php(141): CWebApplication->runController()
#11 /Applications/MAMP/htdocs/yii-1.1.14.f0fee9/framework/base/CApplication.php(180): CWebApplication->processRequest()
#12 /Applications/MAMP/htdocs/index.php(18): CWebApplication->run()
REQUEST_URI=/landing-pages/twt/experience-cdl-a-drivers?no-track
2019/06/20 02:41:13 [error] [php] Undefined variable: rgba_secondary (/Applications/MAMP/htdocs/protected/views/landingpages/intermodal.php:74)
Stack trace:
#0 /Applications/MAMP/htdocs/yii-1.1.14.f0fee9/framework/web/CController.php(869): LandingpagesController->renderFile()
#1 /Applications/MAMP/htdocs/yii-1.1.14.f0fee9/framework/web/CController.php(782): LandingpagesController->renderPartial()
#2 /Applications/MAMP/htdocs/protected/controllers/LandingpagesController.php(432): LandingpagesController->render()
#3 unknown(0): LandingpagesController->actionIndex()
#4 /Applications/MAMP/htdocs/yii-1.1.14.f0fee9/framework/web/actions/CAction.php(108): ReflectionMethod->invokeArgs()
#5 /Applications/MAMP/htdocs/yii-1.1.14.f0fee9/framework/web/actions/CInlineAction.php(47): CInlineAction->runWithParamsInternal()
#6 /Applications/MAMP/htdocs/yii-1.1.14.f0fee9/framework/web/CController.php(308): CInlineAction->runWithParams()
#7 /Applications/MAMP/htdocs/yii-1.1.14.f0fee9/framework/web/CController.php(286): LandingpagesController->runAction()
#8 /Applications/MAMP/htdocs/yii-1.1.14.f0fee9/framework/web/CController.php(265): LandingpagesController->runActionWithFilters()
#9 /Applications/MAMP/htdocs/yii-1.1.14.f0fee9/framework/web/CWebApplication.php(282): LandingpagesController->run()
#10 /Applications/MAMP/htdocs/yii-1.1.14.f0fee9/framework/web/CWebApplication.php(141): CWebApplication->runController()
#11 /Applications/MAMP/htdocs/yii-1.1.14.f0fee9/framework/base/CApplication.php(180): CWebApplication->processRequest()
#12 /Applications/MAMP/htdocs/index.php(18): CWebApplication->run()
REQUEST_URI=/landing-pages/twt/recent-cdl-a-drivers?no-track
2019/06/20 02:42:02 [error] [php] Undefined variable: rgba_secondary (/Applications/MAMP/htdocs/protected/views/landingpages/intermodal.php:74)
Stack trace:
#0 /Applications/MAMP/htdocs/yii-1.1.14.f0fee9/framework/web/CController.php(869): LandingpagesController->renderFile()
#1 /Applications/MAMP/htdocs/yii-1.1.14.f0fee9/framework/web/CController.php(782): LandingpagesController->renderPartial()
#2 /Applications/MAMP/htdocs/protected/controllers/LandingpagesController.php(432): LandingpagesController->render()
#3 unknown(0): LandingpagesController->actionIndex()
#4 /Applications/MAMP/htdocs/yii-1.1.14.f0fee9/framework/web/actions/CAction.php(108): ReflectionMethod->invokeArgs()
#5 /Applications/MAMP/htdocs/yii-1.1.14.f0fee9/framework/web/actions/CInlineAction.php(47): CInlineAction->runWithParamsInternal()
#6 /Applications/MAMP/htdocs/yii-1.1.14.f0fee9/framework/web/CController.php(308): CInlineAction->runWithParams()
#7 /Applications/MAMP/htdocs/yii-1.1.14.f0fee9/framework/web/CController.php(286): LandingpagesController->runAction()
#8 /Applications/MAMP/htdocs/yii-1.1.14.f0fee9/framework/web/CController.php(265): LandingpagesController->runActionWithFilters()
#9 /Applications/MAMP/htdocs/yii-1.1.14.f0fee9/framework/web/CWebApplication.php(282): LandingpagesController->run()
#10 /Applications/MAMP/htdocs/yii-1.1.14.f0fee9/framework/web/CWebApplication.php(141): CWebApplication->runController()
#11 /Applications/MAMP/htdocs/yii-1.1.14.f0fee9/framework/base/CApplication.php(180): CWebApplication->processRequest()
#12 /Applications/MAMP/htdocs/index.php(18): CWebApplication->run()
REQUEST_URI=/landing-pages/twt/recent-cdl-a-drivers?no-track
2019/06/20 02:42:04 [error] [php] Undefined variable: rgba_secondary (/Applications/MAMP/htdocs/protected/views/landingpages/intermodal.php:74)
Stack trace:
#0 /Applications/MAMP/htdocs/yii-1.1.14.f0fee9/framework/web/CController.php(869): LandingpagesController->renderFile()
#1 /Applications/MAMP/htdocs/yii-1.1.14.f0fee9/framework/web/CController.php(782): LandingpagesController->renderPartial()
#2 /Applications/MAMP/htdocs/protected/controllers/LandingpagesController.php(432): LandingpagesController->render()
#3 unknown(0): LandingpagesController->actionIndex()
#4 /Applications/MAMP/htdocs/yii-1.1.14.f0fee9/framework/web/actions/CAction.php(108): ReflectionMethod->invokeArgs()
#5 /Applications/MAMP/htdocs/yii-1.1.14.f0fee9/framework/web/actions/CInlineAction.php(47): CInlineAction->runWithParamsInternal()
#6 /Applications/MAMP/htdocs/yii-1.1.14.f0fee9/framework/web/CController.php(308): CInlineAction->runWithParams()
#7 /Applications/MAMP/htdocs/yii-1.1.14.f0fee9/framework/web/CController.php(286): LandingpagesController->runAction()
#8 /Applications/MAMP/htdocs/yii-1.1.14.f0fee9/framework/web/CController.php(265): LandingpagesController->runActionWithFilters()
#9 /Applications/MAMP/htdocs/yii-1.1.14.f0fee9/framework/web/CWebApplication.php(282): LandingpagesController->run()
#10 /Applications/MAMP/htdocs/yii-1.1.14.f0fee9/framework/web/CWebApplication.php(141): CWebApplication->runController()
#11 /Applications/MAMP/htdocs/yii-1.1.14.f0fee9/framework/base/CApplication.php(180): CWebApplication->processRequest()
#12 /Applications/MAMP/htdocs/index.php(18): CWebApplication->run()
REQUEST_URI=/landing-pages/twt/recent-cdl-a-drivers?no-track
2019/06/20 02:42:54 [error] [php] Undefined variable: rgba_secondary (/Applications/MAMP/htdocs/protected/views/landingpages/intermodal.php:74)
Stack trace:
#0 /Applications/MAMP/htdocs/yii-1.1.14.f0fee9/framework/web/CController.php(869): LandingpagesController->renderFile()
#1 /Applications/MAMP/htdocs/yii-1.1.14.f0fee9/framework/web/CController.php(782): LandingpagesController->renderPartial()
#2 /Applications/MAMP/htdocs/protected/controllers/LandingpagesController.php(432): LandingpagesController->render()
#3 unknown(0): LandingpagesController->actionIndex()
#4 /Applications/MAMP/htdocs/yii-1.1.14.f0fee9/framework/web/actions/CAction.php(108): ReflectionMethod->invokeArgs()
#5 /Applications/MAMP/htdocs/yii-1.1.14.f0fee9/framework/web/actions/CInlineAction.php(47): CInlineAction->runWithParamsInternal()
#6 /Applications/MAMP/htdocs/yii-1.1.14.f0fee9/framework/web/CController.php(308): CInlineAction->runWithParams()
#7 /Applications/MAMP/htdocs/yii-1.1.14.f0fee9/framework/web/CController.php(286): LandingpagesController->runAction()
#8 /Applications/MAMP/htdocs/yii-1.1.14.f0fee9/framework/web/CController.php(265): LandingpagesController->runActionWithFilters()
#9 /Applications/MAMP/htdocs/yii-1.1.14.f0fee9/framework/web/CWebApplication.php(282): LandingpagesController->run()
#10 /Applications/MAMP/htdocs/yii-1.1.14.f0fee9/framework/web/CWebApplication.php(141): CWebApplication->runController()
#11 /Applications/MAMP/htdocs/yii-1.1.14.f0fee9/framework/base/CApplication.php(180): CWebApplication->processRequest()
#12 /Applications/MAMP/htdocs/index.php(18): CWebApplication->run()
REQUEST_URI=/landing-pages/twt/team-cdl-a-drivers?no-track
2019/06/20 02:43:55 [error] [php] Undefined variable: rgba_secondary (/Applications/MAMP/htdocs/protected/views/landingpages/intermodal.php:75)
Stack trace:
#0 /Applications/MAMP/htdocs/yii-1.1.14.f0fee9/framework/web/CController.php(869): LandingpagesController->renderFile()
#1 /Applications/MAMP/htdocs/yii-1.1.14.f0fee9/framework/web/CController.php(782): LandingpagesController->renderPartial()
#2 /Applications/MAMP/htdocs/protected/controllers/LandingpagesController.php(432): LandingpagesController->render()
#3 unknown(0): LandingpagesController->actionIndex()
#4 /Applications/MAMP/htdocs/yii-1.1.14.f0fee9/framework/web/actions/CAction.php(108): ReflectionMethod->invokeArgs()
#5 /Applications/MAMP/htdocs/yii-1.1.14.f0fee9/framework/web/actions/CInlineAction.php(47): CInlineAction->runWithParamsInternal()
#6 /Applications/MAMP/htdocs/yii-1.1.14.f0fee9/framework/web/CController.php(308): CInlineAction->runWithParams()
#7 /Applications/MAMP/htdocs/yii-1.1.14.f0fee9/framework/web/CController.php(286): LandingpagesController->runAction()
#8 /Applications/MAMP/htdocs/yii-1.1.14.f0fee9/framework/web/CController.php(265): LandingpagesController->runActionWithFilters()
#9 /Applications/MAMP/htdocs/yii-1.1.14.f0fee9/framework/web/CWebApplication.php(282): LandingpagesController->run()
#10 /Applications/MAMP/htdocs/yii-1.1.14.f0fee9/framework/web/CWebApplication.php(141): CWebApplication->runController()
#11 /Applications/MAMP/htdocs/yii-1.1.14.f0fee9/framework/base/CApplication.php(180): CWebApplication->processRequest()
#12 /Applications/MAMP/htdocs/index.php(18): CWebApplication->run()
REQUEST_URI=/landing-pages/twt/team-cdl-a-drivers?no-track
2019/06/20 02:45:24 [error] [exception.ParseError] ParseError: syntax error, unexpected ',' in /Applications/MAMP/htdocs/protected/views/landingpages/intermodal.php:153
Stack trace:
#0 /Applications/MAMP/htdocs/yii-1.1.14.f0fee9/framework/web/CBaseController.php(95): CBaseController->renderInternal('/Applications/M...', Array, true)
#1 /Applications/MAMP/htdocs/yii-1.1.14.f0fee9/framework/web/CController.php(869): CBaseController->renderFile('/Applications/M...', Array, true)
#2 /Applications/MAMP/htdocs/yii-1.1.14.f0fee9/framework/web/CController.php(782): CController->renderPartial('intermodal', Array, true)
#3 /Applications/MAMP/htdocs/protected/controllers/LandingpagesController.php(432): CController->render('intermodal', Array)
#4 [internal function]: LandingpagesController->actionIndex('twt/team-cdl-a-...')
#5 /Applications/MAMP/htdocs/yii-1.1.14.f0fee9/framework/web/actions/CAction.php(108): ReflectionMethod->invokeArgs(Object(LandingpagesController), Array)
#6 /Applications/MAMP/htdocs/yii-1.1.14.f0fee9/framework/web/actions/CInlineAction.php(47): CAction->runWithParamsInternal(Object(LandingpagesController), Object(ReflectionMethod), Array)
#7 /Applications/MAMP/htdocs/yii-1.1.14.f0fee9/framework/web/CController.php(308): CInlineAction->runWithParams(Array)
#8 /Applications/MAMP/htdocs/yii-1.1.14.f0fee9/framework/web/CController.php(286): CController->runAction(Object(CInlineAction))
#9 /Applications/MAMP/htdocs/yii-1.1.14.f0fee9/framework/web/CController.php(265): CController->runActionWithFilters(Object(CInlineAction), Array)
#10 /Applications/MAMP/htdocs/yii-1.1.14.f0fee9/framework/web/CWebApplication.php(282): CController->run('index')
#11 /Applications/MAMP/htdocs/yii-1.1.14.f0fee9/framework/web/CWebApplication.php(141): CWebApplication->runController('landingpages/in...')
#12 /Applications/MAMP/htdocs/yii-1.1.14.f0fee9/framework/base/CApplication.php(180): CWebApplication->processRequest()
#13 /Applications/MAMP/htdocs/index.php(18): CApplication->run()
#14 {main}
REQUEST_URI=/landing-pages/twt/team-cdl-a-drivers?no-track
HTTP_REFERER=http://localhost:8888/page/index
---
2019/06/21 00:14:22 [error] [php] Invalid argument supplied for foreach() (/Applications/MAMP/htdocs/yii-1.1.14.f0fee9/framework/db/ar/CActiveFinder.php:826)
Stack trace:
#0 /Applications/MAMP/htdocs/yii-1.1.14.f0fee9/framework/db/ar/CActiveFinder.php(163): CJoinElement->lazyFind()
#1 /Applications/MAMP/htdocs/yii-1.1.14.f0fee9/framework/db/ar/CActiveRecord.php(281): CActiveFinder->lazyFind()
#2 /Applications/MAMP/htdocs/yii-1.1.14.f0fee9/framework/db/ar/CActiveRecord.php(143): MMaster->getRelated()
#3 /Applications/MAMP/htdocs/protected/views/page/index.php(240): MMaster->__get()
#4 /Applications/MAMP/htdocs/yii-1.1.14.f0fee9/framework/web/CBaseController.php(126): require()
#5 /Applications/MAMP/htdocs/yii-1.1.14.f0fee9/framework/web/CBaseController.php(95): PageController->renderInternal()
#6 /Applications/MAMP/htdocs/yii-1.1.14.f0fee9/framework/web/CController.php(869): PageController->renderFile()
#7 /Applications/MAMP/htdocs/yii-1.1.14.f0fee9/framework/web/CController.php(782): PageController->renderPartial()
#8 /Applications/MAMP/htdocs/protected/controllers/PageController.php(47): PageController->render()
#9 /Applications/MAMP/htdocs/yii-1.1.14.f0fee9/framework/web/actions/CInlineAction.php(49): PageController->actionIndex()
#10 /Applications/MAMP/htdocs/yii-1.1.14.f0fee9/framework/web/CController.php(308): CInlineAction->runWithParams()
#11 /Applications/MAMP/htdocs/yii-1.1.14.f0fee9/framework/web/filters/CFilterChain.php(133): PageController->runAction()
#12 /Applications/MAMP/htdocs/yii-1.1.14.f0fee9/framework/web/filters/CFilter.php(40): CFilterChain->run()
#13 /Applications/MAMP/htdocs/yii-1.1.14.f0fee9/framework/web/CController.php(1145): CAccessControlFilter->filter()
#14 /Applications/MAMP/htdocs/yii-1.1.14.f0fee9/framework/web/filters/CInlineFilter.php(58): PageController->filterAccessControl()
#15 /Applications/MAMP/htdocs/yii-1.1.14.f0fee9/framework/web/filters/CFilterChain.php(130): CInlineFilter->filter()
#16 /Applications/MAMP/htdocs/yii-1.1.14.f0fee9/framework/web/CController.php(291): CFilterChain->run()
#17 /Applications/MAMP/htdocs/yii-1.1.14.f0fee9/framework/web/CController.php(265): PageController->runActionWithFilters()
#18 /Applications/MAMP/htdocs/yii-1.1.14.f0fee9/framework/web/CWebApplication.php(282): PageController->run()
#19 /Applications/MAMP/htdocs/yii-1.1.14.f0fee9/framework/web/CWebApplication.php(141): CWebApplication->runController()
#20 /Applications/MAMP/htdocs/yii-1.1.14.f0fee9/framework/base/CApplication.php(180): CWebApplication->processRequest()
#21 /Applications/MAMP/htdocs/index.php(18): CWebApplication->run()
REQUEST_URI=/page/index
2019/06/21 00:18:47 [error] [php] Invalid argument supplied for foreach() (/Applications/MAMP/htdocs/yii-1.1.14.f0fee9/framework/db/ar/CActiveFinder.php:826)
Stack trace:
#0 /Applications/MAMP/htdocs/yii-1.1.14.f0fee9/framework/db/ar/CActiveFinder.php(163): CJoinElement->lazyFind()
#1 /Applications/MAMP/htdocs/yii-1.1.14.f0fee9/framework/db/ar/CActiveRecord.php(281): CActiveFinder->lazyFind()
#2 /Applications/MAMP/htdocs/yii-1.1.14.f0fee9/framework/db/ar/CActiveRecord.php(143): MMaster->getRelated()
#3 /Applications/MAMP/htdocs/protected/views/page/index.php(240): MMaster->__get()
#4 /Applications/MAMP/htdocs/yii-1.1.14.f0fee9/framework/web/CBaseController.php(126): require()
#5 /Applications/MAMP/htdocs/yii-1.1.14.f0fee9/framework/web/CBaseController.php(95): PageController->renderInternal()
#6 /Applications/MAMP/htdocs/yii-1.1.14.f0fee9/framework/web/CController.php(869): PageController->renderFile()
#7 /Applications/MAMP/htdocs/yii-1.1.14.f0fee9/framework/web/CController.php(782): PageController->renderPartial()
#8 /Applications/MAMP/htdocs/protected/controllers/PageController.php(47): PageController->render()
#9 /Applications/MAMP/htdocs/yii-1.1.14.f0fee9/framework/web/actions/CInlineAction.php(49): PageController->actionIndex()
#10 /Applications/MAMP/htdocs/yii-1.1.14.f0fee9/framework/web/CController.php(308): CInlineAction->runWithParams()
#11 /Applications/MAMP/htdocs/yii-1.1.14.f0fee9/framework/web/filters/CFilterChain.php(133): PageController->runAction()
#12 /Applications/MAMP/htdocs/yii-1.1.14.f0fee9/framework/web/filters/CFilter.php(40): CFilterChain->run()
#13 /Applications/MAMP/htdocs/yii-1.1.14.f0fee9/framework/web/CController.php(1145): CAccessControlFilter->filter()
#14 /Applications/MAMP/htdocs/yii-1.1.14.f0fee9/framework/web/filters/CInlineFilter.php(58): PageController->filterAccessControl()
#15 /Applications/MAMP/htdocs/yii-1.1.14.f0fee9/framework/web/filters/CFilterChain.php(130): CInlineFilter->filter()
#16 /Applications/MAMP/htdocs/yii-1.1.14.f0fee9/framework/web/CController.php(291): CFilterChain->run()
#17 /Applications/MAMP/htdocs/yii-1.1.14.f0fee9/framework/web/CController.php(265): PageController->runActionWithFilters()
#18 /Applications/MAMP/htdocs/yii-1.1.14.f0fee9/framework/web/CWebApplication.php(282): PageController->run()
#19 /Applications/MAMP/htdocs/yii-1.1.14.f0fee9/framework/web/CWebApplication.php(141): CWebApplication->runController()
#20 /Applications/MAMP/htdocs/yii-1.1.14.f0fee9/framework/base/CApplication.php(180): CWebApplication->processRequest()
#21 /Applications/MAMP/htdocs/index.php(18): CWebApplication->run()
REQUEST_URI=/page/index
2019/06/21 00:18:56 [error] [php] Invalid argument supplied for foreach() (/Applications/MAMP/htdocs/yii-1.1.14.f0fee9/framework/db/ar/CActiveFinder.php:826)
Stack trace:
#0 /Applications/MAMP/htdocs/yii-1.1.14.f0fee9/framework/db/ar/CActiveFinder.php(163): CJoinElement->lazyFind()
#1 /Applications/MAMP/htdocs/yii-1.1.14.f0fee9/framework/db/ar/CActiveRecord.php(281): CActiveFinder->lazyFind()
#2 /Applications/MAMP/htdocs/yii-1.1.14.f0fee9/framework/db/ar/CActiveRecord.php(143): MMaster->getRelated()
#3 /Applications/MAMP/htdocs/protected/views/page/index.php(240): MMaster->__get()
#4 /Applications/MAMP/htdocs/yii-1.1.14.f0fee9/framework/web/CBaseController.php(126): require()
#5 /Applications/MAMP/htdocs/yii-1.1.14.f0fee9/framework/web/CBaseController.php(95): PageController->renderInternal()
#6 /Applications/MAMP/htdocs/yii-1.1.14.f0fee9/framework/web/CController.php(869): PageController->renderFile()
#7 /Applications/MAMP/htdocs/yii-1.1.14.f0fee9/framework/web/CController.php(782): PageController->renderPartial()
#8 /Applications/MAMP/htdocs/protected/controllers/PageController.php(47): PageController->render()
#9 /Applications/MAMP/htdocs/yii-1.1.14.f0fee9/framework/web/actions/CInlineAction.php(49): PageController->actionIndex()
#10 /Applications/MAMP/htdocs/yii-1.1.14.f0fee9/framework/web/CController.php(308): CInlineAction->runWithParams()
#11 /Applications/MAMP/htdocs/yii-1.1.14.f0fee9/framework/web/filters/CFilterChain.php(133): PageController->runAction()
#12 /Applications/MAMP/htdocs/yii-1.1.14.f0fee9/framework/web/filters/CFilter.php(40): CFilterChain->run()
#13 /Applications/MAMP/htdocs/yii-1.1.14.f0fee9/framework/web/CController.php(1145): CAccessControlFilter->filter()
#14 /Applications/MAMP/htdocs/yii-1.1.14.f0fee9/framework/web/filters/CInlineFilter.php(58): PageController->filterAccessControl()
#15 /Applications/MAMP/htdocs/yii-1.1.14.f0fee9/framework/web/filters/CFilterChain.php(130): CInlineFilter->filter()
#16 /Applications/MAMP/htdocs/yii-1.1.14.f0fee9/framework/web/CController.php(291): CFilterChain->run()
#17 /Applications/MAMP/htdocs/yii-1.1.14.f0fee9/framework/web/CController.php(265): PageController->runActionWithFilters()
#18 /Applications/MAMP/htdocs/yii-1.1.14.f0fee9/framework/web/CWebApplication.php(282): PageController->run()
#19 /Applications/MAMP/htdocs/yii-1.1.14.f0fee9/framework/web/CWebApplication.php(141): CWebApplication->runController()
#20 /Applications/MAMP/htdocs/yii-1.1.14.f0fee9/framework/base/CApplication.php(180): CWebApplication->processRequest()
#21 /Applications/MAMP/htdocs/index.php(18): CWebApplication->run()
REQUEST_URI=/page/index
2019/06/21 00:20:59 [error] [php] Invalid argument supplied for foreach() (/Applications/MAMP/htdocs/yii-1.1.14.f0fee9/framework/db/ar/CActiveFinder.php:826)
Stack trace:
#0 /Applications/MAMP/htdocs/yii-1.1.14.f0fee9/framework/db/ar/CActiveFinder.php(163): CJoinElement->lazyFind()
#1 /Applications/MAMP/htdocs/yii-1.1.14.f0fee9/framework/db/ar/CActiveRecord.php(281): CActiveFinder->lazyFind()
#2 /Applications/MAMP/htdocs/yii-1.1.14.f0fee9/framework/db/ar/CActiveRecord.php(143): MMaster->getRelated()
#3 /Applications/MAMP/htdocs/protected/views/page/index.php(240): MMaster->__get()
#4 /Applications/MAMP/htdocs/yii-1.1.14.f0fee9/framework/web/CBaseController.php(126): require()
#5 /Applications/MAMP/htdocs/yii-1.1.14.f0fee9/framework/web/CBaseController.php(95): PageController->renderInternal()
#6 /Applications/MAMP/htdocs/yii-1.1.14.f0fee9/framework/web/CController.php(869): PageController->renderFile()
#7 /Applications/MAMP/htdocs/yii-1.1.14.f0fee9/framework/web/CController.php(782): PageController->renderPartial()
#8 /Applications/MAMP/htdocs/protected/controllers/PageController.php(47): PageController->render()
#9 /Applications/MAMP/htdocs/yii-1.1.14.f0fee9/framework/web/actions/CInlineAction.php(49): PageController->actionIndex()
#10 /Applications/MAMP/htdocs/yii-1.1.14.f0fee9/framework/web/CController.php(308): CInlineAction->runWithParams()
#11 /Applications/MAMP/htdocs/yii-1.1.14.f0fee9/framework/web/filters/CFilterChain.php(133): PageController->runAction()
#12 /Applications/MAMP/htdocs/yii-1.1.14.f0fee9/framework/web/filters/CFilter.php(40): CFilterChain->run()
#13 /Applications/MAMP/htdocs/yii-1.1.14.f0fee9/framework/web/CController.php(1145): CAccessControlFilter->filter()
#14 /Applications/MAMP/htdocs/yii-1.1.14.f0fee9/framework/web/filters/CInlineFilter.php(58): PageController->filterAccessControl()
#15 /Applications/MAMP/htdocs/yii-1.1.14.f0fee9/framework/web/filters/CFilterChain.php(130): CInlineFilter->filter()
#16 /Applications/MAMP/htdocs/yii-1.1.14.f0fee9/framework/web/CController.php(291): CFilterChain->run()
#17 /Applications/MAMP/htdocs/yii-1.1.14.f0fee9/framework/web/CController.php(265): PageController->runActionWithFilters()
#18 /Applications/MAMP/htdocs/yii-1.1.14.f0fee9/framework/web/CWebApplication.php(282): PageController->run()
#19 /Applications/MAMP/htdocs/yii-1.1.14.f0fee9/framework/web/CWebApplication.php(141): CWebApplication->runController()
#20 /Applications/MAMP/htdocs/yii-1.1.14.f0fee9/framework/base/CApplication.php(180): CWebApplication->processRequest()
#21 /Applications/MAMP/htdocs/index.php(18): CWebApplication->run()
REQUEST_URI=/page/index
2019/06/21 00:21:25 [error] [php] Invalid argument supplied for foreach() (/Applications/MAMP/htdocs/yii-1.1.14.f0fee9/framework/db/ar/CActiveFinder.php:826)
Stack trace:
#0 /Applications/MAMP/htdocs/yii-1.1.14.f0fee9/framework/db/ar/CActiveFinder.php(163): CJoinElement->lazyFind()
#1 /Applications/MAMP/htdocs/yii-1.1.14.f0fee9/framework/db/ar/CActiveRecord.php(281): CActiveFinder->lazyFind()
#2 /Applications/MAMP/htdocs/yii-1.1.14.f0fee9/framework/db/ar/CActiveRecord.php(143): MMaster->getRelated()
#3 /Applications/MAMP/htdocs/protected/views/page/index.php(240): MMaster->__get()
#4 /Applications/MAMP/htdocs/yii-1.1.14.f0fee9/framework/web/CBaseController.php(126): require()
#5 /Applications/MAMP/htdocs/yii-1.1.14.f0fee9/framework/web/CBaseController.php(95): PageController->renderInternal()
#6 /Applications/MAMP/htdocs/yii-1.1.14.f0fee9/framework/web/CController.php(869): PageController->renderFile()
#7 /Applications/MAMP/htdocs/yii-1.1.14.f0fee9/framework/web/CController.php(782): PageController->renderPartial()
#8 /Applications/MAMP/htdocs/protected/controllers/PageController.php(51): PageController->render()
#9 /Applications/MAMP/htdocs/yii-1.1.14.f0fee9/framework/web/actions/CInlineAction.php(49): PageController->actionIndex()
#10 /Applications/MAMP/htdocs/yii-1.1.14.f0fee9/framework/web/CController.php(308): CInlineAction->runWithParams()
#11 /Applications/MAMP/htdocs/yii-1.1.14.f0fee9/framework/web/filters/CFilterChain.php(133): PageController->runAction()
#12 /Applications/MAMP/htdocs/yii-1.1.14.f0fee9/framework/web/filters/CFilter.php(40): CFilterChain->run()
#13 /Applications/MAMP/htdocs/yii-1.1.14.f0fee9/framework/web/CController.php(1145): CAccessControlFilter->filter()
#14 /Applications/MAMP/htdocs/yii-1.1.14.f0fee9/framework/web/filters/CInlineFilter.php(58): PageController->filterAccessControl()
#15 /Applications/MAMP/htdocs/yii-1.1.14.f0fee9/framework/web/filters/CFilterChain.php(130): CInlineFilter->filter()
#16 /Applications/MAMP/htdocs/yii-1.1.14.f0fee9/framework/web/CController.php(291): CFilterChain->run()
#17 /Applications/MAMP/htdocs/yii-1.1.14.f0fee9/framework/web/CController.php(265): PageController->runActionWithFilters()
#18 /Applications/MAMP/htdocs/yii-1.1.14.f0fee9/framework/web/CWebApplication.php(282): PageController->run()
#19 /Applications/MAMP/htdocs/yii-1.1.14.f0fee9/framework/web/CWebApplication.php(141): CWebApplication->runController()
#20 /Applications/MAMP/htdocs/yii-1.1.14.f0fee9/framework/base/CApplication.php(180): CWebApplication->processRequest()
#21 /Applications/MAMP/htdocs/index.php(18): CWebApplication->run()
REQUEST_URI=/page/index
2019/06/21 00:21:27 [error] [php] Invalid argument supplied for foreach() (/Applications/MAMP/htdocs/yii-1.1.14.f0fee9/framework/db/ar/CActiveFinder.php:826)
Stack trace:
#0 /Applications/MAMP/htdocs/yii-1.1.14.f0fee9/framework/db/ar/CActiveFinder.php(163): CJoinElement->lazyFind()
#1 /Applications/MAMP/htdocs/yii-1.1.14.f0fee9/framework/db/ar/CActiveRecord.php(281): CActiveFinder->lazyFind()
#2 /Applications/MAMP/htdocs/yii-1.1.14.f0fee9/framework/db/ar/CActiveRecord.php(143): MMaster->getRelated()
#3 /Applications/MAMP/htdocs/protected/views/page/index.php(240): MMaster->__get()
#4 /Applications/MAMP/htdocs/yii-1.1.14.f0fee9/framework/web/CBaseController.php(126): require()
#5 /Applications/MAMP/htdocs/yii-1.1.14.f0fee9/framework/web/CBaseController.php(95): PageController->renderInternal()
#6 /Applications/MAMP/htdocs/yii-1.1.14.f0fee9/framework/web/CController.php(869): PageController->renderFile()
#7 /Applications/MAMP/htdocs/yii-1.1.14.f0fee9/framework/web/CController.php(782): PageController->renderPartial()
#8 /Applications/MAMP/htdocs/protected/controllers/PageController.php(51): PageController->render()
#9 /Applications/MAMP/htdocs/yii-1.1.14.f0fee9/framework/web/actions/CInlineAction.php(49): PageController->actionIndex()
#10 /Applications/MAMP/htdocs/yii-1.1.14.f0fee9/framework/web/CController.php(308): CInlineAction->runWithParams()
#11 /Applications/MAMP/htdocs/yii-1.1.14.f0fee9/framework/web/filters/CFilterChain.php(133): PageController->runAction()
#12 /Applications/MAMP/htdocs/yii-1.1.14.f0fee9/framework/web/filters/CFilter.php(40): CFilterChain->run()
#13 /Applications/MAMP/htdocs/yii-1.1.14.f0fee9/framework/web/CController.php(1145): CAccessControlFilter->filter()
#14 /Applications/MAMP/htdocs/yii-1.1.14.f0fee9/framework/web/filters/CInlineFilter.php(58): PageController->filterAccessControl()
#15 /Applications/MAMP/htdocs/yii-1.1.14.f0fee9/framework/web/filters/CFilterChain.php(130): CInlineFilter->filter()
#16 /Applications/MAMP/htdocs/yii-1.1.14.f0fee9/framework/web/CController.php(291): CFilterChain->run()
#17 /Applications/MAMP/htdocs/yii-1.1.14.f0fee9/framework/web/CController.php(265): PageController->runActionWithFilters()
#18 /Applications/MAMP/htdocs/yii-1.1.14.f0fee9/framework/web/CWebApplication.php(282): PageController->run()
#19 /Applications/MAMP/htdocs/yii-1.1.14.f0fee9/framework/web/CWebApplication.php(141): CWebApplication->runController()
#20 /Applications/MAMP/htdocs/yii-1.1.14.f0fee9/framework/base/CApplication.php(180): CWebApplication->processRequest()
#21 /Applications/MAMP/htdocs/index.php(18): CWebApplication->run()
REQUEST_URI=/page/index
2019/06/21 00:21:29 [error] [php] Invalid argument supplied for foreach() (/Applications/MAMP/htdocs/yii-1.1.14.f0fee9/framework/db/ar/CActiveFinder.php:826)
Stack trace:
#0 /Applications/MAMP/htdocs/yii-1.1.14.f0fee9/framework/db/ar/CActiveFinder.php(163): CJoinElement->lazyFind()
#1 /Applications/MAMP/htdocs/yii-1.1.14.f0fee9/framework/db/ar/CActiveRecord.php(281): CActiveFinder->lazyFind()
#2 /Applications/MAMP/htdocs/yii-1.1.14.f0fee9/framework/db/ar/CActiveRecord.php(143): MMaster->getRelated()
#3 /Applications/MAMP/htdocs/protected/views/page/index.php(240): MMaster->__get()
#4 /Applications/MAMP/htdocs/yii-1.1.14.f0fee9/framework/web/CBaseController.php(126): require()
#5 /Applications/MAMP/htdocs/yii-1.1.14.f0fee9/framework/web/CBaseController.php(95): PageController->renderInternal()
#6 /Applications/MAMP/htdocs/yii-1.1.14.f0fee9/framework/web/CController.php(869): PageController->renderFile()
#7 /Applications/MAMP/htdocs/yii-1.1.14.f0fee9/framework/web/CController.php(782): PageController->renderPartial()
#8 /Applications/MAMP/htdocs/protected/controllers/PageController.php(51): PageController->render()
#9 /Applications/MAMP/htdocs/yii-1.1.14.f0fee9/framework/web/actions/CInlineAction.php(49): PageController->actionIndex()
#10 /Applications/MAMP/htdocs/yii-1.1.14.f0fee9/framework/web/CController.php(308): CInlineAction->runWithParams()
#11 /Applications/MAMP/htdocs/yii-1.1.14.f0fee9/framework/web/filters/CFilterChain.php(133): PageController->runAction()
#12 /Applications/MAMP/htdocs/yii-1.1.14.f0fee9/framework/web/filters/CFilter.php(40): CFilterChain->run()
#13 /Applications/MAMP/htdocs/yii-1.1.14.f0fee9/framework/web/CController.php(1145): CAccessControlFilter->filter()
#14 /Applications/MAMP/htdocs/yii-1.1.14.f0fee9/framework/web/filters/CInlineFilter.php(58): PageController->filterAccessControl()
#15 /Applications/MAMP/htdocs/yii-1.1.14.f0fee9/framework/web/filters/CFilterChain.php(130): CInlineFilter->filter()
#16 /Applications/MAMP/htdocs/yii-1.1.14.f0fee9/framework/web/CController.php(291): CFilterChain->run()
#17 /Applications/MAMP/htdocs/yii-1.1.14.f0fee9/framework/web/CController.php(265): PageController->runActionWithFilters()
#18 /Applications/MAMP/htdocs/yii-1.1.14.f0fee9/framework/web/CWebApplication.php(282): PageController->run()
#19 /Applications/MAMP/htdocs/yii-1.1.14.f0fee9/framework/web/CWebApplication.php(141): CWebApplication->runController()
#20 /Applications/MAMP/htdocs/yii-1.1.14.f0fee9/framework/base/CApplication.php(180): CWebApplication->processRequest()
#21 /Applications/MAMP/htdocs/index.php(18): CWebApplication->run()
REQUEST_URI=/page/index
2019/06/21 00:23:12 [error] [exception.ParseError] ParseError: syntax error, unexpected 'die' (T_EXIT), expecting function (T_FUNCTION) or const (T_CONST) in /Applications/MAMP/htdocs/protected/controllers/PageController.php:5
Stack trace:
#0 /Applications/MAMP/htdocs/yii-1.1.14.f0fee9/framework/web/CWebApplication.php(276): CWebApplication->createController('index/')
#1 /Applications/MAMP/htdocs/yii-1.1.14.f0fee9/framework/web/CWebApplication.php(141): CWebApplication->runController('page/index')
#2 /Applications/MAMP/htdocs/yii-1.1.14.f0fee9/framework/base/CApplication.php(180): CWebApplication->processRequest()
#3 /Applications/MAMP/htdocs/index.php(18): CApplication->run()
#4 {main}
REQUEST_URI=/page/index
---
2019/06/21 00:24:04 [error] [php] Invalid argument supplied for foreach() (/Applications/MAMP/htdocs/yii-1.1.14.f0fee9/framework/db/ar/CActiveFinder.php:826)
Stack trace:
#0 /Applications/MAMP/htdocs/yii-1.1.14.f0fee9/framework/db/ar/CActiveFinder.php(163): CJoinElement->lazyFind()
#1 /Applications/MAMP/htdocs/yii-1.1.14.f0fee9/framework/db/ar/CActiveRecord.php(281): CActiveFinder->lazyFind()
#2 /Applications/MAMP/htdocs/yii-1.1.14.f0fee9/framework/db/ar/CActiveRecord.php(143): MMaster->getRelated()
#3 /Applications/MAMP/htdocs/protected/views/page/index.php(240): MMaster->__get()
#4 /Applications/MAMP/htdocs/yii-1.1.14.f0fee9/framework/web/CBaseController.php(126): require()
#5 /Applications/MAMP/htdocs/yii-1.1.14.f0fee9/framework/web/CBaseController.php(95): PageController->renderInternal()
#6 /Applications/MAMP/htdocs/yii-1.1.14.f0fee9/framework/web/CController.php(869): PageController->renderFile()
#7 /Applications/MAMP/htdocs/yii-1.1.14.f0fee9/framework/web/CController.php(782): PageController->renderPartial()
#8 /Applications/MAMP/htdocs/protected/controllers/PageController.php(47): PageController->render()
#9 /Applications/MAMP/htdocs/yii-1.1.14.f0fee9/framework/web/actions/CInlineAction.php(49): PageController->actionIndex()
#10 /Applications/MAMP/htdocs/yii-1.1.14.f0fee9/framework/web/CController.php(308): CInlineAction->runWithParams()
#11 /Applications/MAMP/htdocs/yii-1.1.14.f0fee9/framework/web/filters/CFilterChain.php(133): PageController->runAction()
#12 /Applications/MAMP/htdocs/yii-1.1.14.f0fee9/framework/web/filters/CFilter.php(40): CFilterChain->run()
#13 /Applications/MAMP/htdocs/yii-1.1.14.f0fee9/framework/web/CController.php(1145): CAccessControlFilter->filter()
#14 /Applications/MAMP/htdocs/yii-1.1.14.f0fee9/framework/web/filters/CInlineFilter.php(58): PageController->filterAccessControl()
#15 /Applications/MAMP/htdocs/yii-1.1.14.f0fee9/framework/web/filters/CFilterChain.php(130): CInlineFilter->filter()
#16 /Applications/MAMP/htdocs/yii-1.1.14.f0fee9/framework/web/CController.php(291): CFilterChain->run()
#17 /Applications/MAMP/htdocs/yii-1.1.14.f0fee9/framework/web/CController.php(265): PageController->runActionWithFilters()
#18 /Applications/MAMP/htdocs/yii-1.1.14.f0fee9/framework/web/CWebApplication.php(282): PageController->run()
#19 /Applications/MAMP/htdocs/yii-1.1.14.f0fee9/framework/web/CWebApplication.php(141): CWebApplication->runController()
#20 /Applications/MAMP/htdocs/yii-1.1.14.f0fee9/framework/base/CApplication.php(180): CWebApplication->processRequest()
#21 /Applications/MAMP/htdocs/index.php(18): CWebApplication->run()
REQUEST_URI=/page/index
2019/06/21 00:24:41 [error] [exception.ParseError] ParseError: syntax error, unexpected '$this' (T_VARIABLE), expecting function (T_FUNCTION) or const (T_CONST) in /Applications/MAMP/htdocs/protected/controllers/PageController.php:309
Stack trace:
#0 /Applications/MAMP/htdocs/yii-1.1.14.f0fee9/framework/web/CWebApplication.php(276): CWebApplication->createController('index/')
#1 /Applications/MAMP/htdocs/yii-1.1.14.f0fee9/framework/web/CWebApplication.php(141): CWebApplication->runController('page/index')
#2 /Applications/MAMP/htdocs/yii-1.1.14.f0fee9/framework/base/CApplication.php(180): CWebApplication->processRequest()
#3 /Applications/MAMP/htdocs/index.php(18): CApplication->run()
#4 {main}
REQUEST_URI=/page/index
---
2019/06/21 00:24:52 [error] [php] Invalid argument supplied for foreach() (/Applications/MAMP/htdocs/yii-1.1.14.f0fee9/framework/db/ar/CActiveFinder.php:826)
Stack trace:
#0 /Applications/MAMP/htdocs/yii-1.1.14.f0fee9/framework/db/ar/CActiveFinder.php(163): CJoinElement->lazyFind()
#1 /Applications/MAMP/htdocs/yii-1.1.14.f0fee9/framework/db/ar/CActiveRecord.php(281): CActiveFinder->lazyFind()
#2 /Applications/MAMP/htdocs/yii-1.1.14.f0fee9/framework/db/ar/CActiveRecord.php(143): MMaster->getRelated()
#3 /Applications/MAMP/htdocs/protected/views/page/index.php(240): MMaster->__get()
#4 /Applications/MAMP/htdocs/yii-1.1.14.f0fee9/framework/web/CBaseController.php(126): require()
#5 /Applications/MAMP/htdocs/yii-1.1.14.f0fee9/framework/web/CBaseController.php(95): PageController->renderInternal()
#6 /Applications/MAMP/htdocs/yii-1.1.14.f0fee9/framework/web/CController.php(869): PageController->renderFile()
#7 /Applications/MAMP/htdocs/yii-1.1.14.f0fee9/framework/web/CController.php(782): PageController->renderPartial()
#8 /Applications/MAMP/htdocs/protected/controllers/PageController.php(47): PageController->render()
#9 /Applications/MAMP/htdocs/yii-1.1.14.f0fee9/framework/web/actions/CInlineAction.php(49): PageController->actionIndex()
#10 /Applications/MAMP/htdocs/yii-1.1.14.f0fee9/framework/web/CController.php(308): CInlineAction->runWithParams()
#11 /Applications/MAMP/htdocs/yii-1.1.14.f0fee9/framework/web/filters/CFilterChain.php(133): PageController->runAction()
#12 /Applications/MAMP/htdocs/yii-1.1.14.f0fee9/framework/web/filters/CFilter.php(40): CFilterChain->run()
#13 /Applications/MAMP/htdocs/yii-1.1.14.f0fee9/framework/web/CController.php(1145): CAccessControlFilter->filter()
#14 /Applications/MAMP/htdocs/yii-1.1.14.f0fee9/framework/web/filters/CInlineFilter.php(58): PageController->filterAccessControl()
#15 /Applications/MAMP/htdocs/yii-1.1.14.f0fee9/framework/web/filters/CFilterChain.php(130): CInlineFilter->filter()
#16 /Applications/MAMP/htdocs/yii-1.1.14.f0fee9/framework/web/CController.php(291): CFilterChain->run()
#17 /Applications/MAMP/htdocs/yii-1.1.14.f0fee9/framework/web/CController.php(265): PageController->runActionWithFilters()
#18 /Applications/MAMP/htdocs/yii-1.1.14.f0fee9/framework/web/CWebApplication.php(282): PageController->run()
#19 /Applications/MAMP/htdocs/yii-1.1.14.f0fee9/framework/web/CWebApplication.php(141): CWebApplication->runController()
#20 /Applications/MAMP/htdocs/yii-1.1.14.f0fee9/framework/base/CApplication.php(180): CWebApplication->processRequest()
#21 /Applications/MAMP/htdocs/index.php(18): CWebApplication->run()
REQUEST_URI=/page/index
2019/06/21 00:25:09 [error] [php] Invalid argument supplied for foreach() (/Applications/MAMP/htdocs/yii-1.1.14.f0fee9/framework/db/ar/CActiveFinder.php:826)
Stack trace:
#0 /Applications/MAMP/htdocs/yii-1.1.14.f0fee9/framework/db/ar/CActiveFinder.php(163): CJoinElement->lazyFind()
#1 /Applications/MAMP/htdocs/yii-1.1.14.f0fee9/framework/db/ar/CActiveRecord.php(281): CActiveFinder->lazyFind()
#2 /Applications/MAMP/htdocs/yii-1.1.14.f0fee9/framework/db/ar/CActiveRecord.php(143): MMaster->getRelated()
#3 /Applications/MAMP/htdocs/protected/views/page/index.php(240): MMaster->__get()
#4 /Applications/MAMP/htdocs/yii-1.1.14.f0fee9/framework/web/CBaseController.php(126): require()
#5 /Applications/MAMP/htdocs/yii-1.1.14.f0fee9/framework/web/CBaseController.php(95): PageController->renderInternal()
#6 /Applications/MAMP/htdocs/yii-1.1.14.f0fee9/framework/web/CController.php(869): PageController->renderFile()
#7 /Applications/MAMP/htdocs/yii-1.1.14.f0fee9/framework/web/CController.php(782): PageController->renderPartial()
#8 /Applications/MAMP/htdocs/protected/controllers/PageController.php(47): PageController->render()
#9 /Applications/MAMP/htdocs/yii-1.1.14.f0fee9/framework/web/actions/CInlineAction.php(49): PageController->actionIndex()
#10 /Applications/MAMP/htdocs/yii-1.1.14.f0fee9/framework/web/CController.php(308): CInlineAction->runWithParams()
#11 /Applications/MAMP/htdocs/yii-1.1.14.f0fee9/framework/web/filters/CFilterChain.php(133): PageController->runAction()
#12 /Applications/MAMP/htdocs/yii-1.1.14.f0fee9/framework/web/filters/CFilter.php(40): CFilterChain->run()
#13 /Applications/MAMP/htdocs/yii-1.1.14.f0fee9/framework/web/CController.php(1145): CAccessControlFilter->filter()
#14 /Applications/MAMP/htdocs/yii-1.1.14.f0fee9/framework/web/filters/CInlineFilter.php(58): PageController->filterAccessControl()
#15 /Applications/MAMP/htdocs/yii-1.1.14.f0fee9/framework/web/filters/CFilterChain.php(130): CInlineFilter->filter()
#16 /Applications/MAMP/htdocs/yii-1.1.14.f0fee9/framework/web/CController.php(291): CFilterChain->run()
#17 /Applications/MAMP/htdocs/yii-1.1.14.f0fee9/framework/web/CController.php(265): PageController->runActionWithFilters()
#18 /Applications/MAMP/htdocs/yii-1.1.14.f0fee9/framework/web/CWebApplication.php(282): PageController->run()
#19 /Applications/MAMP/htdocs/yii-1.1.14.f0fee9/framework/web/CWebApplication.php(141): CWebApplication->runController()
#20 /Applications/MAMP/htdocs/yii-1.1.14.f0fee9/framework/base/CApplication.php(180): CWebApplication->processRequest()
#21 /Applications/MAMP/htdocs/index.php(18): CWebApplication->run()
REQUEST_URI=/page/index
2019/06/21 00:25:19 [error] [php] Invalid argument supplied for foreach() (/Applications/MAMP/htdocs/yii-1.1.14.f0fee9/framework/db/ar/CActiveFinder.php:826)
Stack trace:
#0 /Applications/MAMP/htdocs/yii-1.1.14.f0fee9/framework/db/ar/CActiveFinder.php(163): CJoinElement->lazyFind()
#1 /Applications/MAMP/htdocs/yii-1.1.14.f0fee9/framework/db/ar/CActiveRecord.php(281): CActiveFinder->lazyFind()
#2 /Applications/MAMP/htdocs/yii-1.1.14.f0fee9/framework/db/ar/CActiveRecord.php(143): MMaster->getRelated()
#3 /Applications/MAMP/htdocs/protected/views/page/index.php(240): MMaster->__get()
#4 /Applications/MAMP/htdocs/yii-1.1.14.f0fee9/framework/web/CBaseController.php(126): require()
#5 /Applications/MAMP/htdocs/yii-1.1.14.f0fee9/framework/web/CBaseController.php(95): PageController->renderInternal()
#6 /Applications/MAMP/htdocs/yii-1.1.14.f0fee9/framework/web/CController.php(869): PageController->renderFile()
#7 /Applications/MAMP/htdocs/yii-1.1.14.f0fee9/framework/web/CController.php(782): PageController->renderPartial()
#8 /Applications/MAMP/htdocs/protected/controllers/PageController.php(47): PageController->render()
#9 /Applications/MAMP/htdocs/yii-1.1.14.f0fee9/framework/web/actions/CInlineAction.php(49): PageController->actionIndex()
#10 /Applications/MAMP/htdocs/yii-1.1.14.f0fee9/framework/web/CController.php(308): CInlineAction->runWithParams()
#11 /Applications/MAMP/htdocs/yii-1.1.14.f0fee9/framework/web/filters/CFilterChain.php(133): PageController->runAction()
#12 /Applications/MAMP/htdocs/yii-1.1.14.f0fee9/framework/web/filters/CFilter.php(40): CFilterChain->run()
#13 /Applications/MAMP/htdocs/yii-1.1.14.f0fee9/framework/web/CController.php(1145): CAccessControlFilter->filter()
#14 /Applications/MAMP/htdocs/yii-1.1.14.f0fee9/framework/web/filters/CInlineFilter.php(58): PageController->filterAccessControl()
#15 /Applications/MAMP/htdocs/yii-1.1.14.f0fee9/framework/web/filters/CFilterChain.php(130): CInlineFilter->filter()
#16 /Applications/MAMP/htdocs/yii-1.1.14.f0fee9/framework/web/CController.php(291): CFilterChain->run()
#17 /Applications/MAMP/htdocs/yii-1.1.14.f0fee9/framework/web/CController.php(265): PageController->runActionWithFilters()
#18 /Applications/MAMP/htdocs/yii-1.1.14.f0fee9/framework/web/CWebApplication.php(282): PageController->run()
#19 /Applications/MAMP/htdocs/yii-1.1.14.f0fee9/framework/web/CWebApplication.php(141): CWebApplication->runController()
#20 /Applications/MAMP/htdocs/yii-1.1.14.f0fee9/framework/base/CApplication.php(180): CWebApplication->processRequest()
#21 /Applications/MAMP/htdocs/index.php(18): CWebApplication->run()
REQUEST_URI=/page/index
2019/06/21 00:25:26 [error] [php] Invalid argument supplied for foreach() (/Applications/MAMP/htdocs/yii-1.1.14.f0fee9/framework/db/ar/CActiveFinder.php:826)
Stack trace:
#0 /Applications/MAMP/htdocs/yii-1.1.14.f0fee9/framework/db/ar/CActiveFinder.php(163): CJoinElement->lazyFind()
#1 /Applications/MAMP/htdocs/yii-1.1.14.f0fee9/framework/db/ar/CActiveRecord.php(281): CActiveFinder->lazyFind()
#2 /Applications/MAMP/htdocs/yii-1.1.14.f0fee9/framework/db/ar/CActiveRecord.php(143): MMaster->getRelated()
#3 /Applications/MAMP/htdocs/protected/views/page/index.php(240): MMaster->__get()
#4 /Applications/MAMP/htdocs/yii-1.1.14.f0fee9/framework/web/CBaseController.php(126): require()
#5 /Applications/MAMP/htdocs/yii-1.1.14.f0fee9/framework/web/CBaseController.php(95): PageController->renderInternal()
#6 /Applications/MAMP/htdocs/yii-1.1.14.f0fee9/framework/web/CController.php(869): PageController->renderFile()
#7 /Applications/MAMP/htdocs/yii-1.1.14.f0fee9/framework/web/CController.php(782): PageController->renderPartial()
#8 /Applications/MAMP/htdocs/protected/controllers/PageController.php(47): PageController->render()
#9 /Applications/MAMP/htdocs/yii-1.1.14.f0fee9/framework/web/actions/CInlineAction.php(49): PageController->actionIndex()
#10 /Applications/MAMP/htdocs/yii-1.1.14.f0fee9/framework/web/CController.php(308): CInlineAction->runWithParams()
#11 /Applications/MAMP/htdocs/yii-1.1.14.f0fee9/framework/web/filters/CFilterChain.php(133): PageController->runAction()
#12 /Applications/MAMP/htdocs/yii-1.1.14.f0fee9/framework/web/filters/CFilter.php(40): CFilterChain->run()
#13 /Applications/MAMP/htdocs/yii-1.1.14.f0fee9/framework/web/CController.php(1145): CAccessControlFilter->filter()
#14 /Applications/MAMP/htdocs/yii-1.1.14.f0fee9/framework/web/filters/CInlineFilter.php(58): PageController->filterAccessControl()
#15 /Applications/MAMP/htdocs/yii-1.1.14.f0fee9/framework/web/filters/CFilterChain.php(130): CInlineFilter->filter()
#16 /Applications/MAMP/htdocs/yii-1.1.14.f0fee9/framework/web/CController.php(291): CFilterChain->run()
#17 /Applications/MAMP/htdocs/yii-1.1.14.f0fee9/framework/web/CController.php(265): PageController->runActionWithFilters()
#18 /Applications/MAMP/htdocs/yii-1.1.14.f0fee9/framework/web/CWebApplication.php(282): PageController->run()
#19 /Applications/MAMP/htdocs/yii-1.1.14.f0fee9/framework/web/CWebApplication.php(141): CWebApplication->runController()
#20 /Applications/MAMP/htdocs/yii-1.1.14.f0fee9/framework/base/CApplication.php(180): CWebApplication->processRequest()
#21 /Applications/MAMP/htdocs/index.php(18): CWebApplication->run()
REQUEST_URI=/page/index
2019/06/21 00:25:42 [error] [php] Invalid argument supplied for foreach() (/Applications/MAMP/htdocs/yii-1.1.14.f0fee9/framework/db/ar/CActiveFinder.php:826)
Stack trace:
#0 /Applications/MAMP/htdocs/yii-1.1.14.f0fee9/framework/db/ar/CActiveFinder.php(163): CJoinElement->lazyFind()
#1 /Applications/MAMP/htdocs/yii-1.1.14.f0fee9/framework/db/ar/CActiveRecord.php(281): CActiveFinder->lazyFind()
#2 /Applications/MAMP/htdocs/yii-1.1.14.f0fee9/framework/db/ar/CActiveRecord.php(143): MMaster->getRelated()
#3 /Applications/MAMP/htdocs/protected/views/page/index.php(240): MMaster->__get()
#4 /Applications/MAMP/htdocs/yii-1.1.14.f0fee9/framework/web/CBaseController.php(126): require()
#5 /Applications/MAMP/htdocs/yii-1.1.14.f0fee9/framework/web/CBaseController.php(95): PageController->renderInternal()
#6 /Applications/MAMP/htdocs/yii-1.1.14.f0fee9/framework/web/CController.php(869): PageController->renderFile()
#7 /Applications/MAMP/htdocs/yii-1.1.14.f0fee9/framework/web/CController.php(782): PageController->renderPartial()
#8 /Applications/MAMP/htdocs/protected/controllers/PageController.php(47): PageController->render()
#9 /Applications/MAMP/htdocs/yii-1.1.14.f0fee9/framework/web/actions/CInlineAction.php(49): PageController->actionIndex()
#10 /Applications/MAMP/htdocs/yii-1.1.14.f0fee9/framework/web/CController.php(308): CInlineAction->runWithParams()
#11 /Applications/MAMP/htdocs/yii-1.1.14.f0fee9/framework/web/filters/CFilterChain.php(133): PageController->runAction()
#12 /Applications/MAMP/htdocs/yii-1.1.14.f0fee9/framework/web/filters/CFilter.php(40): CFilterChain->run()
#13 /Applications/MAMP/htdocs/yii-1.1.14.f0fee9/framework/web/CController.php(1145): CAccessControlFilter->filter()
#14 /Applications/MAMP/htdocs/yii-1.1.14.f0fee9/framework/web/filters/CInlineFilter.php(58): PageController->filterAccessControl()
#15 /Applications/MAMP/htdocs/yii-1.1.14.f0fee9/framework/web/filters/CFilterChain.php(130): CInlineFilter->filter()
#16 /Applications/MAMP/htdocs/yii-1.1.14.f0fee9/framework/web/CController.php(291): CFilterChain->run()
#17 /Applications/MAMP/htdocs/yii-1.1.14.f0fee9/framework/web/CController.php(265): PageController->runActionWithFilters()
#18 /Applications/MAMP/htdocs/yii-1.1.14.f0fee9/framework/web/CWebApplication.php(282): PageController->run()
#19 /Applications/MAMP/htdocs/yii-1.1.14.f0fee9/framework/web/CWebApplication.php(141): CWebApplication->runController()
#20 /Applications/MAMP/htdocs/yii-1.1.14.f0fee9/framework/base/CApplication.php(180): CWebApplication->processRequest()
#21 /Applications/MAMP/htdocs/index.php(18): CWebApplication->run()
REQUEST_URI=/page/index
2019/06/21 00:30:40 [error] [php] Invalid argument supplied for foreach() (/Applications/MAMP/htdocs/yii-1.1.14.f0fee9/framework/db/ar/CActiveFinder.php:826)
Stack trace:
#0 /Applications/MAMP/htdocs/yii-1.1.14.f0fee9/framework/db/ar/CActiveFinder.php(163): CJoinElement->lazyFind()
#1 /Applications/MAMP/htdocs/yii-1.1.14.f0fee9/framework/db/ar/CActiveRecord.php(281): CActiveFinder->lazyFind()
#2 /Applications/MAMP/htdocs/yii-1.1.14.f0fee9/framework/db/ar/CActiveRecord.php(143): MMaster->getRelated()
#3 /Applications/MAMP/htdocs/protected/views/page/index.php(240): MMaster->__get()
#4 /Applications/MAMP/htdocs/yii-1.1.14.f0fee9/framework/web/CBaseController.php(126): require()
#5 /Applications/MAMP/htdocs/yii-1.1.14.f0fee9/framework/web/CBaseController.php(95): PageController->renderInternal()
#6 /Applications/MAMP/htdocs/yii-1.1.14.f0fee9/framework/web/CController.php(869): PageController->renderFile()
#7 /Applications/MAMP/htdocs/yii-1.1.14.f0fee9/framework/web/CController.php(782): PageController->renderPartial()
#8 /Applications/MAMP/htdocs/protected/controllers/PageController.php(42): PageController->render()
#9 /Applications/MAMP/htdocs/yii-1.1.14.f0fee9/framework/web/actions/CInlineAction.php(49): PageController->actionIndex()
#10 /Applications/MAMP/htdocs/yii-1.1.14.f0fee9/framework/web/CController.php(308): CInlineAction->runWithParams()
#11 /Applications/MAMP/htdocs/yii-1.1.14.f0fee9/framework/web/filters/CFilterChain.php(133): PageController->runAction()
#12 /Applications/MAMP/htdocs/yii-1.1.14.f0fee9/framework/web/filters/CFilter.php(40): CFilterChain->run()
#13 /Applications/MAMP/htdocs/yii-1.1.14.f0fee9/framework/web/CController.php(1145): CAccessControlFilter->filter()
#14 /Applications/MAMP/htdocs/yii-1.1.14.f0fee9/framework/web/filters/CInlineFilter.php(58): PageController->filterAccessControl()
#15 /Applications/MAMP/htdocs/yii-1.1.14.f0fee9/framework/web/filters/CFilterChain.php(130): CInlineFilter->filter()
#16 /Applications/MAMP/htdocs/yii-1.1.14.f0fee9/framework/web/CController.php(291): CFilterChain->run()
#17 /Applications/MAMP/htdocs/yii-1.1.14.f0fee9/framework/web/CController.php(265): PageController->runActionWithFilters()
#18 /Applications/MAMP/htdocs/yii-1.1.14.f0fee9/framework/web/CWebApplication.php(282): PageController->run()
#19 /Applications/MAMP/htdocs/yii-1.1.14.f0fee9/framework/web/CWebApplication.php(141): CWebApplication->runController()
#20 /Applications/MAMP/htdocs/yii-1.1.14.f0fee9/framework/base/CApplication.php(180): CWebApplication->processRequest()
#21 /Applications/MAMP/htdocs/index.php(18): CWebApplication->run()
REQUEST_URI=/page/index
2019/06/21 00:31:54 [error] [php] Invalid argument supplied for foreach() (/Applications/MAMP/htdocs/yii-1.1.14.f0fee9/framework/db/ar/CActiveFinder.php:826)
Stack trace:
#0 /Applications/MAMP/htdocs/yii-1.1.14.f0fee9/framework/db/ar/CActiveFinder.php(163): CJoinElement->lazyFind()
#1 /Applications/MAMP/htdocs/yii-1.1.14.f0fee9/framework/db/ar/CActiveRecord.php(281): CActiveFinder->lazyFind()
#2 /Applications/MAMP/htdocs/yii-1.1.14.f0fee9/framework/db/ar/CActiveRecord.php(143): MMaster->getRelated()
#3 /Applications/MAMP/htdocs/protected/views/page/index.php(240): MMaster->__get()
#4 /Applications/MAMP/htdocs/yii-1.1.14.f0fee9/framework/web/CBaseController.php(126): require()
#5 /Applications/MAMP/htdocs/yii-1.1.14.f0fee9/framework/web/CBaseController.php(95): PageController->renderInternal()
#6 /Applications/MAMP/htdocs/yii-1.1.14.f0fee9/framework/web/CController.php(869): PageController->renderFile()
#7 /Applications/MAMP/htdocs/yii-1.1.14.f0fee9/framework/web/CController.php(782): PageController->renderPartial()
#8 /Applications/MAMP/htdocs/protected/controllers/PageController.php(42): PageController->render()
#9 /Applications/MAMP/htdocs/yii-1.1.14.f0fee9/framework/web/actions/CInlineAction.php(49): PageController->actionIndex()
#10 /Applications/MAMP/htdocs/yii-1.1.14.f0fee9/framework/web/CController.php(308): CInlineAction->runWithParams()
#11 /Applications/MAMP/htdocs/yii-1.1.14.f0fee9/framework/web/filters/CFilterChain.php(133): PageController->runAction()
#12 /Applications/MAMP/htdocs/yii-1.1.14.f0fee9/framework/web/filters/CFilter.php(40): CFilterChain->run()
#13 /Applications/MAMP/htdocs/yii-1.1.14.f0fee9/framework/web/CController.php(1145): CAccessControlFilter->filter()
#14 /Applications/MAMP/htdocs/yii-1.1.14.f0fee9/framework/web/filters/CInlineFilter.php(58): PageController->filterAccessControl()
#15 /Applications/MAMP/htdocs/yii-1.1.14.f0fee9/framework/web/filters/CFilterChain.php(130): CInlineFilter->filter()
#16 /Applications/MAMP/htdocs/yii-1.1.14.f0fee9/framework/web/CController.php(291): CFilterChain->run()
#17 /Applications/MAMP/htdocs/yii-1.1.14.f0fee9/framework/web/CController.php(265): PageController->runActionWithFilters()
#18 /Applications/MAMP/htdocs/yii-1.1.14.f0fee9/framework/web/CWebApplication.php(282): PageController->run()
#19 /Applications/MAMP/htdocs/yii-1.1.14.f0fee9/framework/web/CWebApplication.php(141): CWebApplication->runController()
#20 /Applications/MAMP/htdocs/yii-1.1.14.f0fee9/framework/base/CApplication.php(180): CWebApplication->processRequest()
#21 /Applications/MAMP/htdocs/index.php(18): CWebApplication->run()
REQUEST_URI=/page/index
2019/06/21 00:31:56 [error] [php] Invalid argument supplied for foreach() (/Applications/MAMP/htdocs/yii-1.1.14.f0fee9/framework/db/ar/CActiveFinder.php:826)
Stack trace:
#0 /Applications/MAMP/htdocs/yii-1.1.14.f0fee9/framework/db/ar/CActiveFinder.php(163): CJoinElement->lazyFind()
#1 /Applications/MAMP/htdocs/yii-1.1.14.f0fee9/framework/db/ar/CActiveRecord.php(281): CActiveFinder->lazyFind()
#2 /Applications/MAMP/htdocs/yii-1.1.14.f0fee9/framework/db/ar/CActiveRecord.php(143): MMaster->getRelated()
#3 /Applications/MAMP/htdocs/protected/views/page/index.php(240): MMaster->__get()
#4 /Applications/MAMP/htdocs/yii-1.1.14.f0fee9/framework/web/CBaseController.php(126): require()
#5 /Applications/MAMP/htdocs/yii-1.1.14.f0fee9/framework/web/CBaseController.php(95): PageController->renderInternal()
#6 /Applications/MAMP/htdocs/yii-1.1.14.f0fee9/framework/web/CController.php(869): PageController->renderFile()
#7 /Applications/MAMP/htdocs/yii-1.1.14.f0fee9/framework/web/CController.php(782): PageController->renderPartial()
#8 /Applications/MAMP/htdocs/protected/controllers/PageController.php(42): PageController->render()
#9 /Applications/MAMP/htdocs/yii-1.1.14.f0fee9/framework/web/actions/CInlineAction.php(49): PageController->actionIndex()
#10 /Applications/MAMP/htdocs/yii-1.1.14.f0fee9/framework/web/CController.php(308): CInlineAction->runWithParams()
#11 /Applications/MAMP/htdocs/yii-1.1.14.f0fee9/framework/web/filters/CFilterChain.php(133): PageController->runAction()
#12 /Applications/MAMP/htdocs/yii-1.1.14.f0fee9/framework/web/filters/CFilter.php(40): CFilterChain->run()
#13 /Applications/MAMP/htdocs/yii-1.1.14.f0fee9/framework/web/CController.php(1145): CAccessControlFilter->filter()
#14 /Applications/MAMP/htdocs/yii-1.1.14.f0fee9/framework/web/filters/CInlineFilter.php(58): PageController->filterAccessControl()
#15 /Applications/MAMP/htdocs/yii-1.1.14.f0fee9/framework/web/filters/CFilterChain.php(130): CInlineFilter->filter()
#16 /Applications/MAMP/htdocs/yii-1.1.14.f0fee9/framework/web/CController.php(291): CFilterChain->run()
#17 /Applications/MAMP/htdocs/yii-1.1.14.f0fee9/framework/web/CController.php(265): PageController->runActionWithFilters()
#18 /Applications/MAMP/htdocs/yii-1.1.14.f0fee9/framework/web/CWebApplication.php(282): PageController->run()
#19 /Applications/MAMP/htdocs/yii-1.1.14.f0fee9/framework/web/CWebApplication.php(141): CWebApplication->runController()
#20 /Applications/MAMP/htdocs/yii-1.1.14.f0fee9/framework/base/CApplication.php(180): CWebApplication->processRequest()
#21 /Applications/MAMP/htdocs/index.php(18): CWebApplication->run()
REQUEST_URI=/page/index
2019/06/21 00:31:57 [error] [php] Invalid argument supplied for foreach() (/Applications/MAMP/htdocs/yii-1.1.14.f0fee9/framework/db/ar/CActiveFinder.php:826)
Stack trace:
#0 /Applications/MAMP/htdocs/yii-1.1.14.f0fee9/framework/db/ar/CActiveFinder.php(163): CJoinElement->lazyFind()
#1 /Applications/MAMP/htdocs/yii-1.1.14.f0fee9/framework/db/ar/CActiveRecord.php(281): CActiveFinder->lazyFind()
#2 /Applications/MAMP/htdocs/yii-1.1.14.f0fee9/framework/db/ar/CActiveRecord.php(143): MMaster->getRelated()
#3 /Applications/MAMP/htdocs/protected/views/page/index.php(240): MMaster->__get()
#4 /Applications/MAMP/htdocs/yii-1.1.14.f0fee9/framework/web/CBaseController.php(126): require()
#5 /Applications/MAMP/htdocs/yii-1.1.14.f0fee9/framework/web/CBaseController.php(95): PageController->renderInternal()
#6 /Applications/MAMP/htdocs/yii-1.1.14.f0fee9/framework/web/CController.php(869): PageController->renderFile()
#7 /Applications/MAMP/htdocs/yii-1.1.14.f0fee9/framework/web/CController.php(782): PageController->renderPartial()
#8 /Applications/MAMP/htdocs/protected/controllers/PageController.php(42): PageController->render()
#9 /Applications/MAMP/htdocs/yii-1.1.14.f0fee9/framework/web/actions/CInlineAction.php(49): PageController->actionIndex()
#10 /Applications/MAMP/htdocs/yii-1.1.14.f0fee9/framework/web/CController.php(308): CInlineAction->runWithParams()
#11 /Applications/MAMP/htdocs/yii-1.1.14.f0fee9/framework/web/filters/CFilterChain.php(133): PageController->runAction()
#12 /Applications/MAMP/htdocs/yii-1.1.14.f0fee9/framework/web/filters/CFilter.php(40): CFilterChain->run()
#13 /Applications/MAMP/htdocs/yii-1.1.14.f0fee9/framework/web/CController.php(1145): CAccessControlFilter->filter()
#14 /Applications/MAMP/htdocs/yii-1.1.14.f0fee9/framework/web/filters/CInlineFilter.php(58): PageController->filterAccessControl()
#15 /Applications/MAMP/htdocs/yii-1.1.14.f0fee9/framework/web/filters/CFilterChain.php(130): CInlineFilter->filter()
#16 /Applications/MAMP/htdocs/yii-1.1.14.f0fee9/framework/web/CController.php(291): CFilterChain->run()
#17 /Applications/MAMP/htdocs/yii-1.1.14.f0fee9/framework/web/CController.php(265): PageController->runActionWithFilters()
#18 /Applications/MAMP/htdocs/yii-1.1.14.f0fee9/framework/web/CWebApplication.php(282): PageController->run()
#19 /Applications/MAMP/htdocs/yii-1.1.14.f0fee9/framework/web/CWebApplication.php(141): CWebApplication->runController()
#20 /Applications/MAMP/htdocs/yii-1.1.14.f0fee9/framework/base/CApplication.php(180): CWebApplication->processRequest()
#21 /Applications/MAMP/htdocs/index.php(18): CWebApplication->run()
REQUEST_URI=/page/index
2019/06/21 00:55:03 [error] [php] Undefined offset: 0 (/Applications/MAMP/htdocs/protected/views/page/index.php:240)
Stack trace:
#0 /Applications/MAMP/htdocs/yii-1.1.14.f0fee9/framework/web/CController.php(869): PageController->renderFile()
#1 /Applications/MAMP/htdocs/yii-1.1.14.f0fee9/framework/web/CController.php(782): PageController->renderPartial()
#2 /Applications/MAMP/htdocs/protected/controllers/PageController.php(42): PageController->render()
#3 /Applications/MAMP/htdocs/yii-1.1.14.f0fee9/framework/web/actions/CInlineAction.php(49): PageController->actionIndex()
#4 /Applications/MAMP/htdocs/yii-1.1.14.f0fee9/framework/web/CController.php(308): CInlineAction->runWithParams()
#5 /Applications/MAMP/htdocs/yii-1.1.14.f0fee9/framework/web/filters/CFilterChain.php(133): PageController->runAction()
#6 /Applications/MAMP/htdocs/yii-1.1.14.f0fee9/framework/web/filters/CFilter.php(40): CFilterChain->run()
#7 /Applications/MAMP/htdocs/yii-1.1.14.f0fee9/framework/web/CController.php(1145): CAccessControlFilter->filter()
#8 /Applications/MAMP/htdocs/yii-1.1.14.f0fee9/framework/web/filters/CInlineFilter.php(58): PageController->filterAccessControl()
#9 /Applications/MAMP/htdocs/yii-1.1.14.f0fee9/framework/web/filters/CFilterChain.php(130): CInlineFilter->filter()
#10 /Applications/MAMP/htdocs/yii-1.1.14.f0fee9/framework/web/CController.php(291): CFilterChain->run()
#11 /Applications/MAMP/htdocs/yii-1.1.14.f0fee9/framework/web/CController.php(265): PageController->runActionWithFilters()
#12 /Applications/MAMP/htdocs/yii-1.1.14.f0fee9/framework/web/CWebApplication.php(282): PageController->run()
#13 /Applications/MAMP/htdocs/yii-1.1.14.f0fee9/framework/web/CWebApplication.php(141): CWebApplication->runController()
#14 /Applications/MAMP/htdocs/yii-1.1.14.f0fee9/framework/base/CApplication.php(180): CWebApplication->processRequest()
#15 /Applications/MAMP/htdocs/index.php(18): CWebApplication->run()
REQUEST_URI=/page/index
2019/06/21 01:04:45 [error] [php] Undefined offset: 0 (/Applications/MAMP/htdocs/protected/views/page/index.php:240)
Stack trace:
#0 /Applications/MAMP/htdocs/yii-1.1.14.f0fee9/framework/web/CController.php(869): PageController->renderFile()
#1 /Applications/MAMP/htdocs/yii-1.1.14.f0fee9/framework/web/CController.php(782): PageController->renderPartial()
#2 /Applications/MAMP/htdocs/protected/controllers/PageController.php(42): PageController->render()
#3 /Applications/MAMP/htdocs/yii-1.1.14.f0fee9/framework/web/actions/CInlineAction.php(49): PageController->actionIndex()
#4 /Applications/MAMP/htdocs/yii-1.1.14.f0fee9/framework/web/CController.php(308): CInlineAction->runWithParams()
#5 /Applications/MAMP/htdocs/yii-1.1.14.f0fee9/framework/web/filters/CFilterChain.php(133): PageController->runAction()
#6 /Applications/MAMP/htdocs/yii-1.1.14.f0fee9/framework/web/filters/CFilter.php(40): CFilterChain->run()
#7 /Applications/MAMP/htdocs/yii-1.1.14.f0fee9/framework/web/CController.php(1145): CAccessControlFilter->filter()
#8 /Applications/MAMP/htdocs/yii-1.1.14.f0fee9/framework/web/filters/CInlineFilter.php(58): PageController->filterAccessControl()
#9 /Applications/MAMP/htdocs/yii-1.1.14.f0fee9/framework/web/filters/CFilterChain.php(130): CInlineFilter->filter()
#10 /Applications/MAMP/htdocs/yii-1.1.14.f0fee9/framework/web/CController.php(291): CFilterChain->run()
#11 /Applications/MAMP/htdocs/yii-1.1.14.f0fee9/framework/web/CController.php(265): PageController->runActionWithFilters()
#12 /Applications/MAMP/htdocs/yii-1.1.14.f0fee9/framework/web/CWebApplication.php(282): PageController->run()
#13 /Applications/MAMP/htdocs/yii-1.1.14.f0fee9/framework/web/CWebApplication.php(141): CWebApplication->runController()
#14 /Applications/MAMP/htdocs/yii-1.1.14.f0fee9/framework/base/CApplication.php(180): CWebApplication->processRequest()
#15 /Applications/MAMP/htdocs/index.php(18): CWebApplication->run()
REQUEST_URI=/page/index
2019/06/21 01:04:48 [error] [php] Undefined offset: 0 (/Applications/MAMP/htdocs/protected/views/page/index.php:240)
Stack trace:
#0 /Applications/MAMP/htdocs/yii-1.1.14.f0fee9/framework/web/CController.php(869): PageController->renderFile()
#1 /Applications/MAMP/htdocs/yii-1.1.14.f0fee9/framework/web/CController.php(782): PageController->renderPartial()
#2 /Applications/MAMP/htdocs/protected/controllers/PageController.php(42): PageController->render()
#3 /Applications/MAMP/htdocs/yii-1.1.14.f0fee9/framework/web/actions/CInlineAction.php(49): PageController->actionIndex()
#4 /Applications/MAMP/htdocs/yii-1.1.14.f0fee9/framework/web/CController.php(308): CInlineAction->runWithParams()
#5 /Applications/MAMP/htdocs/yii-1.1.14.f0fee9/framework/web/filters/CFilterChain.php(133): PageController->runAction()
#6 /Applications/MAMP/htdocs/yii-1.1.14.f0fee9/framework/web/filters/CFilter.php(40): CFilterChain->run()
#7 /Applications/MAMP/htdocs/yii-1.1.14.f0fee9/framework/web/CController.php(1145): CAccessControlFilter->filter()
#8 /Applications/MAMP/htdocs/yii-1.1.14.f0fee9/framework/web/filters/CInlineFilter.php(58): PageController->filterAccessControl()
#9 /Applications/MAMP/htdocs/yii-1.1.14.f0fee9/framework/web/filters/CFilterChain.php(130): CInlineFilter->filter()
#10 /Applications/MAMP/htdocs/yii-1.1.14.f0fee9/framework/web/CController.php(291): CFilterChain->run()
#11 /Applications/MAMP/htdocs/yii-1.1.14.f0fee9/framework/web/CController.php(265): PageController->runActionWithFilters()
#12 /Applications/MAMP/htdocs/yii-1.1.14.f0fee9/framework/web/CWebApplication.php(282): PageController->run()
#13 /Applications/MAMP/htdocs/yii-1.1.14.f0fee9/framework/web/CWebApplication.php(141): CWebApplication->runController()
#14 /Applications/MAMP/htdocs/yii-1.1.14.f0fee9/framework/base/CApplication.php(180): CWebApplication->processRequest()
#15 /Applications/MAMP/htdocs/index.php(18): CWebApplication->run()
REQUEST_URI=/page/index
2019/06/21 08:19:59 [error] [exception.CException] CException: Property "MRecentStudent.region_graphic" is not defined. in /Applications/MAMP/htdocs/yii-1.1.14.f0fee9/framework/base/CComponent.php:173
Stack trace:
#0 /Applications/MAMP/htdocs/yii-1.1.14.f0fee9/framework/db/ar/CActiveRecord.php(161): CComponent->__set('region_graphic', NULL)
#1 /Applications/MAMP/htdocs/protected/controllers/PageController.php(327): CActiveRecord->__set('region_graphic', NULL)
#2 /Applications/MAMP/htdocs/yii-1.1.14.f0fee9/framework/web/actions/CInlineAction.php(49): PageController->actionDuplicate()
#3 /Applications/MAMP/htdocs/yii-1.1.14.f0fee9/framework/web/CController.php(308): CInlineAction->runWithParams(Array)
#4 /Applications/MAMP/htdocs/yii-1.1.14.f0fee9/framework/web/filters/CFilterChain.php(133): CController->runAction(Object(CInlineAction))
#5 /Applications/MAMP/htdocs/yii-1.1.14.f0fee9/framework/web/filters/CFilter.php(40): CFilterChain->run()
#6 /Applications/MAMP/htdocs/yii-1.1.14.f0fee9/framework/web/CController.php(1145): CFilter->filter(Object(CFilterChain))
#7 /Applications/MAMP/htdocs/yii-1.1.14.f0fee9/framework/web/filters/CInlineFilter.php(58): CController->filterAccessControl(Object(CFilterChain))
#8 /Applications/MAMP/htdocs/yii-1.1.14.f0fee9/framework/web/filters/CFilterChain.php(130): CInlineFilter->filter(Object(CFilterChain))
#9 /Applications/MAMP/htdocs/yii-1.1.14.f0fee9/framework/web/CController.php(291): CFilterChain->run()
#10 /Applications/MAMP/htdocs/yii-1.1.14.f0fee9/framework/web/CController.php(265): CController->runActionWithFilters(Object(CInlineAction), Array)
#11 /Applications/MAMP/htdocs/yii-1.1.14.f0fee9/framework/web/CWebApplication.php(282): CController->run('duplicate')
#12 /Applications/MAMP/htdocs/yii-1.1.14.f0fee9/framework/web/CWebApplication.php(141): CWebApplication->runController('page/duplicate')
#13 /Applications/MAMP/htdocs/yii-1.1.14.f0fee9/framework/base/CApplication.php(180): CWebApplication->processRequest()
#14 /Applications/MAMP/htdocs/index.php(18): CApplication->run()
#15 {main}
REQUEST_URI=/page/duplicate?id=1143
HTTP_REFERER=http://localhost:8888/page/duplicate?id=1143
---
2019/06/21 08:20:15 [error] [exception.CException] CException: MIntermodal has an invalid validation rule. The rule must specify attributes to be validated and the validator name. in /Applications/MAMP/htdocs/yii-1.1.14.f0fee9/framework/base/CModel.php:289
Stack trace:
#0 /Applications/MAMP/htdocs/yii-1.1.14.f0fee9/framework/base/CModel.php(260): CModel->createValidators()
#1 /Applications/MAMP/htdocs/yii-1.1.14.f0fee9/framework/web/helpers/CHtml.php(2236): CModel->getValidators('referral_code')
#2 /Applications/MAMP/htdocs/yii-1.1.14.f0fee9/framework/web/helpers/CHtml.php(1434): CHtml::activeInputField('text', Object(MIntermodal), 'referral_code', Array)
#3 /Applications/MAMP/htdocs/yii-1.1.14.f0fee9/framework/web/widgets/CActiveForm.php(725): CHtml::activeTextField(Object(MIntermodal), 'referral_code', Array)
#4 /Applications/MAMP/htdocs/protected/views/page/_intermodal.php(10): CActiveForm->textField(Object(MIntermodal), 'referral_code', Array)
#5 /Applications/MAMP/htdocs/yii-1.1.14.f0fee9/framework/web/CBaseController.php(126): require('/Applications/M...')
#6 /Applications/MAMP/htdocs/yii-1.1.14.f0fee9/framework/web/CBaseController.php(95): CBaseController->renderInternal('/Applications/M...', Array, true)
#7 /Applications/MAMP/htdocs/yii-1.1.14.f0fee9/framework/web/CController.php(869): CBaseController->renderFile('/Applications/M...', Array, true)
#8 /Applications/MAMP/htdocs/protected/views/page/_form.php(131): CController->renderPartial('_intermodal', Array)
#9 /Applications/MAMP/htdocs/yii-1.1.14.f0fee9/framework/web/CBaseController.php(126): require('/Applications/M...')
#10 /Applications/MAMP/htdocs/yii-1.1.14.f0fee9/framework/web/CBaseController.php(95): CBaseController->renderInternal('/Applications/M...', Array, true)
#11 /Applications/MAMP/htdocs/yii-1.1.14.f0fee9/framework/web/CController.php(869): CBaseController->renderFile('/Applications/M...', Array, true)
#12 /Applications/MAMP/htdocs/yii-1.1.14.f0fee9/framework/web/CController.php(782): CController->renderPartial('_form', Array, true)
#13 /Applications/MAMP/htdocs/protected/controllers/PageController.php(487): CController->render('_form', Array)
#14 /Applications/MAMP/htdocs/yii-1.1.14.f0fee9/framework/web/actions/CInlineAction.php(49): PageController->actionDuplicate()
#15 /Applications/MAMP/htdocs/yii-1.1.14.f0fee9/framework/web/CController.php(308): CInlineAction->runWithParams(Array)
#16 /Applications/MAMP/htdocs/yii-1.1.14.f0fee9/framework/web/filters/CFilterChain.php(133): CController->runAction(Object(CInlineAction))
#17 /Applications/MAMP/htdocs/yii-1.1.14.f0fee9/framework/web/filters/CFilter.php(40): CFilterChain->run()
#18 /Applications/MAMP/htdocs/yii-1.1.14.f0fee9/framework/web/CController.php(1145): CFilter->filter(Object(CFilterChain))
#19 /Applications/MAMP/htdocs/yii-1.1.14.f0fee9/framework/web/filters/CInlineFilter.php(58): CController->filterAccessControl(Object(CFilterChain))
#20 /Applications/MAMP/htdocs/yii-1.1.14.f0fee9/framework/web/filters/CFilterChain.php(130): CInlineFilter->filter(Object(CFilterChain))
#21 /Applications/MAMP/htdocs/yii-1.1.14.f0fee9/framework/web/CController.php(291): CFilterChain->run()
#22 /Applications/MAMP/htdocs/yii-1.1.14.f0fee9/framework/web/CController.php(265): CController->runActionWithFilters(Object(CInlineAction), Array)
#23 /Applications/MAMP/htdocs/yii-1.1.14.f0fee9/framework/web/CWebApplication.php(282): CController->run('duplicate')
#24 /Applications/MAMP/htdocs/yii-1.1.14.f0fee9/framework/web/CWebApplication.php(141): CWebApplication->runController('page/duplicate')
#25 /Applications/MAMP/htdocs/yii-1.1.14.f0fee9/framework/base/CApplication.php(180): CWebApplication->processRequest()
#26 /Applications/MAMP/htdocs/index.php(18): CApplication->run()
#27 {main}
REQUEST_URI=/page/duplicate?id=1158
HTTP_REFERER=http://localhost:8888/page/index
---
2019/06/21 18:03:47 [error] [exception.ParseError] ParseError: syntax error, unexpected 'else' (T_ELSE), expecting function (T_FUNCTION) or const (T_CONST) in /Applications/MAMP/htdocs/protected/controllers/LandingpagesController.php:647
Stack trace:
#0 /Applications/MAMP/htdocs/yii-1.1.14.f0fee9/framework/web/CWebApplication.php(276): CWebApplication->createController('index/')
#1 /Applications/MAMP/htdocs/yii-1.1.14.f0fee9/framework/web/CWebApplication.php(141): CWebApplication->runController('landingpages/in...')
#2 /Applications/MAMP/htdocs/yii-1.1.14.f0fee9/framework/base/CApplication.php(180): CWebApplication->processRequest()
#3 /Applications/MAMP/htdocs/index.php(18): CApplication->run()
#4 {main}
REQUEST_URI=/landing-pages/twt/recent-cdl-a-drivers?no-track
---
2019/06/21 18:04:26 [error] [exception.ParseError] ParseError: syntax error, unexpected 'public' (T_PUBLIC), expecting end of file in /Applications/MAMP/htdocs/protected/controllers/LandingpagesController.php:654
Stack trace:
#0 /Applications/MAMP/htdocs/yii-1.1.14.f0fee9/framework/web/CWebApplication.php(276): CWebApplication->createController('index/')
#1 /Applications/MAMP/htdocs/yii-1.1.14.f0fee9/framework/web/CWebApplication.php(141): CWebApplication->runController('landingpages/in...')
#2 /Applications/MAMP/htdocs/yii-1.1.14.f0fee9/framework/base/CApplication.php(180): CWebApplication->processRequest()
#3 /Applications/MAMP/htdocs/index.php(18): CApplication->run()
#4 {main}
REQUEST_URI=/landing-pages/twt/recent-cdl-a-drivers?no-track
---
2019/06/21 18:27:17 [error] [exception.ParseError] ParseError: syntax error, unexpected 'if' (T_IF) in /Applications/MAMP/htdocs/protected/controllers/LandingpagesController.php:619
Stack trace:
#0 /Applications/MAMP/htdocs/yii-1.1.14.f0fee9/framework/web/CWebApplication.php(276): CWebApplication->createController('index/')
#1 /Applications/MAMP/htdocs/yii-1.1.14.f0fee9/framework/web/CWebApplication.php(141): CWebApplication->runController('landingpages/in...')
#2 /Applications/MAMP/htdocs/yii-1.1.14.f0fee9/framework/base/CApplication.php(180): CWebApplication->processRequest()
#3 /Applications/MAMP/htdocs/index.php(18): CApplication->run()
#4 {main}
REQUEST_URI=/landing-pages/twt/recent-cdl-a-drivers?no-track
HTTP_REFERER=http://localhost:8888/landing-pages/twt/recent-cdl-a-drivers?no-track
---
2019/06/21 18:27:45 [error] [exception.ParseError] ParseError: syntax error, unexpected 'if' (T_IF) in /Applications/MAMP/htdocs/protected/controllers/LandingpagesController.php:619
Stack trace:
#0 /Applications/MAMP/htdocs/yii-1.1.14.f0fee9/framework/web/CWebApplication.php(276): CWebApplication->createController('index/')
#1 /Applications/MAMP/htdocs/yii-1.1.14.f0fee9/framework/web/CWebApplication.php(141): CWebApplication->runController('landingpages/in...')
#2 /Applications/MAMP/htdocs/yii-1.1.14.f0fee9/framework/base/CApplication.php(180): CWebApplication->processRequest()
#3 /Applications/MAMP/htdocs/index.php(18): CApplication->run()
#4 {main}
REQUEST_URI=/landing-pages/twt/recent-cdl-a-drivers?no-track
HTTP_REFERER=http://localhost:8888/landing-pages/twt/recent-cdl-a-drivers?no-track
---
2019/06/21 18:38:05 [error] [php] Undefined index: template_type (/Applications/MAMP/htdocs/protected/controllers/LandingpagesController.php:570)
Stack trace:
#0 /Applications/MAMP/htdocs/yii-1.1.14.f0fee9/framework/web/actions/CAction.php(108): ReflectionMethod->invokeArgs()
#1 /Applications/MAMP/htdocs/yii-1.1.14.f0fee9/framework/web/actions/CInlineAction.php(47): CInlineAction->runWithParamsInternal()
#2 /Applications/MAMP/htdocs/yii-1.1.14.f0fee9/framework/web/CController.php(308): CInlineAction->runWithParams()
#3 /Applications/MAMP/htdocs/yii-1.1.14.f0fee9/framework/web/CController.php(286): LandingpagesController->runAction()
#4 /Applications/MAMP/htdocs/yii-1.1.14.f0fee9/framework/web/CController.php(265): LandingpagesController->runActionWithFilters()
#5 /Applications/MAMP/htdocs/yii-1.1.14.f0fee9/framework/web/CWebApplication.php(282): LandingpagesController->run()
#6 /Applications/MAMP/htdocs/yii-1.1.14.f0fee9/framework/web/CWebApplication.php(141): CWebApplication->runController()
#7 /Applications/MAMP/htdocs/yii-1.1.14.f0fee9/framework/base/CApplication.php(180): CWebApplication->processRequest()
#8 /Applications/MAMP/htdocs/index.php(18): CWebApplication->run()
REQUEST_URI=/landing-pages/twt/recent-cdl-a-drivers?no-track
2019/06/21 18:38:56 [error] [php] Undefined index: template_type (/Applications/MAMP/htdocs/protected/controllers/LandingpagesController.php:570)
Stack trace:
#0 /Applications/MAMP/htdocs/yii-1.1.14.f0fee9/framework/web/actions/CAction.php(108): ReflectionMethod->invokeArgs()
#1 /Applications/MAMP/htdocs/yii-1.1.14.f0fee9/framework/web/actions/CInlineAction.php(47): CInlineAction->runWithParamsInternal()
#2 /Applications/MAMP/htdocs/yii-1.1.14.f0fee9/framework/web/CController.php(308): CInlineAction->runWithParams()
#3 /Applications/MAMP/htdocs/yii-1.1.14.f0fee9/framework/web/CController.php(286): LandingpagesController->runAction()
#4 /Applications/MAMP/htdocs/yii-1.1.14.f0fee9/framework/web/CController.php(265): LandingpagesController->runActionWithFilters()
#5 /Applications/MAMP/htdocs/yii-1.1.14.f0fee9/framework/web/CWebApplication.php(282): LandingpagesController->run()
#6 /Applications/MAMP/htdocs/yii-1.1.14.f0fee9/framework/web/CWebApplication.php(141): CWebApplication->runController()
#7 /Applications/MAMP/htdocs/yii-1.1.14.f0fee9/framework/base/CApplication.php(180): CWebApplication->processRequest()
#8 /Applications/MAMP/htdocs/index.php(18): CWebApplication->run()
REQUEST_URI=/landing-pages/twt/recent-cdl-a-drivers?no-track
2019/06/21 18:39:01 [error] [php] Undefined index: template_type (/Applications/MAMP/htdocs/protected/controllers/LandingpagesController.php:570)
Stack trace:
#0 /Applications/MAMP/htdocs/yii-1.1.14.f0fee9/framework/web/actions/CAction.php(108): ReflectionMethod->invokeArgs()
#1 /Applications/MAMP/htdocs/yii-1.1.14.f0fee9/framework/web/actions/CInlineAction.php(47): CInlineAction->runWithParamsInternal()
#2 /Applications/MAMP/htdocs/yii-1.1.14.f0fee9/framework/web/CController.php(308): CInlineAction->runWithParams()
#3 /Applications/MAMP/htdocs/yii-1.1.14.f0fee9/framework/web/CController.php(286): LandingpagesController->runAction()
#4 /Applications/MAMP/htdocs/yii-1.1.14.f0fee9/framework/web/CController.php(265): LandingpagesController->runActionWithFilters()
#5 /Applications/MAMP/htdocs/yii-1.1.14.f0fee9/framework/web/CWebApplication.php(282): LandingpagesController->run()
#6 /Applications/MAMP/htdocs/yii-1.1.14.f0fee9/framework/web/CWebApplication.php(141): CWebApplication->runController()
#7 /Applications/MAMP/htdocs/yii-1.1.14.f0fee9/framework/base/CApplication.php(180): CWebApplication->processRequest()
#8 /Applications/MAMP/htdocs/index.php(18): CWebApplication->run()
REQUEST_URI=/landing-pages/twt/recent-cdl-a-drivers?no-track
2019/06/21 18:40:18 [error] [php] Undefined index: template_type (/Applications/MAMP/htdocs/protected/controllers/LandingpagesController.php:470)
Stack trace:
#0 /Applications/MAMP/htdocs/yii-1.1.14.f0fee9/framework/web/actions/CAction.php(108): ReflectionMethod->invokeArgs()
#1 /Applications/MAMP/htdocs/yii-1.1.14.f0fee9/framework/web/actions/CInlineAction.php(47): CInlineAction->runWithParamsInternal()
#2 /Applications/MAMP/htdocs/yii-1.1.14.f0fee9/framework/web/CController.php(308): CInlineAction->runWithParams()
#3 /Applications/MAMP/htdocs/yii-1.1.14.f0fee9/framework/web/CController.php(286): LandingpagesController->runAction()
#4 /Applications/MAMP/htdocs/yii-1.1.14.f0fee9/framework/web/CController.php(265): LandingpagesController->runActionWithFilters()
#5 /Applications/MAMP/htdocs/yii-1.1.14.f0fee9/framework/web/CWebApplication.php(282): LandingpagesController->run()
#6 /Applications/MAMP/htdocs/yii-1.1.14.f0fee9/framework/web/CWebApplication.php(141): CWebApplication->runController()
#7 /Applications/MAMP/htdocs/yii-1.1.14.f0fee9/framework/base/CApplication.php(180): CWebApplication->processRequest()
#8 /Applications/MAMP/htdocs/index.php(18): CWebApplication->run()
REQUEST_URI=/landing-pages/twt/recent-cdl-a-drivers?no-track
2019/06/21 18:41:10 [error] [php] Undefined index: template_type (/Applications/MAMP/htdocs/protected/controllers/LandingpagesController.php:470)
Stack trace:
#0 /Applications/MAMP/htdocs/yii-1.1.14.f0fee9/framework/web/actions/CAction.php(108): ReflectionMethod->invokeArgs()
#1 /Applications/MAMP/htdocs/yii-1.1.14.f0fee9/framework/web/actions/CInlineAction.php(47): CInlineAction->runWithParamsInternal()
#2 /Applications/MAMP/htdocs/yii-1.1.14.f0fee9/framework/web/CController.php(308): CInlineAction->runWithParams()
#3 /Applications/MAMP/htdocs/yii-1.1.14.f0fee9/framework/web/CController.php(286): LandingpagesController->runAction()
#4 /Applications/MAMP/htdocs/yii-1.1.14.f0fee9/framework/web/CController.php(265): LandingpagesController->runActionWithFilters()
#5 /Applications/MAMP/htdocs/yii-1.1.14.f0fee9/framework/web/CWebApplication.php(282): LandingpagesController->run()
#6 /Applications/MAMP/htdocs/yii-1.1.14.f0fee9/framework/web/CWebApplication.php(141): CWebApplication->runController()
#7 /Applications/MAMP/htdocs/yii-1.1.14.f0fee9/framework/base/CApplication.php(180): CWebApplication->processRequest()
#8 /Applications/MAMP/htdocs/index.php(18): CWebApplication->run()
REQUEST_URI=/landing-pages/twt/recent-cdl-a-drivers?no-track
2019/06/21 18:42:51 [error] [php] Trying to get property 'template_type' of non-object (/Applications/MAMP/htdocs/protected/controllers/LandingpagesController.php:327)
Stack trace:
#0 /Applications/MAMP/htdocs/yii-1.1.14.f0fee9/framework/web/actions/CInlineAction.php(47): CInlineAction->runWithParamsInternal()
#1 /Applications/MAMP/htdocs/yii-1.1.14.f0fee9/framework/web/CController.php(308): CInlineAction->runWithParams()
#2 /Applications/MAMP/htdocs/yii-1.1.14.f0fee9/framework/web/CController.php(286): LandingpagesController->runAction()
#3 /Applications/MAMP/htdocs/yii-1.1.14.f0fee9/framework/web/CController.php(265): LandingpagesController->runActionWithFilters()
#4 /Applications/MAMP/htdocs/yii-1.1.14.f0fee9/framework/web/CWebApplication.php(282): LandingpagesController->run()
#5 /Applications/MAMP/htdocs/yii-1.1.14.f0fee9/framework/web/CWebApplication.php(141): CWebApplication->runController()
#6 /Applications/MAMP/htdocs/yii-1.1.14.f0fee9/framework/base/CApplication.php(180): CWebApplication->processRequest()
#7 /Applications/MAMP/htdocs/index.php(18): CWebApplication->run()
REQUEST_URI=/vendor/thankyou2/css/styles.css.map
2019/06/21 18:43:21 [error] [php] Undefined variable: name (/Applications/MAMP/htdocs/protected/views/landingpages/thankyou3.php:31)
Stack trace:
#0 /Applications/MAMP/htdocs/yii-1.1.14.f0fee9/framework/web/CController.php(869): LandingpagesController->renderFile()
#1 /Applications/MAMP/htdocs/yii-1.1.14.f0fee9/framework/web/CController.php(782): LandingpagesController->renderPartial()
#2 /Applications/MAMP/htdocs/protected/controllers/LandingpagesController.php(635): LandingpagesController->render()
#3 /Applications/MAMP/htdocs/protected/controllers/LandingpagesController.php(435): LandingpagesController->swiftDoCapture()
#4 unknown(0): LandingpagesController->actionIndex()
#5 /Applications/MAMP/htdocs/yii-1.1.14.f0fee9/framework/web/actions/CAction.php(108): ReflectionMethod->invokeArgs()
#6 /Applications/MAMP/htdocs/yii-1.1.14.f0fee9/framework/web/actions/CInlineAction.php(47): CInlineAction->runWithParamsInternal()
#7 /Applications/MAMP/htdocs/yii-1.1.14.f0fee9/framework/web/CController.php(308): CInlineAction->runWithParams()
#8 /Applications/MAMP/htdocs/yii-1.1.14.f0fee9/framework/web/CController.php(286): LandingpagesController->runAction()
#9 /Applications/MAMP/htdocs/yii-1.1.14.f0fee9/framework/web/CController.php(265): LandingpagesController->runActionWithFilters()
#10 /Applications/MAMP/htdocs/yii-1.1.14.f0fee9/framework/web/CWebApplication.php(282): LandingpagesController->run()
#11 /Applications/MAMP/htdocs/yii-1.1.14.f0fee9/framework/web/CWebApplication.php(141): CWebApplication->runController()
#12 /Applications/MAMP/htdocs/yii-1.1.14.f0fee9/framework/base/CApplication.php(180): CWebApplication->processRequest()
#13 /Applications/MAMP/htdocs/index.php(18): CWebApplication->run()
REQUEST_URI=/landing-pages/twt/recent-cdl-a-drivers?no-track
2019/06/21 18:44:19 [error] [php] Undefined variable: name (/Applications/MAMP/htdocs/protected/views/landingpages/thankyou3.php:31)
Stack trace:
#0 /Applications/MAMP/htdocs/yii-1.1.14.f0fee9/framework/web/CController.php(869): LandingpagesController->renderFile()
#1 /Applications/MAMP/htdocs/yii-1.1.14.f0fee9/framework/web/CController.php(782): LandingpagesController->renderPartial()
#2 /Applications/MAMP/htdocs/protected/controllers/LandingpagesController.php(635): LandingpagesController->render()
#3 /Applications/MAMP/htdocs/protected/controllers/LandingpagesController.php(435): LandingpagesController->swiftDoCapture()
#4 unknown(0): LandingpagesController->actionIndex()
#5 /Applications/MAMP/htdocs/yii-1.1.14.f0fee9/framework/web/actions/CAction.php(108): ReflectionMethod->invokeArgs()
#6 /Applications/MAMP/htdocs/yii-1.1.14.f0fee9/framework/web/actions/CInlineAction.php(47): CInlineAction->runWithParamsInternal()
#7 /Applications/MAMP/htdocs/yii-1.1.14.f0fee9/framework/web/CController.php(308): CInlineAction->runWithParams()
#8 /Applications/MAMP/htdocs/yii-1.1.14.f0fee9/framework/web/CController.php(286): LandingpagesController->runAction()
#9 /Applications/MAMP/htdocs/yii-1.1.14.f0fee9/framework/web/CController.php(265): LandingpagesController->runActionWithFilters()
#10 /Applications/MAMP/htdocs/yii-1.1.14.f0fee9/framework/web/CWebApplication.php(282): LandingpagesController->run()
#11 /Applications/MAMP/htdocs/yii-1.1.14.f0fee9/framework/web/CWebApplication.php(141): CWebApplication->runController()
#12 /Applications/MAMP/htdocs/yii-1.1.14.f0fee9/framework/base/CApplication.php(180): CWebApplication->processRequest()
#13 /Applications/MAMP/htdocs/index.php(18): CWebApplication->run()
REQUEST_URI=/landing-pages/twt/recent-cdl-a-drivers?no-track
2019/06/21 18:46:07 [error] [php] Undefined variable: data (/Applications/MAMP/htdocs/protected/views/landingpages/thankyou3.php:35)
Stack trace:
#0 /Applications/MAMP/htdocs/yii-1.1.14.f0fee9/framework/web/CController.php(869): LandingpagesController->renderFile()
#1 /Applications/MAMP/htdocs/yii-1.1.14.f0fee9/framework/web/CController.php(782): LandingpagesController->renderPartial()
#2 /Applications/MAMP/htdocs/protected/controllers/LandingpagesController.php(635): LandingpagesController->render()
#3 /Applications/MAMP/htdocs/protected/controllers/LandingpagesController.php(435): LandingpagesController->swiftDoCapture()
#4 unknown(0): LandingpagesController->actionIndex()
#5 /Applications/MAMP/htdocs/yii-1.1.14.f0fee9/framework/web/actions/CAction.php(108): ReflectionMethod->invokeArgs()
#6 /Applications/MAMP/htdocs/yii-1.1.14.f0fee9/framework/web/actions/CInlineAction.php(47): CInlineAction->runWithParamsInternal()
#7 /Applications/MAMP/htdocs/yii-1.1.14.f0fee9/framework/web/CController.php(308): CInlineAction->runWithParams()
#8 /Applications/MAMP/htdocs/yii-1.1.14.f0fee9/framework/web/CController.php(286): LandingpagesController->runAction()
#9 /Applications/MAMP/htdocs/yii-1.1.14.f0fee9/framework/web/CController.php(265): LandingpagesController->runActionWithFilters()
#10 /Applications/MAMP/htdocs/yii-1.1.14.f0fee9/framework/web/CWebApplication.php(282): LandingpagesController->run()
#11 /Applications/MAMP/htdocs/yii-1.1.14.f0fee9/framework/web/CWebApplication.php(141): CWebApplication->runController()
#12 /Applications/MAMP/htdocs/yii-1.1.14.f0fee9/framework/base/CApplication.php(180): CWebApplication->processRequest()
#13 /Applications/MAMP/htdocs/index.php(18): CWebApplication->run()
REQUEST_URI=/landing-pages/twt/recent-cdl-a-drivers?no-track
2019/06/21 18:46:27 [error] [php] Use of undefined constant template_type - assumed 'template_type' (this will throw an Error in a future version of PHP) (/Applications/MAMP/htdocs/protected/views/landingpages/thankyou3.php:35)
Stack trace:
#0 /Applications/MAMP/htdocs/yii-1.1.14.f0fee9/framework/web/CController.php(869): LandingpagesController->renderFile()
#1 /Applications/MAMP/htdocs/yii-1.1.14.f0fee9/framework/web/CController.php(782): LandingpagesController->renderPartial()
#2 /Applications/MAMP/htdocs/protected/controllers/LandingpagesController.php(635): LandingpagesController->render()
#3 /Applications/MAMP/htdocs/protected/controllers/LandingpagesController.php(435): LandingpagesController->swiftDoCapture()
#4 unknown(0): LandingpagesController->actionIndex()
#5 /Applications/MAMP/htdocs/yii-1.1.14.f0fee9/framework/web/actions/CAction.php(108): ReflectionMethod->invokeArgs()
#6 /Applications/MAMP/htdocs/yii-1.1.14.f0fee9/framework/web/actions/CInlineAction.php(47): CInlineAction->runWithParamsInternal()
#7 /Applications/MAMP/htdocs/yii-1.1.14.f0fee9/framework/web/CController.php(308): CInlineAction->runWithParams()
#8 /Applications/MAMP/htdocs/yii-1.1.14.f0fee9/framework/web/CController.php(286): LandingpagesController->runAction()
#9 /Applications/MAMP/htdocs/yii-1.1.14.f0fee9/framework/web/CController.php(265): LandingpagesController->runActionWithFilters()
#10 /Applications/MAMP/htdocs/yii-1.1.14.f0fee9/framework/web/CWebApplication.php(282): LandingpagesController->run()
#11 /Applications/MAMP/htdocs/yii-1.1.14.f0fee9/framework/web/CWebApplication.php(141): CWebApplication->runController()
#12 /Applications/MAMP/htdocs/yii-1.1.14.f0fee9/framework/base/CApplication.php(180): CWebApplication->processRequest()
#13 /Applications/MAMP/htdocs/index.php(18): CWebApplication->run()
REQUEST_URI=/landing-pages/twt/recent-cdl-a-drivers?no-track
2019/06/21 18:48:58 [error] [php] Undefined variable: data (/Applications/MAMP/htdocs/protected/views/landingpages/thankyou3.php:124)
Stack trace:
#0 /Applications/MAMP/htdocs/yii-1.1.14.f0fee9/framework/web/CController.php(869): LandingpagesController->renderFile()
#1 /Applications/MAMP/htdocs/yii-1.1.14.f0fee9/framework/web/CController.php(782): LandingpagesController->renderPartial()
#2 /Applications/MAMP/htdocs/protected/controllers/LandingpagesController.php(635): LandingpagesController->render()
#3 /Applications/MAMP/htdocs/protected/controllers/LandingpagesController.php(435): LandingpagesController->swiftDoCapture()
#4 unknown(0): LandingpagesController->actionIndex()
#5 /Applications/MAMP/htdocs/yii-1.1.14.f0fee9/framework/web/actions/CAction.php(108): ReflectionMethod->invokeArgs()
#6 /Applications/MAMP/htdocs/yii-1.1.14.f0fee9/framework/web/actions/CInlineAction.php(47): CInlineAction->runWithParamsInternal()
#7 /Applications/MAMP/htdocs/yii-1.1.14.f0fee9/framework/web/CController.php(308): CInlineAction->runWithParams()
#8 /Applications/MAMP/htdocs/yii-1.1.14.f0fee9/framework/web/CController.php(286): LandingpagesController->runAction()
#9 /Applications/MAMP/htdocs/yii-1.1.14.f0fee9/framework/web/CController.php(265): LandingpagesController->runActionWithFilters()
#10 /Applications/MAMP/htdocs/yii-1.1.14.f0fee9/framework/web/CWebApplication.php(282): LandingpagesController->run()
#11 /Applications/MAMP/htdocs/yii-1.1.14.f0fee9/framework/web/CWebApplication.php(141): CWebApplication->runController()
#12 /Applications/MAMP/htdocs/yii-1.1.14.f0fee9/framework/base/CApplication.php(180): CWebApplication->processRequest()
#13 /Applications/MAMP/htdocs/index.php(18): CWebApplication->run()
REQUEST_URI=/landing-pages/twt/recent-cdl-a-drivers?no-track
2019/06/21 18:49:15 [error] [php] Undefined variable: data (/Applications/MAMP/htdocs/protected/views/landingpages/thankyou3.php:134)
Stack trace:
#0 /Applications/MAMP/htdocs/yii-1.1.14.f0fee9/framework/web/CController.php(869): LandingpagesController->renderFile()
#1 /Applications/MAMP/htdocs/yii-1.1.14.f0fee9/framework/web/CController.php(782): LandingpagesController->renderPartial()
#2 /Applications/MAMP/htdocs/protected/controllers/LandingpagesController.php(635): LandingpagesController->render()
#3 /Applications/MAMP/htdocs/protected/controllers/LandingpagesController.php(435): LandingpagesController->swiftDoCapture()
#4 unknown(0): LandingpagesController->actionIndex()
#5 /Applications/MAMP/htdocs/yii-1.1.14.f0fee9/framework/web/actions/CAction.php(108): ReflectionMethod->invokeArgs()
#6 /Applications/MAMP/htdocs/yii-1.1.14.f0fee9/framework/web/actions/CInlineAction.php(47): CInlineAction->runWithParamsInternal()
#7 /Applications/MAMP/htdocs/yii-1.1.14.f0fee9/framework/web/CController.php(308): CInlineAction->runWithParams()
#8 /Applications/MAMP/htdocs/yii-1.1.14.f0fee9/framework/web/CController.php(286): LandingpagesController->runAction()
#9 /Applications/MAMP/htdocs/yii-1.1.14.f0fee9/framework/web/CController.php(265): LandingpagesController->runActionWithFilters()
#10 /Applications/MAMP/htdocs/yii-1.1.14.f0fee9/framework/web/CWebApplication.php(282): LandingpagesController->run()
#11 /Applications/MAMP/htdocs/yii-1.1.14.f0fee9/framework/web/CWebApplication.php(141): CWebApplication->runController()
#12 /Applications/MAMP/htdocs/yii-1.1.14.f0fee9/framework/base/CApplication.php(180): CWebApplication->processRequest()
#13 /Applications/MAMP/htdocs/index.php(18): CWebApplication->run()
REQUEST_URI=/landing-pages/twt/recent-cdl-a-drivers?no-track
2019/06/21 18:51:07 [error] [php] Trying to get property 'template_type' of non-object (/Applications/MAMP/htdocs/protected/controllers/LandingpagesController.php:327)
Stack trace:
#0 /Applications/MAMP/htdocs/yii-1.1.14.f0fee9/framework/web/actions/CInlineAction.php(47): CInlineAction->runWithParamsInternal()
#1 /Applications/MAMP/htdocs/yii-1.1.14.f0fee9/framework/web/CController.php(308): CInlineAction->runWithParams()
#2 /Applications/MAMP/htdocs/yii-1.1.14.f0fee9/framework/web/CController.php(286): LandingpagesController->runAction()
#3 /Applications/MAMP/htdocs/yii-1.1.14.f0fee9/framework/web/CController.php(265): LandingpagesController->runActionWithFilters()
#4 /Applications/MAMP/htdocs/yii-1.1.14.f0fee9/framework/web/CWebApplication.php(282): LandingpagesController->run()
#5 /Applications/MAMP/htdocs/yii-1.1.14.f0fee9/framework/web/CWebApplication.php(141): CWebApplication->runController()
#6 /Applications/MAMP/htdocs/yii-1.1.14.f0fee9/framework/base/CApplication.php(180): CWebApplication->processRequest()
#7 /Applications/MAMP/htdocs/index.php(18): CWebApplication->run()
REQUEST_URI=/vendor/thankyou2/css/styles.css.map
2019/06/21 18:52:10 [error] [php] Trying to get property 'template_type' of non-object (/Applications/MAMP/htdocs/protected/controllers/LandingpagesController.php:327)
Stack trace:
#0 /Applications/MAMP/htdocs/yii-1.1.14.f0fee9/framework/web/actions/CInlineAction.php(47): CInlineAction->runWithParamsInternal()
#1 /Applications/MAMP/htdocs/yii-1.1.14.f0fee9/framework/web/CController.php(308): CInlineAction->runWithParams()
#2 /Applications/MAMP/htdocs/yii-1.1.14.f0fee9/framework/web/CController.php(286): LandingpagesController->runAction()
#3 /Applications/MAMP/htdocs/yii-1.1.14.f0fee9/framework/web/CController.php(265): LandingpagesController->runActionWithFilters()
#4 /Applications/MAMP/htdocs/yii-1.1.14.f0fee9/framework/web/CWebApplication.php(282): LandingpagesController->run()
#5 /Applications/MAMP/htdocs/yii-1.1.14.f0fee9/framework/web/CWebApplication.php(141): CWebApplication->runController()
#6 /Applications/MAMP/htdocs/yii-1.1.14.f0fee9/framework/base/CApplication.php(180): CWebApplication->processRequest()
#7 /Applications/MAMP/htdocs/index.php(18): CWebApplication->run()
REQUEST_URI=/vendor/thankyou2/css/styles.css.map
2019/06/21 18:54:07 [error] [php] Trying to get property 'template_type' of non-object (/Applications/MAMP/htdocs/protected/controllers/LandingpagesController.php:327)
Stack trace:
#0 /Applications/MAMP/htdocs/yii-1.1.14.f0fee9/framework/web/actions/CInlineAction.php(47): CInlineAction->runWithParamsInternal()
#1 /Applications/MAMP/htdocs/yii-1.1.14.f0fee9/framework/web/CController.php(308): CInlineAction->runWithParams()
#2 /Applications/MAMP/htdocs/yii-1.1.14.f0fee9/framework/web/CController.php(286): LandingpagesController->runAction()
#3 /Applications/MAMP/htdocs/yii-1.1.14.f0fee9/framework/web/CController.php(265): LandingpagesController->runActionWithFilters()
#4 /Applications/MAMP/htdocs/yii-1.1.14.f0fee9/framework/web/CWebApplication.php(282): LandingpagesController->run()
#5 /Applications/MAMP/htdocs/yii-1.1.14.f0fee9/framework/web/CWebApplication.php(141): CWebApplication->runController()
#6 /Applications/MAMP/htdocs/yii-1.1.14.f0fee9/framework/base/CApplication.php(180): CWebApplication->processRequest()
#7 /Applications/MAMP/htdocs/index.php(18): CWebApplication->run()
REQUEST_URI=/vendor/thankyou2/css/styles.css.map
2019/06/21 18:55:25 [error] [php] Trying to get property 'template_type' of non-object (/Applications/MAMP/htdocs/protected/controllers/LandingpagesController.php:327)
Stack trace:
#0 /Applications/MAMP/htdocs/yii-1.1.14.f0fee9/framework/web/actions/CInlineAction.php(47): CInlineAction->runWithParamsInternal()
#1 /Applications/MAMP/htdocs/yii-1.1.14.f0fee9/framework/web/CController.php(308): CInlineAction->runWithParams()
#2 /Applications/MAMP/htdocs/yii-1.1.14.f0fee9/framework/web/CController.php(286): LandingpagesController->runAction()
#3 /Applications/MAMP/htdocs/yii-1.1.14.f0fee9/framework/web/CController.php(265): LandingpagesController->runActionWithFilters()
#4 /Applications/MAMP/htdocs/yii-1.1.14.f0fee9/framework/web/CWebApplication.php(282): LandingpagesController->run()
#5 /Applications/MAMP/htdocs/yii-1.1.14.f0fee9/framework/web/CWebApplication.php(141): CWebApplication->runController()
#6 /Applications/MAMP/htdocs/yii-1.1.14.f0fee9/framework/base/CApplication.php(180): CWebApplication->processRequest()
#7 /Applications/MAMP/htdocs/index.php(18): CWebApplication->run()
REQUEST_URI=/vendor/thankyou2/css/styles.css.map
2019/06/21 18:56:19 [error] [php] Trying to get property 'template_type' of non-object (/Applications/MAMP/htdocs/protected/controllers/LandingpagesController.php:327)
Stack trace:
#0 /Applications/MAMP/htdocs/yii-1.1.14.f0fee9/framework/web/actions/CInlineAction.php(47): CInlineAction->runWithParamsInternal()
#1 /Applications/MAMP/htdocs/yii-1.1.14.f0fee9/framework/web/CController.php(308): CInlineAction->runWithParams()
#2 /Applications/MAMP/htdocs/yii-1.1.14.f0fee9/framework/web/CController.php(286): LandingpagesController->runAction()
#3 /Applications/MAMP/htdocs/yii-1.1.14.f0fee9/framework/web/CController.php(265): LandingpagesController->runActionWithFilters()
#4 /Applications/MAMP/htdocs/yii-1.1.14.f0fee9/framework/web/CWebApplication.php(282): LandingpagesController->run()
#5 /Applications/MAMP/htdocs/yii-1.1.14.f0fee9/framework/web/CWebApplication.php(141): CWebApplication->runController()
#6 /Applications/MAMP/htdocs/yii-1.1.14.f0fee9/framework/base/CApplication.php(180): CWebApplication->processRequest()
#7 /Applications/MAMP/htdocs/index.php(18): CWebApplication->run()
REQUEST_URI=/vendor/thankyou2/css/styles.css.map
2019/06/21 18:59:21 [error] [php] Trying to get property 'template_type' of non-object (/Applications/MAMP/htdocs/protected/controllers/LandingpagesController.php:327)
Stack trace:
#0 /Applications/MAMP/htdocs/yii-1.1.14.f0fee9/framework/web/actions/CInlineAction.php(47): CInlineAction->runWithParamsInternal()
#1 /Applications/MAMP/htdocs/yii-1.1.14.f0fee9/framework/web/CController.php(308): CInlineAction->runWithParams()
#2 /Applications/MAMP/htdocs/yii-1.1.14.f0fee9/framework/web/CController.php(286): LandingpagesController->runAction()
#3 /Applications/MAMP/htdocs/yii-1.1.14.f0fee9/framework/web/CController.php(265): LandingpagesController->runActionWithFilters()
#4 /Applications/MAMP/htdocs/yii-1.1.14.f0fee9/framework/web/CWebApplication.php(282): LandingpagesController->run()
#5 /Applications/MAMP/htdocs/yii-1.1.14.f0fee9/framework/web/CWebApplication.php(141): CWebApplication->runController()
#6 /Applications/MAMP/htdocs/yii-1.1.14.f0fee9/framework/base/CApplication.php(180): CWebApplication->processRequest()
#7 /Applications/MAMP/htdocs/index.php(18): CWebApplication->run()
REQUEST_URI=/vendor/thankyou2/css/styles.css.map
2019/06/21 19:00:48 [error] [php] Trying to get property 'template_type' of non-object (/Applications/MAMP/htdocs/protected/controllers/LandingpagesController.php:327)
Stack trace:
#0 /Applications/MAMP/htdocs/yii-1.1.14.f0fee9/framework/web/actions/CInlineAction.php(47): CInlineAction->runWithParamsInternal()
#1 /Applications/MAMP/htdocs/yii-1.1.14.f0fee9/framework/web/CController.php(308): CInlineAction->runWithParams()
#2 /Applications/MAMP/htdocs/yii-1.1.14.f0fee9/framework/web/CController.php(286): LandingpagesController->runAction()
#3 /Applications/MAMP/htdocs/yii-1.1.14.f0fee9/framework/web/CController.php(265): LandingpagesController->runActionWithFilters()
#4 /Applications/MAMP/htdocs/yii-1.1.14.f0fee9/framework/web/CWebApplication.php(282): LandingpagesController->run()
#5 /Applications/MAMP/htdocs/yii-1.1.14.f0fee9/framework/web/CWebApplication.php(141): CWebApplication->runController()
#6 /Applications/MAMP/htdocs/yii-1.1.14.f0fee9/framework/base/CApplication.php(180): CWebApplication->processRequest()
#7 /Applications/MAMP/htdocs/index.php(18): CWebApplication->run()
REQUEST_URI=/vendor/thankyou2/css/styles.css.map
2019/06/21 19:01:19 [error] [php] Trying to get property 'template_type' of non-object (/Applications/MAMP/htdocs/protected/controllers/LandingpagesController.php:327)
Stack trace:
#0 /Applications/MAMP/htdocs/yii-1.1.14.f0fee9/framework/web/actions/CInlineAction.php(47): CInlineAction->runWithParamsInternal()
#1 /Applications/MAMP/htdocs/yii-1.1.14.f0fee9/framework/web/CController.php(308): CInlineAction->runWithParams()
#2 /Applications/MAMP/htdocs/yii-1.1.14.f0fee9/framework/web/CController.php(286): LandingpagesController->runAction()
#3 /Applications/MAMP/htdocs/yii-1.1.14.f0fee9/framework/web/CController.php(265): LandingpagesController->runActionWithFilters()
#4 /Applications/MAMP/htdocs/yii-1.1.14.f0fee9/framework/web/CWebApplication.php(282): LandingpagesController->run()
#5 /Applications/MAMP/htdocs/yii-1.1.14.f0fee9/framework/web/CWebApplication.php(141): CWebApplication->runController()
#6 /Applications/MAMP/htdocs/yii-1.1.14.f0fee9/framework/base/CApplication.php(180): CWebApplication->processRequest()
#7 /Applications/MAMP/htdocs/index.php(18): CWebApplication->run()
REQUEST_URI=/vendor/thankyou2/css/styles.css.map
2019/06/21 19:02:59 [error] [php] Trying to get property 'template_type' of non-object (/Applications/MAMP/htdocs/protected/controllers/LandingpagesController.php:327)
Stack trace:
#0 /Applications/MAMP/htdocs/yii-1.1.14.f0fee9/framework/web/actions/CInlineAction.php(47): CInlineAction->runWithParamsInternal()
#1 /Applications/MAMP/htdocs/yii-1.1.14.f0fee9/framework/web/CController.php(308): CInlineAction->runWithParams()
#2 /Applications/MAMP/htdocs/yii-1.1.14.f0fee9/framework/web/CController.php(286): LandingpagesController->runAction()
#3 /Applications/MAMP/htdocs/yii-1.1.14.f0fee9/framework/web/CController.php(265): LandingpagesController->runActionWithFilters()
#4 /Applications/MAMP/htdocs/yii-1.1.14.f0fee9/framework/web/CWebApplication.php(282): LandingpagesController->run()
#5 /Applications/MAMP/htdocs/yii-1.1.14.f0fee9/framework/web/CWebApplication.php(141): CWebApplication->runController()
#6 /Applications/MAMP/htdocs/yii-1.1.14.f0fee9/framework/base/CApplication.php(180): CWebApplication->processRequest()
#7 /Applications/MAMP/htdocs/index.php(18): CWebApplication->run()
REQUEST_URI=/vendor/thankyou2/css/styles.css.map
2019/06/21 19:04:12 [error] [php] Trying to get property 'template_type' of non-object (/Applications/MAMP/htdocs/protected/controllers/LandingpagesController.php:327)
Stack trace:
#0 /Applications/MAMP/htdocs/yii-1.1.14.f0fee9/framework/web/actions/CInlineAction.php(47): CInlineAction->runWithParamsInternal()
#1 /Applications/MAMP/htdocs/yii-1.1.14.f0fee9/framework/web/CController.php(308): CInlineAction->runWithParams()
#2 /Applications/MAMP/htdocs/yii-1.1.14.f0fee9/framework/web/CController.php(286): LandingpagesController->runAction()
#3 /Applications/MAMP/htdocs/yii-1.1.14.f0fee9/framework/web/CController.php(265): LandingpagesController->runActionWithFilters()
#4 /Applications/MAMP/htdocs/yii-1.1.14.f0fee9/framework/web/CWebApplication.php(282): LandingpagesController->run()
#5 /Applications/MAMP/htdocs/yii-1.1.14.f0fee9/framework/web/CWebApplication.php(141): CWebApplication->runController()
#6 /Applications/MAMP/htdocs/yii-1.1.14.f0fee9/framework/base/CApplication.php(180): CWebApplication->processRequest()
#7 /Applications/MAMP/htdocs/index.php(18): CWebApplication->run()
REQUEST_URI=/vendor/thankyou2/css/styles.css.map
2019/06/21 19:04:32 [error] [php] Trying to get property 'template_type' of non-object (/Applications/MAMP/htdocs/protected/controllers/LandingpagesController.php:327)
Stack trace:
#0 /Applications/MAMP/htdocs/yii-1.1.14.f0fee9/framework/web/actions/CInlineAction.php(47): CInlineAction->runWithParamsInternal()
#1 /Applications/MAMP/htdocs/yii-1.1.14.f0fee9/framework/web/CController.php(308): CInlineAction->runWithParams()
#2 /Applications/MAMP/htdocs/yii-1.1.14.f0fee9/framework/web/CController.php(286): LandingpagesController->runAction()
#3 /Applications/MAMP/htdocs/yii-1.1.14.f0fee9/framework/web/CController.php(265): LandingpagesController->runActionWithFilters()
#4 /Applications/MAMP/htdocs/yii-1.1.14.f0fee9/framework/web/CWebApplication.php(282): LandingpagesController->run()
#5 /Applications/MAMP/htdocs/yii-1.1.14.f0fee9/framework/web/CWebApplication.php(141): CWebApplication->runController()
#6 /Applications/MAMP/htdocs/yii-1.1.14.f0fee9/framework/base/CApplication.php(180): CWebApplication->processRequest()
#7 /Applications/MAMP/htdocs/index.php(18): CWebApplication->run()
REQUEST_URI=/vendor/thankyou2/css/styles.css.map
2019/06/21 19:06:36 [error] [php] Trying to get property 'template_type' of non-object (/Applications/MAMP/htdocs/protected/controllers/LandingpagesController.php:327)
Stack trace:
#0 /Applications/MAMP/htdocs/yii-1.1.14.f0fee9/framework/web/actions/CInlineAction.php(47): CInlineAction->runWithParamsInternal()
#1 /Applications/MAMP/htdocs/yii-1.1.14.f0fee9/framework/web/CController.php(308): CInlineAction->runWithParams()
#2 /Applications/MAMP/htdocs/yii-1.1.14.f0fee9/framework/web/CController.php(286): LandingpagesController->runAction()
#3 /Applications/MAMP/htdocs/yii-1.1.14.f0fee9/framework/web/CController.php(265): LandingpagesController->runActionWithFilters()
#4 /Applications/MAMP/htdocs/yii-1.1.14.f0fee9/framework/web/CWebApplication.php(282): LandingpagesController->run()
#5 /Applications/MAMP/htdocs/yii-1.1.14.f0fee9/framework/web/CWebApplication.php(141): CWebApplication->runController()
#6 /Applications/MAMP/htdocs/yii-1.1.14.f0fee9/framework/base/CApplication.php(180): CWebApplication->processRequest()
#7 /Applications/MAMP/htdocs/index.php(18): CWebApplication->run()
REQUEST_URI=/vendor/thankyou2/css/styles.css.map
2019/06/21 19:08:02 [error] [php] Trying to get property 'template_type' of non-object (/Applications/MAMP/htdocs/protected/controllers/LandingpagesController.php:327)
Stack trace:
#0 /Applications/MAMP/htdocs/yii-1.1.14.f0fee9/framework/web/actions/CInlineAction.php(47): CInlineAction->runWithParamsInternal()
#1 /Applications/MAMP/htdocs/yii-1.1.14.f0fee9/framework/web/CController.php(308): CInlineAction->runWithParams()
#2 /Applications/MAMP/htdocs/yii-1.1.14.f0fee9/framework/web/CController.php(286): LandingpagesController->runAction()
#3 /Applications/MAMP/htdocs/yii-1.1.14.f0fee9/framework/web/CController.php(265): LandingpagesController->runActionWithFilters()
#4 /Applications/MAMP/htdocs/yii-1.1.14.f0fee9/framework/web/CWebApplication.php(282): LandingpagesController->run()
#5 /Applications/MAMP/htdocs/yii-1.1.14.f0fee9/framework/web/CWebApplication.php(141): CWebApplication->runController()
#6 /Applications/MAMP/htdocs/yii-1.1.14.f0fee9/framework/base/CApplication.php(180): CWebApplication->processRequest()
#7 /Applications/MAMP/htdocs/index.php(18): CWebApplication->run()
REQUEST_URI=/vendor/thankyou2/css/styles.css.map
2019/06/21 19:10:36 [error] [php] Trying to get property 'template_type' of non-object (/Applications/MAMP/htdocs/protected/controllers/LandingpagesController.php:327)
Stack trace:
#0 /Applications/MAMP/htdocs/yii-1.1.14.f0fee9/framework/web/actions/CInlineAction.php(47): CInlineAction->runWithParamsInternal()
#1 /Applications/MAMP/htdocs/yii-1.1.14.f0fee9/framework/web/CController.php(308): CInlineAction->runWithParams()
#2 /Applications/MAMP/htdocs/yii-1.1.14.f0fee9/framework/web/CController.php(286): LandingpagesController->runAction()
#3 /Applications/MAMP/htdocs/yii-1.1.14.f0fee9/framework/web/CController.php(265): LandingpagesController->runActionWithFilters()
#4 /Applications/MAMP/htdocs/yii-1.1.14.f0fee9/framework/web/CWebApplication.php(282): LandingpagesController->run()
#5 /Applications/MAMP/htdocs/yii-1.1.14.f0fee9/framework/web/CWebApplication.php(141): CWebApplication->runController()
#6 /Applications/MAMP/htdocs/yii-1.1.14.f0fee9/framework/base/CApplication.php(180): CWebApplication->processRequest()
#7 /Applications/MAMP/htdocs/index.php(18): CWebApplication->run()
REQUEST_URI=/vendor/thankyou2/css/styles.css.map
2019/06/21 19:11:35 [error] [php] Trying to get property 'template_type' of non-object (/Applications/MAMP/htdocs/protected/controllers/LandingpagesController.php:327)
Stack trace:
#0 /Applications/MAMP/htdocs/yii-1.1.14.f0fee9/framework/web/actions/CInlineAction.php(47): CInlineAction->runWithParamsInternal()
#1 /Applications/MAMP/htdocs/yii-1.1.14.f0fee9/framework/web/CController.php(308): CInlineAction->runWithParams()
#2 /Applications/MAMP/htdocs/yii-1.1.14.f0fee9/framework/web/CController.php(286): LandingpagesController->runAction()
#3 /Applications/MAMP/htdocs/yii-1.1.14.f0fee9/framework/web/CController.php(265): LandingpagesController->runActionWithFilters()
#4 /Applications/MAMP/htdocs/yii-1.1.14.f0fee9/framework/web/CWebApplication.php(282): LandingpagesController->run()
#5 /Applications/MAMP/htdocs/yii-1.1.14.f0fee9/framework/web/CWebApplication.php(141): CWebApplication->runController()
#6 /Applications/MAMP/htdocs/yii-1.1.14.f0fee9/framework/base/CApplication.php(180): CWebApplication->processRequest()
#7 /Applications/MAMP/htdocs/index.php(18): CWebApplication->run()
REQUEST_URI=/vendor/thankyou2/css/styles.css.map
2019/06/21 19:12:02 [error] [php] Trying to get property 'template_type' of non-object (/Applications/MAMP/htdocs/protected/controllers/LandingpagesController.php:327)
Stack trace:
#0 /Applications/MAMP/htdocs/yii-1.1.14.f0fee9/framework/web/actions/CInlineAction.php(47): CInlineAction->runWithParamsInternal()
#1 /Applications/MAMP/htdocs/yii-1.1.14.f0fee9/framework/web/CController.php(308): CInlineAction->runWithParams()
#2 /Applications/MAMP/htdocs/yii-1.1.14.f0fee9/framework/web/CController.php(286): LandingpagesController->runAction()
#3 /Applications/MAMP/htdocs/yii-1.1.14.f0fee9/framework/web/CController.php(265): LandingpagesController->runActionWithFilters()
#4 /Applications/MAMP/htdocs/yii-1.1.14.f0fee9/framework/web/CWebApplication.php(282): LandingpagesController->run()
#5 /Applications/MAMP/htdocs/yii-1.1.14.f0fee9/framework/web/CWebApplication.php(141): CWebApplication->runController()
#6 /Applications/MAMP/htdocs/yii-1.1.14.f0fee9/framework/base/CApplication.php(180): CWebApplication->processRequest()
#7 /Applications/MAMP/htdocs/index.php(18): CWebApplication->run()
REQUEST_URI=/vendor/thankyou2/css/styles.css.map
2019/06/21 19:12:20 [error] [php] Trying to get property 'template_type' of non-object (/Applications/MAMP/htdocs/protected/controllers/LandingpagesController.php:327)
Stack trace:
#0 /Applications/MAMP/htdocs/yii-1.1.14.f0fee9/framework/web/actions/CInlineAction.php(47): CInlineAction->runWithParamsInternal()
#1 /Applications/MAMP/htdocs/yii-1.1.14.f0fee9/framework/web/CController.php(308): CInlineAction->runWithParams()
#2 /Applications/MAMP/htdocs/yii-1.1.14.f0fee9/framework/web/CController.php(286): LandingpagesController->runAction()
#3 /Applications/MAMP/htdocs/yii-1.1.14.f0fee9/framework/web/CController.php(265): LandingpagesController->runActionWithFilters()
#4 /Applications/MAMP/htdocs/yii-1.1.14.f0fee9/framework/web/CWebApplication.php(282): LandingpagesController->run()
#5 /Applications/MAMP/htdocs/yii-1.1.14.f0fee9/framework/web/CWebApplication.php(141): CWebApplication->runController()
#6 /Applications/MAMP/htdocs/yii-1.1.14.f0fee9/framework/base/CApplication.php(180): CWebApplication->processRequest()
#7 /Applications/MAMP/htdocs/index.php(18): CWebApplication->run()
REQUEST_URI=/vendor/thankyou2/css/styles.css.map
2019/06/21 19:12:33 [error] [php] Trying to get property 'template_type' of non-object (/Applications/MAMP/htdocs/protected/controllers/LandingpagesController.php:327)
Stack trace:
#0 /Applications/MAMP/htdocs/yii-1.1.14.f0fee9/framework/web/actions/CInlineAction.php(47): CInlineAction->runWithParamsInternal()
#1 /Applications/MAMP/htdocs/yii-1.1.14.f0fee9/framework/web/CController.php(308): CInlineAction->runWithParams()
#2 /Applications/MAMP/htdocs/yii-1.1.14.f0fee9/framework/web/CController.php(286): LandingpagesController->runAction()
#3 /Applications/MAMP/htdocs/yii-1.1.14.f0fee9/framework/web/CController.php(265): LandingpagesController->runActionWithFilters()
#4 /Applications/MAMP/htdocs/yii-1.1.14.f0fee9/framework/web/CWebApplication.php(282): LandingpagesController->run()
#5 /Applications/MAMP/htdocs/yii-1.1.14.f0fee9/framework/web/CWebApplication.php(141): CWebApplication->runController()
#6 /Applications/MAMP/htdocs/yii-1.1.14.f0fee9/framework/base/CApplication.php(180): CWebApplication->processRequest()
#7 /Applications/MAMP/htdocs/index.php(18): CWebApplication->run()
REQUEST_URI=/vendor/thankyou2/css/styles.css.map
2019/06/21 19:12:45 [error] [php] Trying to get property 'template_type' of non-object (/Applications/MAMP/htdocs/protected/controllers/LandingpagesController.php:327)
Stack trace:
#0 /Applications/MAMP/htdocs/yii-1.1.14.f0fee9/framework/web/actions/CInlineAction.php(47): CInlineAction->runWithParamsInternal()
#1 /Applications/MAMP/htdocs/yii-1.1.14.f0fee9/framework/web/CController.php(308): CInlineAction->runWithParams()
#2 /Applications/MAMP/htdocs/yii-1.1.14.f0fee9/framework/web/CController.php(286): LandingpagesController->runAction()
#3 /Applications/MAMP/htdocs/yii-1.1.14.f0fee9/framework/web/CController.php(265): LandingpagesController->runActionWithFilters()
#4 /Applications/MAMP/htdocs/yii-1.1.14.f0fee9/framework/web/CWebApplication.php(282): LandingpagesController->run()
#5 /Applications/MAMP/htdocs/yii-1.1.14.f0fee9/framework/web/CWebApplication.php(141): CWebApplication->runController()
#6 /Applications/MAMP/htdocs/yii-1.1.14.f0fee9/framework/base/CApplication.php(180): CWebApplication->processRequest()
#7 /Applications/MAMP/htdocs/index.php(18): CWebApplication->run()
REQUEST_URI=/vendor/thankyou2/css/styles.css.map
2019/06/21 19:13:19 [error] [php] Trying to get property 'template_type' of non-object (/Applications/MAMP/htdocs/protected/controllers/LandingpagesController.php:327)
Stack trace:
#0 /Applications/MAMP/htdocs/yii-1.1.14.f0fee9/framework/web/actions/CInlineAction.php(47): CInlineAction->runWithParamsInternal()
#1 /Applications/MAMP/htdocs/yii-1.1.14.f0fee9/framework/web/CController.php(308): CInlineAction->runWithParams()
#2 /Applications/MAMP/htdocs/yii-1.1.14.f0fee9/framework/web/CController.php(286): LandingpagesController->runAction()
#3 /Applications/MAMP/htdocs/yii-1.1.14.f0fee9/framework/web/CController.php(265): LandingpagesController->runActionWithFilters()
#4 /Applications/MAMP/htdocs/yii-1.1.14.f0fee9/framework/web/CWebApplication.php(282): LandingpagesController->run()
#5 /Applications/MAMP/htdocs/yii-1.1.14.f0fee9/framework/web/CWebApplication.php(141): CWebApplication->runController()
#6 /Applications/MAMP/htdocs/yii-1.1.14.f0fee9/framework/base/CApplication.php(180): CWebApplication->processRequest()
#7 /Applications/MAMP/htdocs/index.php(18): CWebApplication->run()
REQUEST_URI=/vendor/thankyou2/css/styles.css.map
2019/06/21 19:14:23 [error] [php] Trying to get property 'template_type' of non-object (/Applications/MAMP/htdocs/protected/controllers/LandingpagesController.php:327)
Stack trace:
#0 /Applications/MAMP/htdocs/yii-1.1.14.f0fee9/framework/web/actions/CInlineAction.php(47): CInlineAction->runWithParamsInternal()
#1 /Applications/MAMP/htdocs/yii-1.1.14.f0fee9/framework/web/CController.php(308): CInlineAction->runWithParams()
#2 /Applications/MAMP/htdocs/yii-1.1.14.f0fee9/framework/web/CController.php(286): LandingpagesController->runAction()
#3 /Applications/MAMP/htdocs/yii-1.1.14.f0fee9/framework/web/CController.php(265): LandingpagesController->runActionWithFilters()
#4 /Applications/MAMP/htdocs/yii-1.1.14.f0fee9/framework/web/CWebApplication.php(282): LandingpagesController->run()
#5 /Applications/MAMP/htdocs/yii-1.1.14.f0fee9/framework/web/CWebApplication.php(141): CWebApplication->runController()
#6 /Applications/MAMP/htdocs/yii-1.1.14.f0fee9/framework/base/CApplication.php(180): CWebApplication->processRequest()
#7 /Applications/MAMP/htdocs/index.php(18): CWebApplication->run()
REQUEST_URI=/vendor/thankyou2/css/styles.css.map
2019/06/21 19:14:40 [error] [php] Trying to get property 'template_type' of non-object (/Applications/MAMP/htdocs/protected/controllers/LandingpagesController.php:327)
Stack trace:
#0 /Applications/MAMP/htdocs/yii-1.1.14.f0fee9/framework/web/actions/CInlineAction.php(47): CInlineAction->runWithParamsInternal()
#1 /Applications/MAMP/htdocs/yii-1.1.14.f0fee9/framework/web/CController.php(308): CInlineAction->runWithParams()
#2 /Applications/MAMP/htdocs/yii-1.1.14.f0fee9/framework/web/CController.php(286): LandingpagesController->runAction()
#3 /Applications/MAMP/htdocs/yii-1.1.14.f0fee9/framework/web/CController.php(265): LandingpagesController->runActionWithFilters()
#4 /Applications/MAMP/htdocs/yii-1.1.14.f0fee9/framework/web/CWebApplication.php(282): LandingpagesController->run()
#5 /Applications/MAMP/htdocs/yii-1.1.14.f0fee9/framework/web/CWebApplication.php(141): CWebApplication->runController()
#6 /Applications/MAMP/htdocs/yii-1.1.14.f0fee9/framework/base/CApplication.php(180): CWebApplication->processRequest()
#7 /Applications/MAMP/htdocs/index.php(18): CWebApplication->run()
REQUEST_URI=/vendor/thankyou2/css/styles.css.map
2019/06/21 19:15:12 [error] [php] Trying to get property 'template_type' of non-object (/Applications/MAMP/htdocs/protected/controllers/LandingpagesController.php:327)
Stack trace:
#0 /Applications/MAMP/htdocs/yii-1.1.14.f0fee9/framework/web/actions/CInlineAction.php(47): CInlineAction->runWithParamsInternal()
#1 /Applications/MAMP/htdocs/yii-1.1.14.f0fee9/framework/web/CController.php(308): CInlineAction->runWithParams()
#2 /Applications/MAMP/htdocs/yii-1.1.14.f0fee9/framework/web/CController.php(286): LandingpagesController->runAction()
#3 /Applications/MAMP/htdocs/yii-1.1.14.f0fee9/framework/web/CController.php(265): LandingpagesController->runActionWithFilters()
#4 /Applications/MAMP/htdocs/yii-1.1.14.f0fee9/framework/web/CWebApplication.php(282): LandingpagesController->run()
#5 /Applications/MAMP/htdocs/yii-1.1.14.f0fee9/framework/web/CWebApplication.php(141): CWebApplication->runController()
#6 /Applications/MAMP/htdocs/yii-1.1.14.f0fee9/framework/base/CApplication.php(180): CWebApplication->processRequest()
#7 /Applications/MAMP/htdocs/index.php(18): CWebApplication->run()
REQUEST_URI=/vendor/thankyou2/css/styles.css.map
2019/06/21 19:16:29 [error] [php] Trying to get property 'template_type' of non-object (/Applications/MAMP/htdocs/protected/controllers/LandingpagesController.php:327)
Stack trace:
#0 /Applications/MAMP/htdocs/yii-1.1.14.f0fee9/framework/web/actions/CInlineAction.php(47): CInlineAction->runWithParamsInternal()
#1 /Applications/MAMP/htdocs/yii-1.1.14.f0fee9/framework/web/CController.php(308): CInlineAction->runWithParams()
#2 /Applications/MAMP/htdocs/yii-1.1.14.f0fee9/framework/web/CController.php(286): LandingpagesController->runAction()
#3 /Applications/MAMP/htdocs/yii-1.1.14.f0fee9/framework/web/CController.php(265): LandingpagesController->runActionWithFilters()
#4 /Applications/MAMP/htdocs/yii-1.1.14.f0fee9/framework/web/CWebApplication.php(282): LandingpagesController->run()
#5 /Applications/MAMP/htdocs/yii-1.1.14.f0fee9/framework/web/CWebApplication.php(141): CWebApplication->runController()
#6 /Applications/MAMP/htdocs/yii-1.1.14.f0fee9/framework/base/CApplication.php(180): CWebApplication->processRequest()
#7 /Applications/MAMP/htdocs/index.php(18): CWebApplication->run()
REQUEST_URI=/vendor/thankyou2/css/styles.css.map
2019/06/21 19:19:33 [error] [php] Trying to get property 'template_type' of non-object (/Applications/MAMP/htdocs/protected/controllers/LandingpagesController.php:327)
Stack trace:
#0 /Applications/MAMP/htdocs/yii-1.1.14.f0fee9/framework/web/actions/CInlineAction.php(47): CInlineAction->runWithParamsInternal()
#1 /Applications/MAMP/htdocs/yii-1.1.14.f0fee9/framework/web/CController.php(308): CInlineAction->runWithParams()
#2 /Applications/MAMP/htdocs/yii-1.1.14.f0fee9/framework/web/CController.php(286): LandingpagesController->runAction()
#3 /Applications/MAMP/htdocs/yii-1.1.14.f0fee9/framework/web/CController.php(265): LandingpagesController->runActionWithFilters()
#4 /Applications/MAMP/htdocs/yii-1.1.14.f0fee9/framework/web/CWebApplication.php(282): LandingpagesController->run()
#5 /Applications/MAMP/htdocs/yii-1.1.14.f0fee9/framework/web/CWebApplication.php(141): CWebApplication->runController()
#6 /Applications/MAMP/htdocs/yii-1.1.14.f0fee9/framework/base/CApplication.php(180): CWebApplication->processRequest()
#7 /Applications/MAMP/htdocs/index.php(18): CWebApplication->run()
REQUEST_URI=/vendor/thankyou2/css/styles.css.map
2019/06/21 19:20:20 [error] [php] Trying to get property 'template_type' of non-object (/Applications/MAMP/htdocs/protected/controllers/LandingpagesController.php:327)
Stack trace:
#0 /Applications/MAMP/htdocs/yii-1.1.14.f0fee9/framework/web/actions/CInlineAction.php(47): CInlineAction->runWithParamsInternal()
#1 /Applications/MAMP/htdocs/yii-1.1.14.f0fee9/framework/web/CController.php(308): CInlineAction->runWithParams()
#2 /Applications/MAMP/htdocs/yii-1.1.14.f0fee9/framework/web/CController.php(286): LandingpagesController->runAction()
#3 /Applications/MAMP/htdocs/yii-1.1.14.f0fee9/framework/web/CController.php(265): LandingpagesController->runActionWithFilters()
#4 /Applications/MAMP/htdocs/yii-1.1.14.f0fee9/framework/web/CWebApplication.php(282): LandingpagesController->run()
#5 /Applications/MAMP/htdocs/yii-1.1.14.f0fee9/framework/web/CWebApplication.php(141): CWebApplication->runController()
#6 /Applications/MAMP/htdocs/yii-1.1.14.f0fee9/framework/base/CApplication.php(180): CWebApplication->processRequest()
#7 /Applications/MAMP/htdocs/index.php(18): CWebApplication->run()
REQUEST_URI=/vendor/thankyou2/css/styles.css.map
2019/06/21 19:21:46 [error] [php] Trying to get property 'template_type' of non-object (/Applications/MAMP/htdocs/protected/controllers/LandingpagesController.php:327)
Stack trace:
#0 /Applications/MAMP/htdocs/yii-1.1.14.f0fee9/framework/web/actions/CInlineAction.php(47): CInlineAction->runWithParamsInternal()
#1 /Applications/MAMP/htdocs/yii-1.1.14.f0fee9/framework/web/CController.php(308): CInlineAction->runWithParams()
#2 /Applications/MAMP/htdocs/yii-1.1.14.f0fee9/framework/web/CController.php(286): LandingpagesController->runAction()
#3 /Applications/MAMP/htdocs/yii-1.1.14.f0fee9/framework/web/CController.php(265): LandingpagesController->runActionWithFilters()
#4 /Applications/MAMP/htdocs/yii-1.1.14.f0fee9/framework/web/CWebApplication.php(282): LandingpagesController->run()
#5 /Applications/MAMP/htdocs/yii-1.1.14.f0fee9/framework/web/CWebApplication.php(141): CWebApplication->runController()
#6 /Applications/MAMP/htdocs/yii-1.1.14.f0fee9/framework/base/CApplication.php(180): CWebApplication->processRequest()
#7 /Applications/MAMP/htdocs/index.php(18): CWebApplication->run()
REQUEST_URI=/vendor/thankyou2/css/styles.css.map
2019/06/21 19:22:44 [error] [php] Trying to get property 'template_type' of non-object (/Applications/MAMP/htdocs/protected/controllers/LandingpagesController.php:327)
Stack trace:
#0 /Applications/MAMP/htdocs/yii-1.1.14.f0fee9/framework/web/actions/CInlineAction.php(47): CInlineAction->runWithParamsInternal()
#1 /Applications/MAMP/htdocs/yii-1.1.14.f0fee9/framework/web/CController.php(308): CInlineAction->runWithParams()
#2 /Applications/MAMP/htdocs/yii-1.1.14.f0fee9/framework/web/CController.php(286): LandingpagesController->runAction()
#3 /Applications/MAMP/htdocs/yii-1.1.14.f0fee9/framework/web/CController.php(265): LandingpagesController->runActionWithFilters()
#4 /Applications/MAMP/htdocs/yii-1.1.14.f0fee9/framework/web/CWebApplication.php(282): LandingpagesController->run()
#5 /Applications/MAMP/htdocs/yii-1.1.14.f0fee9/framework/web/CWebApplication.php(141): CWebApplication->runController()
#6 /Applications/MAMP/htdocs/yii-1.1.14.f0fee9/framework/base/CApplication.php(180): CWebApplication->processRequest()
#7 /Applications/MAMP/htdocs/index.php(18): CWebApplication->run()
REQUEST_URI=/vendor/thankyou2/css/styles.css.map
2019/06/21 19:23:37 [error] [php] Trying to get property 'template_type' of non-object (/Applications/MAMP/htdocs/protected/controllers/LandingpagesController.php:327)
Stack trace:
#0 /Applications/MAMP/htdocs/yii-1.1.14.f0fee9/framework/web/actions/CInlineAction.php(47): CInlineAction->runWithParamsInternal()
#1 /Applications/MAMP/htdocs/yii-1.1.14.f0fee9/framework/web/CController.php(308): CInlineAction->runWithParams()
#2 /Applications/MAMP/htdocs/yii-1.1.14.f0fee9/framework/web/CController.php(286): LandingpagesController->runAction()
#3 /Applications/MAMP/htdocs/yii-1.1.14.f0fee9/framework/web/CController.php(265): LandingpagesController->runActionWithFilters()
#4 /Applications/MAMP/htdocs/yii-1.1.14.f0fee9/framework/web/CWebApplication.php(282): LandingpagesController->run()
#5 /Applications/MAMP/htdocs/yii-1.1.14.f0fee9/framework/web/CWebApplication.php(141): CWebApplication->runController()
#6 /Applications/MAMP/htdocs/yii-1.1.14.f0fee9/framework/base/CApplication.php(180): CWebApplication->processRequest()
#7 /Applications/MAMP/htdocs/index.php(18): CWebApplication->run()
REQUEST_URI=/vendor/thankyou2/css/styles.css.map
2019/06/21 19:24:17 [error] [php] Trying to get property 'template_type' of non-object (/Applications/MAMP/htdocs/protected/controllers/LandingpagesController.php:327)
Stack trace:
#0 /Applications/MAMP/htdocs/yii-1.1.14.f0fee9/framework/web/actions/CInlineAction.php(47): CInlineAction->runWithParamsInternal()
#1 /Applications/MAMP/htdocs/yii-1.1.14.f0fee9/framework/web/CController.php(308): CInlineAction->runWithParams()
#2 /Applications/MAMP/htdocs/yii-1.1.14.f0fee9/framework/web/CController.php(286): LandingpagesController->runAction()
#3 /Applications/MAMP/htdocs/yii-1.1.14.f0fee9/framework/web/CController.php(265): LandingpagesController->runActionWithFilters()
#4 /Applications/MAMP/htdocs/yii-1.1.14.f0fee9/framework/web/CWebApplication.php(282): LandingpagesController->run()
#5 /Applications/MAMP/htdocs/yii-1.1.14.f0fee9/framework/web/CWebApplication.php(141): CWebApplication->runController()
#6 /Applications/MAMP/htdocs/yii-1.1.14.f0fee9/framework/base/CApplication.php(180): CWebApplication->processRequest()
#7 /Applications/MAMP/htdocs/index.php(18): CWebApplication->run()
REQUEST_URI=/vendor/thankyou2/css/styles.css.map
